<?xml version="1.0" encoding="utf-8"?>
<TestRun id="e03d21e1-ec7f-4d56-a102-e78e982deec0" name="@MacBook-Pro-de-Aristide 2024-11-12 09:52:38" xmlns="http://microsoft.com/schemas/VisualStudio/TeamTest/2010">
  <Times creation="2024-11-12T09:52:38.6296830+01:00" queuing="2024-11-12T09:52:38.6296830+01:00" start="2024-11-12T09:52:38.2442610+01:00" finish="2024-11-12T09:52:38.6421920+01:00" />
  <TestSettings name="default" id="27d005c9-041d-4d73-9130-6198dff661cc">
    <Deployment runDeploymentRoot="_MacBook-Pro-de-Aristide_2024-11-12_09_52_38" />
  </TestSettings>
  <Results>
    <UnitTestResult executionId="dd9eea2c-f0cb-4397-8394-1a5eb23e8160" testId="2c58a7d8-dc1c-82e5-5f1f-b75b184182b7" testName="Place.Api.Profile.Unit.Tests.Domain.PhoneNumberTests.Format_WithDefaultParameter_ShouldUseInternationalFormat(number: &quot;+33612345678&quot;, expected: &quot;+33 6 12 34 56 78&quot;)" computerName="MacBook-Pro-de-Aristide" duration="00:00:00.0000484" startTime="2024-11-12T09:52:38.6145970+01:00" endTime="2024-11-12T09:52:38.6145970+01:00" testType="13cdc9d9-ddb5-4fa4-a97d-d965ccfc6d4b" outcome="Passed" testListId="8c84fa94-04c1-424b-9868-57a2d4851a1d" relativeResultsDirectory="dd9eea2c-f0cb-4397-8394-1a5eb23e8160" />
    <UnitTestResult executionId="7182c9e2-8064-4a87-9a1a-cc04696e928d" testId="150dcf67-5a40-7df4-79f1-c546e01caa5d" testName="Place.Api.Profile.Unit.Tests.Domain.PersonalInfoTests.Builder_ShouldThrowException_ForInvalidLastName(invalidLastName: &quot;&quot;)" computerName="MacBook-Pro-de-Aristide" duration="00:00:00.0001436" startTime="2024-11-12T09:52:38.5965410+01:00" endTime="2024-11-12T09:52:38.5965410+01:00" testType="13cdc9d9-ddb5-4fa4-a97d-d965ccfc6d4b" outcome="Passed" testListId="8c84fa94-04c1-424b-9868-57a2d4851a1d" relativeResultsDirectory="7182c9e2-8064-4a87-9a1a-cc04696e928d" />
    <UnitTestResult executionId="75140f4e-4bea-472b-b819-8ee079972271" testId="d0ca6fda-e00d-1992-c726-0d1a815499f1" testName="Place.Api.Profile.Unit.Tests.Domain.PersonalInfoTests.Builder_ShouldThrowException_ForInvalidDateOfBirth(invalidDateOfBirthString: &quot;1800-01-01&quot;)" computerName="MacBook-Pro-de-Aristide" duration="00:00:00.0002691" startTime="2024-11-12T09:52:38.6120510+01:00" endTime="2024-11-12T09:52:38.6120510+01:00" testType="13cdc9d9-ddb5-4fa4-a97d-d965ccfc6d4b" outcome="Passed" testListId="8c84fa94-04c1-424b-9868-57a2d4851a1d" relativeResultsDirectory="75140f4e-4bea-472b-b819-8ee079972271" />
    <UnitTestResult executionId="bc1d31c0-fc5e-4d2a-9a03-28941fc0850f" testId="7d5a16dc-dd22-f023-5ddb-e0d073d5b26a" testName="Place.Api.Profile.Unit.Tests.Domain.PhoneNumberTests.Parse_WithInvalidRegion_ShouldReturnError(number: &quot;0612345678&quot;, region: &quot;XX&quot;)" computerName="MacBook-Pro-de-Aristide" duration="00:00:00.0000486" startTime="2024-11-12T09:52:38.6148490+01:00" endTime="2024-11-12T09:52:38.6148490+01:00" testType="13cdc9d9-ddb5-4fa4-a97d-d965ccfc6d4b" outcome="Passed" testListId="8c84fa94-04c1-424b-9868-57a2d4851a1d" relativeResultsDirectory="bc1d31c0-fc5e-4d2a-9a03-28941fc0850f" />
    <UnitTestResult executionId="ede58707-6003-4693-b4d6-eff8883e686a" testId="d79efce8-9289-1ae0-c53e-f9f5897fd87d" testName="Place.Api.Profile.Unit.Tests.Domain.AddressTests.Create_WithNullOrEmptyOptionalFields_ShouldSucceed(street: &quot;123 Main St&quot;, zipCode: null, city: &quot;New York&quot;, country: &quot;USA&quot;)" computerName="MacBook-Pro-de-Aristide" duration="00:00:00.0000522" startTime="2024-11-12T09:52:38.5959870+01:00" endTime="2024-11-12T09:52:38.5959870+01:00" testType="13cdc9d9-ddb5-4fa4-a97d-d965ccfc6d4b" outcome="Passed" testListId="8c84fa94-04c1-424b-9868-57a2d4851a1d" relativeResultsDirectory="ede58707-6003-4693-b4d6-eff8883e686a" />
    <UnitTestResult executionId="dc5917ec-efac-425f-9224-6e2938fec56d" testId="0b15422a-0cfd-5ed9-745d-09f0fd6f6aa3" testName="Place.Api.Profile.Unit.Tests.Domain.EmailTests.Create_WithUpperCaseEmail_ShouldNormalizeToLowerCase(input: &quot;TEST@EXAMPLE.COM&quot;, expected: &quot;test@example.com&quot;)" computerName="MacBook-Pro-de-Aristide" duration="00:00:00.0000561" startTime="2024-11-12T09:52:38.5970200+01:00" endTime="2024-11-12T09:52:38.5970200+01:00" testType="13cdc9d9-ddb5-4fa4-a97d-d965ccfc6d4b" outcome="Passed" testListId="8c84fa94-04c1-424b-9868-57a2d4851a1d" relativeResultsDirectory="dc5917ec-efac-425f-9224-6e2938fec56d" />
    <UnitTestResult executionId="d8038280-461a-457f-a104-5928ecccb4de" testId="507acf90-f098-aa2e-9031-095494662159" testName="Place.Api.Profile.Unit.Tests.Domain.AddressTests.Create_WithNullOrEmptyOptionalFields_ShouldSucceed(street: null, zipCode: null, city: &quot;New York&quot;, country: &quot;USA&quot;)" computerName="MacBook-Pro-de-Aristide" duration="00:00:00.0002124" startTime="2024-11-12T09:52:38.5959650+01:00" endTime="2024-11-12T09:52:38.5959650+01:00" testType="13cdc9d9-ddb5-4fa4-a97d-d965ccfc6d4b" outcome="Passed" testListId="8c84fa94-04c1-424b-9868-57a2d4851a1d" relativeResultsDirectory="d8038280-461a-457f-a104-5928ecccb4de" />
    <UnitTestResult executionId="ad857ce6-6345-44af-a6a0-f4176675a49c" testId="3304ac66-87f7-c78e-4faa-6d7bb86ac298" testName="Place.Api.Profile.Unit.Tests.Domain.ProfileTests.Create_WithValidData_ShouldSucceed(email: &quot;another@test.co.uk&quot;)" computerName="MacBook-Pro-de-Aristide" duration="00:00:00.0007592" startTime="2024-11-12T09:52:38.6127520+01:00" endTime="2024-11-12T09:52:38.6127520+01:00" testType="13cdc9d9-ddb5-4fa4-a97d-d965ccfc6d4b" outcome="Passed" testListId="8c84fa94-04c1-424b-9868-57a2d4851a1d" relativeResultsDirectory="ad857ce6-6345-44af-a6a0-f4176675a49c" />
    <UnitTestResult executionId="b7507b34-f341-4808-a9c9-6f16c318ec32" testId="05b5c67d-b71a-9eea-b77c-af87db3ffac7" testName="Place.Api.Profile.Unit.Tests.Domain.PersonalInfoTests.Builder_ShouldThrowException_ForInvalidLastName(invalidLastName: &quot;   &quot;)" computerName="MacBook-Pro-de-Aristide" duration="00:00:00.0132110" startTime="2024-11-12T09:52:38.5958040+01:00" endTime="2024-11-12T09:52:38.5958040+01:00" testType="13cdc9d9-ddb5-4fa4-a97d-d965ccfc6d4b" outcome="Passed" testListId="8c84fa94-04c1-424b-9868-57a2d4851a1d" relativeResultsDirectory="b7507b34-f341-4808-a9c9-6f16c318ec32" />
    <UnitTestResult executionId="16446188-df9b-40f6-89e6-55f67aedb523" testId="e64a4e27-72eb-12ec-267c-967a3ff64f7a" testName="Place.Api.Profile.Unit.Tests.Domain.FirstNameTests.Create_WithExactMaxLength_ShouldSucceed" computerName="MacBook-Pro-de-Aristide" duration="00:00:00.0002968" startTime="2024-11-12T09:52:38.5950080+01:00" endTime="2024-11-12T09:52:38.5950080+01:00" testType="13cdc9d9-ddb5-4fa4-a97d-d965ccfc6d4b" outcome="Passed" testListId="8c84fa94-04c1-424b-9868-57a2d4851a1d" relativeResultsDirectory="16446188-df9b-40f6-89e6-55f67aedb523" />
    <UnitTestResult executionId="a63b1a8e-c252-44a8-ab5e-7bb4bc0e51dd" testId="e20dd9fa-9f8f-be72-b84e-eea08e38066c" testName="Place.Api.Profile.Unit.Tests.Domain.AddressTests.Create_WithTooLongFields_ShouldReturnError(streetLength: 100, zipCodeLength: 11, cityLength: 50, countryLength: 50, expectedError: &quot;Address.ZipCode.TooLong&quot;)" computerName="MacBook-Pro-de-Aristide" duration="00:00:00.0001373" startTime="2024-11-12T09:52:38.5923400+01:00" endTime="2024-11-12T09:52:38.5923400+01:00" testType="13cdc9d9-ddb5-4fa4-a97d-d965ccfc6d4b" outcome="Passed" testListId="8c84fa94-04c1-424b-9868-57a2d4851a1d" relativeResultsDirectory="a63b1a8e-c252-44a8-ab5e-7bb4bc0e51dd" />
    <UnitTestResult executionId="81760f41-cad2-4f97-b83c-77d3d7de02ea" testId="2e566cb5-189f-0d42-1c03-d00832908c0e" testName="Place.Api.Profile.Unit.Tests.Domain.PersonalInfoTests.Builder_ShouldThrowException_ForInvalidPhoneNumber(invalidPhoneNumber: &quot;not-a-number&quot;)" computerName="MacBook-Pro-de-Aristide" duration="00:00:00.0004975" startTime="2024-11-12T09:52:38.6142990+01:00" endTime="2024-11-12T09:52:38.6142990+01:00" testType="13cdc9d9-ddb5-4fa4-a97d-d965ccfc6d4b" outcome="Passed" testListId="8c84fa94-04c1-424b-9868-57a2d4851a1d" relativeResultsDirectory="81760f41-cad2-4f97-b83c-77d3d7de02ea" />
    <UnitTestResult executionId="f37da49f-877a-4ae3-9e41-fc1d560aaa97" testId="619aa759-6234-9c0c-8955-0e214bb99c46" testName="Place.Api.Profile.Unit.Tests.Domain.FirstNameTests.Create_WithEdgeCases_ShouldSucceed(validName: &quot;A A&quot;)" computerName="MacBook-Pro-de-Aristide" duration="00:00:00.0000020" startTime="2024-11-12T09:52:38.5945680+01:00" endTime="2024-11-12T09:52:38.5945680+01:00" testType="13cdc9d9-ddb5-4fa4-a97d-d965ccfc6d4b" outcome="Passed" testListId="8c84fa94-04c1-424b-9868-57a2d4851a1d" relativeResultsDirectory="f37da49f-877a-4ae3-9e41-fc1d560aaa97" />
    <UnitTestResult executionId="df7ee62c-c32a-40d8-9aa4-3f64bce495f2" testId="7adfb3d0-6107-eafc-f6c8-e091350f8d53" testName="Place.Api.Profile.Unit.Tests.Domain.FirstNameTests.ValueObject_EqualityBehavior_ShouldBeCorrect(value1: &quot;Jean-Paul&quot;, value2: &quot;Jean-pierre&quot;, shouldBeEqual: False)" computerName="MacBook-Pro-de-Aristide" duration="00:00:00.0000677" startTime="2024-11-12T09:52:38.5940320+01:00" endTime="2024-11-12T09:52:38.5940320+01:00" testType="13cdc9d9-ddb5-4fa4-a97d-d965ccfc6d4b" outcome="Passed" testListId="8c84fa94-04c1-424b-9868-57a2d4851a1d" relativeResultsDirectory="df7ee62c-c32a-40d8-9aa4-3f64bce495f2" />
    <UnitTestResult executionId="c2d6c199-3e03-46e3-b573-1934c42e4b45" testId="7bead1a2-abd9-8ec1-f2f2-717f13f0a0ab" testName="Place.Api.Profile.Unit.Tests.Domain.AddressTests.ToString_ShouldHandleNullFields(street: null, zipCode: &quot;12345&quot;, city: &quot;New York&quot;, country: &quot;USA&quot;, expected: &quot;12345 New York, USA&quot;)" computerName="MacBook-Pro-de-Aristide" duration="00:00:00.0000018" startTime="2024-11-12T09:52:38.5964740+01:00" endTime="2024-11-12T09:52:38.5964740+01:00" testType="13cdc9d9-ddb5-4fa4-a97d-d965ccfc6d4b" outcome="Passed" testListId="8c84fa94-04c1-424b-9868-57a2d4851a1d" relativeResultsDirectory="c2d6c199-3e03-46e3-b573-1934c42e4b45" />
    <UnitTestResult executionId="2abe6da0-ae4e-4e57-a70a-45c2bb04a051" testId="33b2fb33-d187-aacb-545c-6905697c31a0" testName="Place.Api.Profile.Unit.Tests.Domain.DateOfBirthTests.Create_WithValidDate_ShouldReturnExpectedInstance(validDate: 2006-11-12T00:00:00.0000000Z)" computerName="MacBook-Pro-de-Aristide" duration="00:00:00.0004816" startTime="2024-11-12T09:52:38.5950440+01:00" endTime="2024-11-12T09:52:38.5950440+01:00" testType="13cdc9d9-ddb5-4fa4-a97d-d965ccfc6d4b" outcome="Passed" testListId="8c84fa94-04c1-424b-9868-57a2d4851a1d" relativeResultsDirectory="2abe6da0-ae4e-4e57-a70a-45c2bb04a051" />
    <UnitTestResult executionId="54be42dd-6713-40f8-9f25-ee9bc5662131" testId="57062868-3da4-501d-767a-7c756a5c353b" testName="Place.Api.Profile.Unit.Tests.Domain.LastNameTests.Create_WithInvalidCharacters_ShouldReturnSpecificError(invalidName: &quot;Smith#Jones&quot;)" computerName="MacBook-Pro-de-Aristide" duration="00:00:00.0000677" startTime="2024-11-12T09:52:38.5929750+01:00" endTime="2024-11-12T09:52:38.5929750+01:00" testType="13cdc9d9-ddb5-4fa4-a97d-d965ccfc6d4b" outcome="Passed" testListId="8c84fa94-04c1-424b-9868-57a2d4851a1d" relativeResultsDirectory="54be42dd-6713-40f8-9f25-ee9bc5662131" />
    <UnitTestResult executionId="e7a3108d-eb37-407b-9c75-1989be2b46ac" testId="15587b1c-4382-47c3-71a1-f00934d70fc8" testName="Place.Api.Profile.Unit.Tests.Domain.PhoneNumberTests.Parse_WithValidInternationalNumber_ShouldSucceed(number: &quot;+33612345678&quot;)" computerName="MacBook-Pro-de-Aristide" duration="00:00:00.0000296" startTime="2024-11-12T09:52:38.6146360+01:00" endTime="2024-11-12T09:52:38.6146360+01:00" testType="13cdc9d9-ddb5-4fa4-a97d-d965ccfc6d4b" outcome="Passed" testListId="8c84fa94-04c1-424b-9868-57a2d4851a1d" relativeResultsDirectory="e7a3108d-eb37-407b-9c75-1989be2b46ac" />
    <UnitTestResult executionId="4b7e6108-356a-4a64-9218-e2a772b6e027" testId="ea7b8ab6-37ca-296b-1930-7d4f430c97a3" testName="Place.Api.Profile.Unit.Tests.Domain.PhoneNumberTests.GetHashCode_ShouldBeConsistentWithEquality" computerName="MacBook-Pro-de-Aristide" duration="00:00:00.0001720" startTime="2024-11-12T09:52:38.6107010+01:00" endTime="2024-11-12T09:52:38.6107010+01:00" testType="13cdc9d9-ddb5-4fa4-a97d-d965ccfc6d4b" outcome="Passed" testListId="8c84fa94-04c1-424b-9868-57a2d4851a1d" relativeResultsDirectory="4b7e6108-356a-4a64-9218-e2a772b6e027" />
    <UnitTestResult executionId="65f787bf-71c7-48cf-a1c1-3bc4becac9d1" testId="39ec1551-ff4e-60ac-1de8-6e4ea59d86c0" testName="Place.Api.Profile.Unit.Tests.Domain.LastNameTests.ValueObject_EqualityBehavior_ShouldBeCorrect(value1: &quot;Dupont&quot;, value2: &quot;Dupont&quot;, shouldBeEqual: True)" computerName="MacBook-Pro-de-Aristide" duration="00:00:00.0002330" startTime="2024-11-12T09:52:38.5950170+01:00" endTime="2024-11-12T09:52:38.5950170+01:00" testType="13cdc9d9-ddb5-4fa4-a97d-d965ccfc6d4b" outcome="Passed" testListId="8c84fa94-04c1-424b-9868-57a2d4851a1d" relativeResultsDirectory="65f787bf-71c7-48cf-a1c1-3bc4becac9d1" />
    <UnitTestResult executionId="99b98b07-7119-4046-b343-55474d4f3b3c" testId="98e41bd9-5700-fcf2-f44a-c52d3882cca6" testName="Place.Api.Profile.Unit.Tests.Domain.EmailTests.Create_WithInvalidFormat_ShouldReturnError(invalidEmail: &quot;user@.com&quot;)" computerName="MacBook-Pro-de-Aristide" duration="00:00:00.0048164" startTime="2024-11-12T09:52:38.5959760+01:00" endTime="2024-11-12T09:52:38.5959760+01:00" testType="13cdc9d9-ddb5-4fa4-a97d-d965ccfc6d4b" outcome="Passed" testListId="8c84fa94-04c1-424b-9868-57a2d4851a1d" relativeResultsDirectory="99b98b07-7119-4046-b343-55474d4f3b3c" />
    <UnitTestResult executionId="3af48060-c99d-44f2-b95c-a956a3a0819e" testId="7dec08ec-0adc-e59d-e08e-43ebc8149821" testName="Place.Api.Profile.Unit.Tests.Domain.FirstNameTests.Create_WithInvalidCharacters_ShouldReturnSpecificError(invalidName: &quot;John\\Smith&quot;)" computerName="MacBook-Pro-de-Aristide" duration="00:00:00.0000071" startTime="2024-11-12T09:52:38.5935690+01:00" endTime="2024-11-12T09:52:38.5935690+01:00" testType="13cdc9d9-ddb5-4fa4-a97d-d965ccfc6d4b" outcome="Passed" testListId="8c84fa94-04c1-424b-9868-57a2d4851a1d" relativeResultsDirectory="3af48060-c99d-44f2-b95c-a956a3a0819e" />
    <UnitTestResult executionId="a00386e8-1d2c-4730-a65d-92d0bc83ba0c" testId="df49eff2-02c8-72d0-6508-efd9c2f62ea6" testName="Place.Api.Profile.Unit.Tests.Domain.FirstNameTests.Create_WithInvalidCharacters_ShouldReturnSpecificError(invalidName: &quot;John+Smith&quot;)" computerName="MacBook-Pro-de-Aristide" duration="00:00:00.0000111" startTime="2024-11-12T09:52:38.5935160+01:00" endTime="2024-11-12T09:52:38.5935160+01:00" testType="13cdc9d9-ddb5-4fa4-a97d-d965ccfc6d4b" outcome="Passed" testListId="8c84fa94-04c1-424b-9868-57a2d4851a1d" relativeResultsDirectory="a00386e8-1d2c-4730-a65d-92d0bc83ba0c" />
    <UnitTestResult executionId="88fc54e4-90d2-4837-8523-d060347dfc81" testId="728fc689-3e75-0e79-55ea-105259e5e11b" testName="Place.Api.Profile.Unit.Tests.Domain.PhoneNumberTests.Equals_ShouldHandleValueEquality(number1: &quot;+33612345678&quot;, number2: &quot;+32612345678&quot;)" computerName="MacBook-Pro-de-Aristide" duration="00:00:00.0000504" startTime="2024-11-12T09:52:38.6137040+01:00" endTime="2024-11-12T09:52:38.6137040+01:00" testType="13cdc9d9-ddb5-4fa4-a97d-d965ccfc6d4b" outcome="Passed" testListId="8c84fa94-04c1-424b-9868-57a2d4851a1d" relativeResultsDirectory="88fc54e4-90d2-4837-8523-d060347dfc81" />
    <UnitTestResult executionId="7c2b05da-8ae6-42a8-a1e9-a6886f39cbb9" testId="e272bc82-ab92-1a63-55af-3e968207fa97" testName="Place.Api.Profile.Unit.Tests.Domain.PersonalInfoTests.Builder_ShouldThrowException_ForInvalidLastName(invalidLastName: null)" computerName="MacBook-Pro-de-Aristide" duration="00:00:00.0005882" startTime="2024-11-12T09:52:38.5965200+01:00" endTime="2024-11-12T09:52:38.5965200+01:00" testType="13cdc9d9-ddb5-4fa4-a97d-d965ccfc6d4b" outcome="Passed" testListId="8c84fa94-04c1-424b-9868-57a2d4851a1d" relativeResultsDirectory="7c2b05da-8ae6-42a8-a1e9-a6886f39cbb9" />
    <UnitTestResult executionId="5c2d325e-0169-45a8-a8a8-cbf8518c090a" testId="b870d0f3-1193-7a74-1891-62c3a6439a41" testName="Place.Api.Profile.Unit.Tests.Domain.FirstNameTests.Create_WithValidName_ShouldReturnExpectedInstance(validName: &quot;Jean-Pierre&quot;)" computerName="MacBook-Pro-de-Aristide" duration="00:00:00.0000050" startTime="2024-11-12T09:52:38.5923080+01:00" endTime="2024-11-12T09:52:38.5923080+01:00" testType="13cdc9d9-ddb5-4fa4-a97d-d965ccfc6d4b" outcome="Passed" testListId="8c84fa94-04c1-424b-9868-57a2d4851a1d" relativeResultsDirectory="5c2d325e-0169-45a8-a8a8-cbf8518c090a" />
    <UnitTestResult executionId="4137be03-0e40-416a-adf1-ce29a9dd9c56" testId="eae08a6f-c136-d372-52f0-8fff715ae005" testName="Place.Api.Profile.Unit.Tests.Domain.PhoneNumberTests.Parse_WithValidRegionalNumber_ShouldSucceed(number: &quot;699999999&quot;, countryCode: &quot;CM&quot;, expected: &quot;+237699999999&quot;)" computerName="MacBook-Pro-de-Aristide" duration="00:00:00.0001477" startTime="2024-11-12T09:52:38.6112610+01:00" endTime="2024-11-12T09:52:38.6112610+01:00" testType="13cdc9d9-ddb5-4fa4-a97d-d965ccfc6d4b" outcome="Passed" testListId="8c84fa94-04c1-424b-9868-57a2d4851a1d" relativeResultsDirectory="4137be03-0e40-416a-adf1-ce29a9dd9c56" />
    <UnitTestResult executionId="5f1a73aa-4eff-4f10-b08d-0aa193c5df6a" testId="b8124a9a-ff98-82e1-190e-3438e980d002" testName="Place.Api.Profile.Unit.Tests.Domain.FirstNameTests.Create_WithEdgeCases_ShouldSucceed(validName: &quot;AAAAAAAAAAAAAAAAAAAAAAAAAAAAAAAAAAAAAAAAAAAAAAAAAA&quot;···)" computerName="MacBook-Pro-de-Aristide" duration="00:00:00.0000039" startTime="2024-11-12T09:52:38.5945460+01:00" endTime="2024-11-12T09:52:38.5945460+01:00" testType="13cdc9d9-ddb5-4fa4-a97d-d965ccfc6d4b" outcome="Passed" testListId="8c84fa94-04c1-424b-9868-57a2d4851a1d" relativeResultsDirectory="5f1a73aa-4eff-4f10-b08d-0aa193c5df6a" />
    <UnitTestResult executionId="f071e30f-d8ed-4caa-a017-eccd402eddd5" testId="0d219765-4e59-9339-9a8e-e905779614a8" testName="Place.Api.Profile.Unit.Tests.Domain.ProfileTests.ProfileId_ImplicitConversion_ShouldConvertFromGuid" computerName="MacBook-Pro-de-Aristide" duration="00:00:00.0071670" startTime="2024-11-12T09:52:38.5729060+01:00" endTime="2024-11-12T09:52:38.5729060+01:00" testType="13cdc9d9-ddb5-4fa4-a97d-d965ccfc6d4b" outcome="Passed" testListId="8c84fa94-04c1-424b-9868-57a2d4851a1d" relativeResultsDirectory="f071e30f-d8ed-4caa-a017-eccd402eddd5" />
    <UnitTestResult executionId="7e5a1226-39d3-4463-b18a-80729a76eb81" testId="21ddb2b6-9ba4-48a8-0912-138613b4d59b" testName="Place.Api.Profile.Unit.Tests.Domain.FirstNameTests.ToString_ShouldReturnSameValueAsImplicitConversion" computerName="MacBook-Pro-de-Aristide" duration="00:00:00.0000918" startTime="2024-11-12T09:52:38.5948110+01:00" endTime="2024-11-12T09:52:38.5948110+01:00" testType="13cdc9d9-ddb5-4fa4-a97d-d965ccfc6d4b" outcome="Passed" testListId="8c84fa94-04c1-424b-9868-57a2d4851a1d" relativeResultsDirectory="7e5a1226-39d3-4463-b18a-80729a76eb81" />
    <UnitTestResult executionId="e39a2003-bfd8-4a12-9d9f-352edacb11ba" testId="a5e1fafd-2be9-0701-ae35-2b210fdfbf46" testName="Place.Api.Profile.Unit.Tests.Domain.FirstNameTests.Create_WithValidName_ShouldReturnExpectedInstance(validName: &quot;María José&quot;)" computerName="MacBook-Pro-de-Aristide" duration="00:00:00.0000044" startTime="2024-11-12T09:52:38.5923340+01:00" endTime="2024-11-12T09:52:38.5923340+01:00" testType="13cdc9d9-ddb5-4fa4-a97d-d965ccfc6d4b" outcome="Passed" testListId="8c84fa94-04c1-424b-9868-57a2d4851a1d" relativeResultsDirectory="e39a2003-bfd8-4a12-9d9f-352edacb11ba" />
    <UnitTestResult executionId="78995e1c-56c5-4bae-9b03-a4457e5667ae" testId="c1fca3a2-a8f2-e14e-9c86-e75315ff5ece" testName="Place.Api.Profile.Unit.Tests.Domain.EmailTests.Create_WithTotalLengthExceeding254_ShouldReturnError" computerName="MacBook-Pro-de-Aristide" duration="00:00:00.0000826" startTime="2024-11-12T09:52:38.5972800+01:00" endTime="2024-11-12T09:52:38.5972800+01:00" testType="13cdc9d9-ddb5-4fa4-a97d-d965ccfc6d4b" outcome="Passed" testListId="8c84fa94-04c1-424b-9868-57a2d4851a1d" relativeResultsDirectory="78995e1c-56c5-4bae-9b03-a4457e5667ae" />
    <UnitTestResult executionId="2de3e324-78f4-46e1-afa4-09c2cf239ec8" testId="69f0889b-ca12-1e76-019d-9c1a02e2c6ee" testName="Place.Api.Profile.Unit.Tests.Domain.FirstNameTests.Create_WithEdgeCases_ShouldSucceed(validName: &quot;A&quot;)" computerName="MacBook-Pro-de-Aristide" duration="00:00:00.0000016" startTime="2024-11-12T09:52:38.5945570+01:00" endTime="2024-11-12T09:52:38.5945570+01:00" testType="13cdc9d9-ddb5-4fa4-a97d-d965ccfc6d4b" outcome="Passed" testListId="8c84fa94-04c1-424b-9868-57a2d4851a1d" relativeResultsDirectory="2de3e324-78f4-46e1-afa4-09c2cf239ec8" />
    <UnitTestResult executionId="af65c46e-69ed-490e-b115-8c2fcdf105a5" testId="1a283735-2a21-bcc6-48dd-a41a86dac6f6" testName="Place.Api.Profile.Unit.Tests.Domain.EmailTests.Create_WithInvalidFormat_ShouldReturnError(invalidEmail: &quot;user.@example.com&quot;)" computerName="MacBook-Pro-de-Aristide" duration="00:00:00.0000022" startTime="2024-11-12T09:52:38.5965040+01:00" endTime="2024-11-12T09:52:38.5965040+01:00" testType="13cdc9d9-ddb5-4fa4-a97d-d965ccfc6d4b" outcome="Passed" testListId="8c84fa94-04c1-424b-9868-57a2d4851a1d" relativeResultsDirectory="af65c46e-69ed-490e-b115-8c2fcdf105a5" />
    <UnitTestResult executionId="93467326-d3b0-4026-a9f1-590e89bbfd2b" testId="2acbc396-c6c4-4a38-e974-7b05d60bfe6a" testName="Place.Api.Profile.Unit.Tests.Domain.PhoneNumberTests.Parse_WithEmptyCountryCode_ShouldReturnError(number: &quot;0612345678&quot;, countryCode: &quot; &quot;)" computerName="MacBook-Pro-de-Aristide" duration="00:00:00.0000316" startTime="2024-11-12T09:52:38.6142560+01:00" endTime="2024-11-12T09:52:38.6142560+01:00" testType="13cdc9d9-ddb5-4fa4-a97d-d965ccfc6d4b" outcome="Passed" testListId="8c84fa94-04c1-424b-9868-57a2d4851a1d" relativeResultsDirectory="93467326-d3b0-4026-a9f1-590e89bbfd2b" />
    <UnitTestResult executionId="41241979-550b-44a8-b6a9-45af2e8c003b" testId="cbaa2f4c-a535-852b-625f-f2560fbedb22" testName="Place.Api.Profile.Unit.Tests.Domain.EmailTests.ImplicitConversion_ToStringWorks" computerName="MacBook-Pro-de-Aristide" duration="00:00:00.0000601" startTime="2024-11-12T09:52:38.5970660+01:00" endTime="2024-11-12T09:52:38.5970660+01:00" testType="13cdc9d9-ddb5-4fa4-a97d-d965ccfc6d4b" outcome="Passed" testListId="8c84fa94-04c1-424b-9868-57a2d4851a1d" relativeResultsDirectory="41241979-550b-44a8-b6a9-45af2e8c003b" />
    <UnitTestResult executionId="3e867f84-00c3-45c5-a04f-1a6ef4ddc92d" testId="99d5feb9-0a3e-efaa-5391-ad2d4e566fcb" testName="Place.Api.Profile.Unit.Tests.Domain.LastNameTests.Create_WithNameExceedingMaxLength_ShouldReturnSpecificError(length: 101)" computerName="MacBook-Pro-de-Aristide" duration="00:00:00.0003424" startTime="2024-11-12T09:52:38.5955490+01:00" endTime="2024-11-12T09:52:38.5955490+01:00" testType="13cdc9d9-ddb5-4fa4-a97d-d965ccfc6d4b" outcome="Passed" testListId="8c84fa94-04c1-424b-9868-57a2d4851a1d" relativeResultsDirectory="3e867f84-00c3-45c5-a04f-1a6ef4ddc92d" />
    <UnitTestResult executionId="e8b25ccd-806c-443c-8f0a-e073f4aceeb9" testId="3e20cf48-c19f-be2f-7a9f-95e9f41a15ba" testName="Place.Api.Profile.Unit.Tests.Domain.DateOfBirthTests.Create_WithFutureDate_ShouldReturnError" computerName="MacBook-Pro-de-Aristide" duration="00:00:00.0004182" startTime="2024-11-12T09:52:38.5955360+01:00" endTime="2024-11-12T09:52:38.5955360+01:00" testType="13cdc9d9-ddb5-4fa4-a97d-d965ccfc6d4b" outcome="Passed" testListId="8c84fa94-04c1-424b-9868-57a2d4851a1d" relativeResultsDirectory="e8b25ccd-806c-443c-8f0a-e073f4aceeb9" />
    <UnitTestResult executionId="e848e8c9-3513-41a3-9a80-e136b76c6870" testId="d07ea478-ea48-ba78-2778-33f45adf298e" testName="Place.Api.Profile.Unit.Tests.Domain.ProfileTests.Create_WithInvalidEmail_ShouldFail(invalidEmail: &quot;&quot;)" computerName="MacBook-Pro-de-Aristide" duration="00:00:00.0000016" startTime="2024-11-12T09:52:38.6151210+01:00" endTime="2024-11-12T09:52:38.6151210+01:00" testType="13cdc9d9-ddb5-4fa4-a97d-d965ccfc6d4b" outcome="Passed" testListId="8c84fa94-04c1-424b-9868-57a2d4851a1d" relativeResultsDirectory="e848e8c9-3513-41a3-9a80-e136b76c6870" />
    <UnitTestResult executionId="ca29cfad-69f9-41ea-8400-38f79f71fcd8" testId="57f0776e-eaba-2c92-9716-8f2f84ce3d8f" testName="Place.Api.Profile.Unit.Tests.Domain.AddressTests.Create_WithInvalidRequiredFields_ShouldReturnError(street: null, zipCode: null, city: &quot;&quot;, country: &quot;USA&quot;, expectedError: &quot;Address.City.Empty&quot;)" computerName="MacBook-Pro-de-Aristide" duration="00:00:00.0000037" startTime="2024-11-12T09:52:38.5932630+01:00" endTime="2024-11-12T09:52:38.5932630+01:00" testType="13cdc9d9-ddb5-4fa4-a97d-d965ccfc6d4b" outcome="Passed" testListId="8c84fa94-04c1-424b-9868-57a2d4851a1d" relativeResultsDirectory="ca29cfad-69f9-41ea-8400-38f79f71fcd8" />
    <UnitTestResult executionId="3e0885eb-0bb2-423d-a64c-67e35771d1d4" testId="b84e7898-9865-5290-91cb-8907386b3eb6" testName="Place.Api.Profile.Unit.Tests.Domain.ProfileTests.Restore_DeletedProfile_ShouldSucceed" computerName="MacBook-Pro-de-Aristide" duration="00:00:00.0005190" startTime="2024-11-12T09:52:38.6137630+01:00" endTime="2024-11-12T09:52:38.6137630+01:00" testType="13cdc9d9-ddb5-4fa4-a97d-d965ccfc6d4b" outcome="Passed" testListId="8c84fa94-04c1-424b-9868-57a2d4851a1d" relativeResultsDirectory="3e0885eb-0bb2-423d-a64c-67e35771d1d4" />
    <UnitTestResult executionId="7a52d1e4-874a-41ad-874f-08a2aa4f1e9e" testId="2ad7a7dd-5bdc-4595-26c5-4db915348147" testName="Place.Api.Profile.Unit.Tests.Domain.LastNameTests.Create_WithEdgeCases_ShouldSucceed(validName: &quot;Mac&quot;)" computerName="MacBook-Pro-de-Aristide" duration="00:00:00.0000054" startTime="2024-11-12T09:52:38.5937780+01:00" endTime="2024-11-12T09:52:38.5937780+01:00" testType="13cdc9d9-ddb5-4fa4-a97d-d965ccfc6d4b" outcome="Passed" testListId="8c84fa94-04c1-424b-9868-57a2d4851a1d" relativeResultsDirectory="7a52d1e4-874a-41ad-874f-08a2aa4f1e9e" />
    <UnitTestResult executionId="93a0063c-9725-46d0-8823-6cef0a298ae3" testId="ab38b91b-7fea-34e8-52d7-ae3c53aa13fc" testName="Place.Api.Profile.Unit.Tests.Domain.PhoneNumberTests.Parse_WithEmptyCountryCode_ShouldReturnError(number: &quot;0612345678&quot;, countryCode: null)" computerName="MacBook-Pro-de-Aristide" duration="00:00:00.0000018" startTime="2024-11-12T09:52:38.6142740+01:00" endTime="2024-11-12T09:52:38.6142740+01:00" testType="13cdc9d9-ddb5-4fa4-a97d-d965ccfc6d4b" outcome="Passed" testListId="8c84fa94-04c1-424b-9868-57a2d4851a1d" relativeResultsDirectory="93a0063c-9725-46d0-8823-6cef0a298ae3" />
    <UnitTestResult executionId="22088fe8-b5d3-4f94-b1b1-7e7cbdbdced3" testId="c7cf1772-6d05-f1dd-1c6f-9409cca60fde" testName="Place.Api.Profile.Unit.Tests.Domain.ProfileTests.Create_WithEmptyCreatorId_ShouldFail" computerName="MacBook-Pro-de-Aristide" duration="00:00:00.0000765" startTime="2024-11-12T09:52:38.6151790+01:00" endTime="2024-11-12T09:52:38.6151790+01:00" testType="13cdc9d9-ddb5-4fa4-a97d-d965ccfc6d4b" outcome="Passed" testListId="8c84fa94-04c1-424b-9868-57a2d4851a1d" relativeResultsDirectory="22088fe8-b5d3-4f94-b1b1-7e7cbdbdced3" />
    <UnitTestResult executionId="5bbfc61e-dec4-4aa7-8e63-eca80a33f321" testId="9cd2f180-f33d-fe56-6d4e-8566dcbe8fb8" testName="Place.Api.Profile.Unit.Tests.Domain.ProfileTests.UpdatePersonalInfo_WhenProfileIsDeleted_ShouldFail" computerName="MacBook-Pro-de-Aristide" duration="00:00:00.0002502" startTime="2024-11-12T09:52:38.6146220+01:00" endTime="2024-11-12T09:52:38.6146220+01:00" testType="13cdc9d9-ddb5-4fa4-a97d-d965ccfc6d4b" outcome="Passed" testListId="8c84fa94-04c1-424b-9868-57a2d4851a1d" relativeResultsDirectory="5bbfc61e-dec4-4aa7-8e63-eca80a33f321" />
    <UnitTestResult executionId="b2d4fcf7-11b6-498b-9483-415424c06cb0" testId="e4df11ba-bd44-d844-6a50-54d7fdc8237e" testName="Place.Api.Profile.Unit.Tests.Domain.FirstNameTests.Create_WithEdgeCases_ShouldSucceed(validName: &quot;A-A&quot;)" computerName="MacBook-Pro-de-Aristide" duration="00:00:00.0001177" startTime="2024-11-12T09:52:38.5945240+01:00" endTime="2024-11-12T09:52:38.5945240+01:00" testType="13cdc9d9-ddb5-4fa4-a97d-d965ccfc6d4b" outcome="Passed" testListId="8c84fa94-04c1-424b-9868-57a2d4851a1d" relativeResultsDirectory="b2d4fcf7-11b6-498b-9483-415424c06cb0" />
    <UnitTestResult executionId="9a8db562-edba-42d1-94a5-b653ce5c55ff" testId="022fa9ec-54f7-5b4b-9757-df4e721c2217" testName="Place.Api.Profile.Unit.Tests.Domain.ProfileTests.Create_WithInvalidEmail_ShouldFail(invalidEmail: &quot;@domain.com&quot;)" computerName="MacBook-Pro-de-Aristide" duration="00:00:00.0001235" startTime="2024-11-12T09:52:38.6149350+01:00" endTime="2024-11-12T09:52:38.6149350+01:00" testType="13cdc9d9-ddb5-4fa4-a97d-d965ccfc6d4b" outcome="Passed" testListId="8c84fa94-04c1-424b-9868-57a2d4851a1d" relativeResultsDirectory="9a8db562-edba-42d1-94a5-b653ce5c55ff" />
    <UnitTestResult executionId="001e70d4-be7f-42ae-becd-aac5fa66f84f" testId="ede64055-91e3-9c52-a550-8bcb244637ae" testName="Place.Api.Profile.Unit.Tests.Domain.PhoneNumberTests.Format_WithDifferentFormats_ShouldReturnCorrectFormat(number: &quot;+33612345678&quot;, format: E164, expected: &quot;+33612345678&quot;)" computerName="MacBook-Pro-de-Aristide" duration="00:00:00.0000726" startTime="2024-11-12T09:52:38.6129780+01:00" endTime="2024-11-12T09:52:38.6129780+01:00" testType="13cdc9d9-ddb5-4fa4-a97d-d965ccfc6d4b" outcome="Passed" testListId="8c84fa94-04c1-424b-9868-57a2d4851a1d" relativeResultsDirectory="001e70d4-be7f-42ae-becd-aac5fa66f84f" />
    <UnitTestResult executionId="dde36a32-ce9e-4116-829b-9eea3e3deb48" testId="32207498-157a-ec95-5f7b-02d570f611a5" testName="Place.Api.Profile.Unit.Tests.Domain.FirstNameTests.Create_WithInvalidCharacters_ShouldReturnSpecificError(invalidName: &quot;John/Smith&quot;)" computerName="MacBook-Pro-de-Aristide" duration="00:00:00.0001329" startTime="2024-11-12T09:52:38.5932970+01:00" endTime="2024-11-12T09:52:38.5932970+01:00" testType="13cdc9d9-ddb5-4fa4-a97d-d965ccfc6d4b" outcome="Passed" testListId="8c84fa94-04c1-424b-9868-57a2d4851a1d" relativeResultsDirectory="dde36a32-ce9e-4116-829b-9eea3e3deb48" />
    <UnitTestResult executionId="2876951e-8435-4fe5-b695-117f236a42ab" testId="4a97ada0-b98e-2f79-b665-37d888b39d07" testName="Place.Api.Profile.Unit.Tests.Domain.EmailTests.Create_WithNullOrWhiteSpace_ShouldReturnError(invalidEmail: &quot; &quot;)" computerName="MacBook-Pro-de-Aristide" duration="00:00:00.0000425" startTime="2024-11-12T09:52:38.5967530+01:00" endTime="2024-11-12T09:52:38.5967530+01:00" testType="13cdc9d9-ddb5-4fa4-a97d-d965ccfc6d4b" outcome="Passed" testListId="8c84fa94-04c1-424b-9868-57a2d4851a1d" relativeResultsDirectory="2876951e-8435-4fe5-b695-117f236a42ab" />
    <UnitTestResult executionId="94d86811-5e45-4d61-a90e-96e2380280fd" testId="954a5272-725e-7948-f3f5-2815c15465a1" testName="Place.Api.Profile.Unit.Tests.Domain.EmailTests.ToString_ReturnsCorrectValue" computerName="MacBook-Pro-de-Aristide" duration="00:00:00.0000550" startTime="2024-11-12T09:52:38.5972950+01:00" endTime="2024-11-12T09:52:38.5972950+01:00" testType="13cdc9d9-ddb5-4fa4-a97d-d965ccfc6d4b" outcome="Passed" testListId="8c84fa94-04c1-424b-9868-57a2d4851a1d" relativeResultsDirectory="94d86811-5e45-4d61-a90e-96e2380280fd" />
    <UnitTestResult executionId="fce2e7af-3443-4345-85a6-965e4c72b8dd" testId="dc90aedf-70c7-9e1f-137a-4cdafce4545e" testName="Place.Api.Profile.Unit.Tests.Domain.LastNameTests.Create_WithNameExceedingMaxLength_ShouldReturnSpecificError(length: 150)" computerName="MacBook-Pro-de-Aristide" duration="00:00:00.0000415" startTime="2024-11-12T09:52:38.5957250+01:00" endTime="2024-11-12T09:52:38.5957250+01:00" testType="13cdc9d9-ddb5-4fa4-a97d-d965ccfc6d4b" outcome="Passed" testListId="8c84fa94-04c1-424b-9868-57a2d4851a1d" relativeResultsDirectory="fce2e7af-3443-4345-85a6-965e4c72b8dd" />
    <UnitTestResult executionId="a385f28f-27f1-49b4-ac67-899c74b83011" testId="4846a021-7c90-2f57-5281-40853d3e1c81" testName="Place.Api.Profile.Unit.Tests.Domain.DateOfBirthTests.Create_WithAgeExceedingMaxAge_ShouldReturnError(tooOldDate: 1903-11-12T00:00:00.0000000Z)" computerName="MacBook-Pro-de-Aristide" duration="00:00:00.0001308" startTime="2024-11-12T09:52:38.5952980+01:00" endTime="2024-11-12T09:52:38.5952980+01:00" testType="13cdc9d9-ddb5-4fa4-a97d-d965ccfc6d4b" outcome="Passed" testListId="8c84fa94-04c1-424b-9868-57a2d4851a1d" relativeResultsDirectory="a385f28f-27f1-49b4-ac67-899c74b83011" />
    <UnitTestResult executionId="182da055-2280-45d9-b50e-ad89e6131408" testId="1cd2d4d3-fed9-fa12-07ee-3064a37bf29e" testName="Place.Api.Profile.Unit.Tests.Domain.ProfileTests.Restore_NonDeletedProfile_ShouldFail" computerName="MacBook-Pro-de-Aristide" duration="00:00:00.0360964" startTime="2024-11-12T09:52:38.6100420+01:00" endTime="2024-11-12T09:52:38.6100420+01:00" testType="13cdc9d9-ddb5-4fa4-a97d-d965ccfc6d4b" outcome="Passed" testListId="8c84fa94-04c1-424b-9868-57a2d4851a1d" relativeResultsDirectory="182da055-2280-45d9-b50e-ad89e6131408" />
    <UnitTestResult executionId="83e1ba50-cfd9-490c-bfb2-ea9d6c0a784b" testId="62a447e4-3812-f7e4-da5e-2f67866fd701" testName="Place.Api.Profile.Unit.Tests.Domain.PersonalInfoTests.Builder_ShouldThrowException_ForInvalidFirstName(invalidFirstName: &quot;   &quot;)" computerName="MacBook-Pro-de-Aristide" duration="00:00:00.0037237" startTime="2024-11-12T09:52:38.6101670+01:00" endTime="2024-11-12T09:52:38.6101670+01:00" testType="13cdc9d9-ddb5-4fa4-a97d-d965ccfc6d4b" outcome="Passed" testListId="8c84fa94-04c1-424b-9868-57a2d4851a1d" relativeResultsDirectory="83e1ba50-cfd9-490c-bfb2-ea9d6c0a784b" />
    <UnitTestResult executionId="9ab0b799-105d-450b-8558-31be0c939760" testId="2a108ce7-6c33-1acb-e8cc-1181b68bd11c" testName="Place.Api.Profile.Unit.Tests.Domain.PhoneNumberTests.Parse_WithValidInternationalNumber_ShouldSucceed(number: &quot;+237655555555&quot;)" computerName="MacBook-Pro-de-Aristide" duration="00:00:00.0000037" startTime="2024-11-12T09:52:38.6146480+01:00" endTime="2024-11-12T09:52:38.6146480+01:00" testType="13cdc9d9-ddb5-4fa4-a97d-d965ccfc6d4b" outcome="Passed" testListId="8c84fa94-04c1-424b-9868-57a2d4851a1d" relativeResultsDirectory="9ab0b799-105d-450b-8558-31be0c939760" />
    <UnitTestResult executionId="76abb2ee-f07c-45fb-92f6-2a006056a573" testId="83486a6d-6b29-f138-6556-a56a6aedc486" testName="Place.Api.Profile.Unit.Tests.Domain.EmailTests.Create_WithInvalidFormat_ShouldReturnError(invalidEmail: &quot;notanemail&quot;)" computerName="MacBook-Pro-de-Aristide" duration="00:00:00.0000030" startTime="2024-11-12T09:52:38.5962780+01:00" endTime="2024-11-12T09:52:38.5962780+01:00" testType="13cdc9d9-ddb5-4fa4-a97d-d965ccfc6d4b" outcome="Passed" testListId="8c84fa94-04c1-424b-9868-57a2d4851a1d" relativeResultsDirectory="76abb2ee-f07c-45fb-92f6-2a006056a573" />
    <UnitTestResult executionId="15518d30-c1b9-49f4-b0b9-36cd26faea1e" testId="2d20d85c-0286-0052-3eaf-729d52075413" testName="Place.Api.Profile.Unit.Tests.Domain.EmailTests.Create_WithValidComplexEmail_ShouldSucceed(validEmail: &quot;valid.email+tag@example.com&quot;)" computerName="MacBook-Pro-de-Aristide" duration="00:00:00.0000550" startTime="2024-11-12T09:52:38.5972500+01:00" endTime="2024-11-12T09:52:38.5972500+01:00" testType="13cdc9d9-ddb5-4fa4-a97d-d965ccfc6d4b" outcome="Passed" testListId="8c84fa94-04c1-424b-9868-57a2d4851a1d" relativeResultsDirectory="15518d30-c1b9-49f4-b0b9-36cd26faea1e" />
    <UnitTestResult executionId="555f055c-7282-403c-b3b2-402e477980e2" testId="8f77e516-415e-9f4f-3b69-743cb95368c9" testName="Place.Api.Profile.Unit.Tests.Domain.DateOfBirthTests.Create_WithAgeExceedingMaxAge_ShouldReturnError(tooOldDate: 1874-11-12T00:00:00.0000000Z)" computerName="MacBook-Pro-de-Aristide" duration="00:00:00.0000213" startTime="2024-11-12T09:52:38.5954740+01:00" endTime="2024-11-12T09:52:38.5954740+01:00" testType="13cdc9d9-ddb5-4fa4-a97d-d965ccfc6d4b" outcome="Passed" testListId="8c84fa94-04c1-424b-9868-57a2d4851a1d" relativeResultsDirectory="555f055c-7282-403c-b3b2-402e477980e2" />
    <UnitTestResult executionId="f874e680-6850-44c6-8c8f-9325c035ce19" testId="ca7d2099-b500-18f0-5af7-b4670848d397" testName="Place.Api.Profile.Unit.Tests.Domain.LastNameTests.Create_WithNullOrWhiteSpace_ShouldReturnSpecificError(invalidName: &quot; &quot;, expectedErrorCode: &quot;LastName.Empty&quot;)" computerName="MacBook-Pro-de-Aristide" duration="00:00:00.0000090" startTime="2024-11-12T09:52:38.5955190+01:00" endTime="2024-11-12T09:52:38.5955190+01:00" testType="13cdc9d9-ddb5-4fa4-a97d-d965ccfc6d4b" outcome="Passed" testListId="8c84fa94-04c1-424b-9868-57a2d4851a1d" relativeResultsDirectory="f874e680-6850-44c6-8c8f-9325c035ce19" />
    <UnitTestResult executionId="2ce2b2f6-8207-483c-a5ac-5e0ad8279261" testId="a5a674aa-ac5d-8207-3af9-8d7ddb2ea3d1" testName="Place.Api.Profile.Unit.Tests.Domain.PhoneNumberTests.Parse_WithInvalidInput_ShouldReturnError(number: &quot;99999999999&quot;, countryCode: &quot;FR&quot;)" computerName="MacBook-Pro-de-Aristide" duration="00:00:00.0000053" startTime="2024-11-12T09:52:38.6145830+01:00" endTime="2024-11-12T09:52:38.6145830+01:00" testType="13cdc9d9-ddb5-4fa4-a97d-d965ccfc6d4b" outcome="Passed" testListId="8c84fa94-04c1-424b-9868-57a2d4851a1d" relativeResultsDirectory="2ce2b2f6-8207-483c-a5ac-5e0ad8279261" />
    <UnitTestResult executionId="6befb30b-ffe3-4fae-a253-5bfdb3961c65" testId="85bb40fc-97c5-25bf-43a5-f1f572b90612" testName="Place.Api.Profile.Unit.Tests.Domain.DateOfBirthTests.Create_ShouldHandleBirthYearCalculationCorrectly" computerName="MacBook-Pro-de-Aristide" duration="00:00:00.0070800" startTime="2024-11-12T09:52:38.5704480+01:00" endTime="2024-11-12T09:52:38.5704560+01:00" testType="13cdc9d9-ddb5-4fa4-a97d-d965ccfc6d4b" outcome="Passed" testListId="8c84fa94-04c1-424b-9868-57a2d4851a1d" relativeResultsDirectory="6befb30b-ffe3-4fae-a253-5bfdb3961c65" />
    <UnitTestResult executionId="d9f5f8a8-e055-4580-b51f-0bc5bdbd0511" testId="05abc71d-61be-f76b-71ed-b4198853142f" testName="Place.Api.Profile.Unit.Tests.Domain.PhoneNumberTests.Parse_WithInvalidFormats_ShouldIncludeExceptionMessageInError(number: &quot;+AA612345678&quot;, expectedErrorCode: &quot;PhoneNumber.Invalid&quot;)" computerName="MacBook-Pro-de-Aristide" duration="00:00:00.0000598" startTime="2024-11-12T09:52:38.6110690+01:00" endTime="2024-11-12T09:52:38.6110690+01:00" testType="13cdc9d9-ddb5-4fa4-a97d-d965ccfc6d4b" outcome="Passed" testListId="8c84fa94-04c1-424b-9868-57a2d4851a1d" relativeResultsDirectory="d9f5f8a8-e055-4580-b51f-0bc5bdbd0511" />
    <UnitTestResult executionId="08aa0191-a9c2-4b99-a177-ba9d447cf71a" testId="8a08888e-e0d4-7d4c-a7e5-7d8640b69c0a" testName="Place.Api.Profile.Unit.Tests.Domain.PhoneNumberTests.Parse_WithValidRegionalNumber_ShouldSucceed(number: &quot;0612345678&quot;, countryCode: &quot;FR&quot;, expected: &quot;+33612345678&quot;)" computerName="MacBook-Pro-de-Aristide" duration="00:00:00.0000069" startTime="2024-11-12T09:52:38.6119340+01:00" endTime="2024-11-12T09:52:38.6119340+01:00" testType="13cdc9d9-ddb5-4fa4-a97d-d965ccfc6d4b" outcome="Passed" testListId="8c84fa94-04c1-424b-9868-57a2d4851a1d" relativeResultsDirectory="08aa0191-a9c2-4b99-a177-ba9d447cf71a" />
    <UnitTestResult executionId="d3a44ef3-7cdd-4043-973e-697d6832aeca" testId="b853a826-8b35-c12f-6fef-2fd106a9f869" testName="Place.Api.Profile.Unit.Tests.Domain.EmailTests.Create_WithTooLongEmail_ShouldReturnError" computerName="MacBook-Pro-de-Aristide" duration="00:00:00.0000910" startTime="2024-11-12T09:52:38.5972650+01:00" endTime="2024-11-12T09:52:38.5972650+01:00" testType="13cdc9d9-ddb5-4fa4-a97d-d965ccfc6d4b" outcome="Passed" testListId="8c84fa94-04c1-424b-9868-57a2d4851a1d" relativeResultsDirectory="d3a44ef3-7cdd-4043-973e-697d6832aeca" />
    <UnitTestResult executionId="afd769ad-fb73-4e5d-93a0-38707107efbc" testId="5c359c5b-85e0-5117-4120-f666d1dbdcd2" testName="Place.Api.Profile.Unit.Tests.Domain.LastNameTests.Create_WithCompoundName_ShouldSucceed(compoundName: &quot;de la Rosa&quot;)" computerName="MacBook-Pro-de-Aristide" duration="00:00:00.0000365" startTime="2024-11-12T09:52:38.5950660+01:00" endTime="2024-11-12T09:52:38.5950660+01:00" testType="13cdc9d9-ddb5-4fa4-a97d-d965ccfc6d4b" outcome="Passed" testListId="8c84fa94-04c1-424b-9868-57a2d4851a1d" relativeResultsDirectory="afd769ad-fb73-4e5d-93a0-38707107efbc" />
    <UnitTestResult executionId="fb28104b-895d-45ca-a026-5cd55e9f76c8" testId="7735be6d-f3cf-b83a-2887-4a2be0b48938" testName="Place.Api.Profile.Unit.Tests.Domain.LastNameTests.Create_WithEdgeCases_ShouldSucceed(validName: &quot;AAAAAAAAAAAAAAAAAAAAAAAAAAAAAAAAAAAAAAAAAAAAAAAAAA&quot;···)" computerName="MacBook-Pro-de-Aristide" duration="00:00:00.0000090" startTime="2024-11-12T09:52:38.5937890+01:00" endTime="2024-11-12T09:52:38.5937890+01:00" testType="13cdc9d9-ddb5-4fa4-a97d-d965ccfc6d4b" outcome="Passed" testListId="8c84fa94-04c1-424b-9868-57a2d4851a1d" relativeResultsDirectory="fb28104b-895d-45ca-a026-5cd55e9f76c8" />
    <UnitTestResult executionId="e3eb8a4d-8562-4031-aa2a-4147a5bda794" testId="b02baa04-311d-e69b-3c21-ee0124c2ee0f" testName="Place.Api.Profile.Unit.Tests.Domain.AddressTests.Create_WithTooLongFields_ShouldReturnError(streetLength: 100, zipCodeLength: 10, cityLength: 50, countryLength: 51, expectedError: &quot;Address.Country.TooLong&quot;)" computerName="MacBook-Pro-de-Aristide" duration="00:00:00.0000049" startTime="2024-11-12T09:52:38.5923620+01:00" endTime="2024-11-12T09:52:38.5923620+01:00" testType="13cdc9d9-ddb5-4fa4-a97d-d965ccfc6d4b" outcome="Passed" testListId="8c84fa94-04c1-424b-9868-57a2d4851a1d" relativeResultsDirectory="e3eb8a4d-8562-4031-aa2a-4147a5bda794" />
    <UnitTestResult executionId="90aa24c4-875f-4249-84a0-0f564d4baa07" testId="801ddb28-2a25-a017-668a-ccc283847d3f" testName="Place.Api.Profile.Unit.Tests.Domain.AddressTests.Create_WithNullOrEmptyOptionalFields_ShouldSucceed(street: null, zipCode: &quot;12345&quot;, city: &quot;New York&quot;, country: &quot;USA&quot;)" computerName="MacBook-Pro-de-Aristide" duration="00:00:00.0000041" startTime="2024-11-12T09:52:38.5959970+01:00" endTime="2024-11-12T09:52:38.5959970+01:00" testType="13cdc9d9-ddb5-4fa4-a97d-d965ccfc6d4b" outcome="Passed" testListId="8c84fa94-04c1-424b-9868-57a2d4851a1d" relativeResultsDirectory="90aa24c4-875f-4249-84a0-0f564d4baa07" />
    <UnitTestResult executionId="76828ae8-55b4-41d5-9ff4-3fde24d52d83" testId="d234c077-6cfd-ce64-e259-f0262e2605af" testName="Place.Api.Profile.Unit.Tests.Domain.PhoneNumberTests.Format_ShouldReturnCorrectInternationalFormat(number: &quot;+33612345678&quot;, expected: &quot;+33 6 12 34 56 78&quot;)" computerName="MacBook-Pro-de-Aristide" duration="00:00:00.0000454" startTime="2024-11-12T09:52:38.6136160+01:00" endTime="2024-11-12T09:52:38.6136160+01:00" testType="13cdc9d9-ddb5-4fa4-a97d-d965ccfc6d4b" outcome="Passed" testListId="8c84fa94-04c1-424b-9868-57a2d4851a1d" relativeResultsDirectory="76828ae8-55b4-41d5-9ff4-3fde24d52d83" />
    <UnitTestResult executionId="4b830e14-d5b0-4a05-ac3b-eba2733382ba" testId="cad088b8-109a-ef6c-70a0-96d5bc831410" testName="Place.Api.Profile.Unit.Tests.Domain.ProfileTests.Create_WithValidData_ShouldSucceed(email: &quot;test@example.com&quot;)" computerName="MacBook-Pro-de-Aristide" duration="00:00:00.0000805" startTime="2024-11-12T09:52:38.6128460+01:00" endTime="2024-11-12T09:52:38.6128460+01:00" testType="13cdc9d9-ddb5-4fa4-a97d-d965ccfc6d4b" outcome="Passed" testListId="8c84fa94-04c1-424b-9868-57a2d4851a1d" relativeResultsDirectory="4b830e14-d5b0-4a05-ac3b-eba2733382ba" />
    <UnitTestResult executionId="13e70bb2-e5b4-433f-b22d-d53e6e0c6624" testId="042b5247-8a6a-2354-6afc-9ae6af61b11c" testName="Place.Api.Profile.Unit.Tests.Domain.FirstNameTests.Create_WithNullOrWhiteSpace_ShouldReturnSpecificError(invalidName: &quot;   &quot;, expectedErrorCode: &quot;FirstName.Empty&quot;)" computerName="MacBook-Pro-de-Aristide" duration="00:00:00.0000030" startTime="2024-11-12T09:52:38.5947780+01:00" endTime="2024-11-12T09:52:38.5947780+01:00" testType="13cdc9d9-ddb5-4fa4-a97d-d965ccfc6d4b" outcome="Passed" testListId="8c84fa94-04c1-424b-9868-57a2d4851a1d" relativeResultsDirectory="13e70bb2-e5b4-433f-b22d-d53e6e0c6624" />
    <UnitTestResult executionId="3339c149-37ff-40e7-b5b8-aab75ce264cc" testId="6be68ec6-c0a8-51b9-ae32-685d9bf7b636" testName="Place.Api.Profile.Unit.Tests.Domain.DateOfBirthTests.Create_WithValidDate_ShouldReturnExpectedInstance(validDate: 1924-11-12T00:00:00.0000000Z)" computerName="MacBook-Pro-de-Aristide" duration="00:00:00.0000019" startTime="2024-11-12T09:52:38.5952750+01:00" endTime="2024-11-12T09:52:38.5952750+01:00" testType="13cdc9d9-ddb5-4fa4-a97d-d965ccfc6d4b" outcome="Passed" testListId="8c84fa94-04c1-424b-9868-57a2d4851a1d" relativeResultsDirectory="3339c149-37ff-40e7-b5b8-aab75ce264cc" />
    <UnitTestResult executionId="2366be96-572d-41a2-914b-41d119285c6f" testId="f3dad0bb-6292-6d71-b77e-65743880640b" testName="Place.Api.Profile.Unit.Tests.Domain.EmailTests.Create_WithInvalidFormat_ShouldReturnError(invalidEmail: &quot;.user@example.com&quot;)" computerName="MacBook-Pro-de-Aristide" duration="00:00:00.0000022" startTime="2024-11-12T09:52:38.5964680+01:00" endTime="2024-11-12T09:52:38.5964680+01:00" testType="13cdc9d9-ddb5-4fa4-a97d-d965ccfc6d4b" outcome="Passed" testListId="8c84fa94-04c1-424b-9868-57a2d4851a1d" relativeResultsDirectory="2366be96-572d-41a2-914b-41d119285c6f" />
    <UnitTestResult executionId="47ab9fb5-0c9e-4c1f-b9e4-f4e73d382cc7" testId="49b264cd-aec5-9eab-a0cd-8d279d662287" testName="Place.Api.Profile.Unit.Tests.Domain.FirstNameTests.Create_WithNullOrWhiteSpace_ShouldReturnSpecificError(invalidName: &quot;&quot;, expectedErrorCode: &quot;FirstName.Empty&quot;)" computerName="MacBook-Pro-de-Aristide" duration="00:00:00.0000025" startTime="2024-11-12T09:52:38.5947910+01:00" endTime="2024-11-12T09:52:38.5947910+01:00" testType="13cdc9d9-ddb5-4fa4-a97d-d965ccfc6d4b" outcome="Passed" testListId="8c84fa94-04c1-424b-9868-57a2d4851a1d" relativeResultsDirectory="47ab9fb5-0c9e-4c1f-b9e4-f4e73d382cc7" />
    <UnitTestResult executionId="26c6af34-14df-44f8-a163-d8bcfd5f019c" testId="2e1dc9de-87e1-015a-5d45-dfee2db3a7e4" testName="Place.Api.Profile.Unit.Tests.Domain.LastNameTests.Create_WithEdgeCases_ShouldSucceed(validName: &quot;A-A&quot;)" computerName="MacBook-Pro-de-Aristide" duration="00:00:00.0000106" startTime="2024-11-12T09:52:38.5937670+01:00" endTime="2024-11-12T09:52:38.5937670+01:00" testType="13cdc9d9-ddb5-4fa4-a97d-d965ccfc6d4b" outcome="Passed" testListId="8c84fa94-04c1-424b-9868-57a2d4851a1d" relativeResultsDirectory="26c6af34-14df-44f8-a163-d8bcfd5f019c" />
    <UnitTestResult executionId="023467e2-007e-488d-8e28-fea8a6a9bfcf" testId="8b81942b-d077-bab0-156a-d13abb05b41c" testName="Place.Api.Profile.Unit.Tests.Domain.PhoneNumberTests.Parse_ShouldExtractCorrectParts(number: &quot;+33612345678&quot;, expectedCountryCode: 33, expectedNationalNumber: 612345678)" computerName="MacBook-Pro-de-Aristide" duration="00:00:00.0443386" startTime="2024-11-12T09:52:38.6059220+01:00" endTime="2024-11-12T09:52:38.6059220+01:00" testType="13cdc9d9-ddb5-4fa4-a97d-d965ccfc6d4b" outcome="Passed" testListId="8c84fa94-04c1-424b-9868-57a2d4851a1d" relativeResultsDirectory="023467e2-007e-488d-8e28-fea8a6a9bfcf" />
    <UnitTestResult executionId="aec06f9d-8f4b-4c52-ad3e-c3b7acdce124" testId="188ae004-6d35-01cf-5025-e16af6cbd574" testName="Place.Api.Profile.Unit.Tests.Domain.ProfileTests.UpdateEmail_WithValidEmail_ShouldSucceed(newEmail: &quot;updated@test.co.uk&quot;)" computerName="MacBook-Pro-de-Aristide" duration="00:00:00.0054063" startTime="2024-11-12T09:52:38.6120340+01:00" endTime="2024-11-12T09:52:38.6120340+01:00" testType="13cdc9d9-ddb5-4fa4-a97d-d965ccfc6d4b" outcome="Passed" testListId="8c84fa94-04c1-424b-9868-57a2d4851a1d" relativeResultsDirectory="aec06f9d-8f4b-4c52-ad3e-c3b7acdce124" />
    <UnitTestResult executionId="0a2b1aa8-d322-4fc2-ad32-8631790a210c" testId="b0d0f18d-e023-6705-a3f1-0f5f4faad887" testName="Place.Api.Profile.Unit.Tests.Domain.FirstNameTests.Create_WithEdgeCases_ShouldSucceed(validName: &quot;é&quot;)" computerName="MacBook-Pro-de-Aristide" duration="00:00:00.0000320" startTime="2024-11-12T09:52:38.5945360+01:00" endTime="2024-11-12T09:52:38.5945360+01:00" testType="13cdc9d9-ddb5-4fa4-a97d-d965ccfc6d4b" outcome="Passed" testListId="8c84fa94-04c1-424b-9868-57a2d4851a1d" relativeResultsDirectory="0a2b1aa8-d322-4fc2-ad32-8631790a210c" />
    <UnitTestResult executionId="a4f3523c-ef91-4e92-a993-9a1c8436d4d6" testId="521c7008-78f8-dd48-a8d6-99bbce312b63" testName="Place.Api.Profile.Unit.Tests.Domain.LastNameTests.Create_WithValidName_ShouldReturnExpectedInstance(validName: &quot;de la Cruz&quot;)" computerName="MacBook-Pro-de-Aristide" duration="00:00:00.0002530" startTime="2024-11-12T09:52:38.5940180+01:00" endTime="2024-11-12T09:52:38.5940180+01:00" testType="13cdc9d9-ddb5-4fa4-a97d-d965ccfc6d4b" outcome="Passed" testListId="8c84fa94-04c1-424b-9868-57a2d4851a1d" relativeResultsDirectory="a4f3523c-ef91-4e92-a993-9a1c8436d4d6" />
    <UnitTestResult executionId="c34695b8-66a9-4f35-916c-d65e3d8ea6c8" testId="239934a0-cb41-6afc-eb48-e215fc8817a6" testName="Place.Api.Profile.Unit.Tests.Domain.PhoneNumberTests.Parse_WithValidRegionalNumber_ShouldSucceed(number: &quot;655555555&quot;, countryCode: &quot;CM&quot;, expected: &quot;+237655555555&quot;)" computerName="MacBook-Pro-de-Aristide" duration="00:00:00.0000062" startTime="2024-11-12T09:52:38.6113690+01:00" endTime="2024-11-12T09:52:38.6113690+01:00" testType="13cdc9d9-ddb5-4fa4-a97d-d965ccfc6d4b" outcome="Passed" testListId="8c84fa94-04c1-424b-9868-57a2d4851a1d" relativeResultsDirectory="c34695b8-66a9-4f35-916c-d65e3d8ea6c8" />
    <UnitTestResult executionId="f143bb81-fa51-4531-b1f3-536e92aeb047" testId="184ab27d-d650-4e07-b12e-bf616dece993" testName="Place.Api.Profile.Unit.Tests.Domain.FirstNameTests.Create_WithMaxLengthMinusOne_ShouldSucceed" computerName="MacBook-Pro-de-Aristide" duration="00:00:00.0000682" startTime="2024-11-12T09:52:38.5940830+01:00" endTime="2024-11-12T09:52:38.5940830+01:00" testType="13cdc9d9-ddb5-4fa4-a97d-d965ccfc6d4b" outcome="Passed" testListId="8c84fa94-04c1-424b-9868-57a2d4851a1d" relativeResultsDirectory="f143bb81-fa51-4531-b1f3-536e92aeb047" />
    <UnitTestResult executionId="99e0d0be-ff67-4171-8c8f-0d6a419e86b6" testId="89a58b3f-1b38-0c62-3e9e-6ad54f0b8686" testName="Place.Api.Profile.Unit.Tests.Domain.PhoneNumberTests.Parse_WithValidInternationalNumber_ShouldSucceed(number: &quot;+237699999999&quot;)" computerName="MacBook-Pro-de-Aristide" duration="00:00:00.0000573" startTime="2024-11-12T09:52:38.6146110+01:00" endTime="2024-11-12T09:52:38.6146110+01:00" testType="13cdc9d9-ddb5-4fa4-a97d-d965ccfc6d4b" outcome="Passed" testListId="8c84fa94-04c1-424b-9868-57a2d4851a1d" relativeResultsDirectory="99e0d0be-ff67-4171-8c8f-0d6a419e86b6" />
    <UnitTestResult executionId="230cb655-7b7b-4c17-b2a3-5ec0b3f50456" testId="46ec3953-3150-991f-8253-b755a87bf1a7" testName="Place.Api.Profile.Unit.Tests.Domain.PhoneNumberTests.Parse_WithInvalidNumber_ShouldReturnError(number: &quot;+23755555555&quot;)" computerName="MacBook-Pro-de-Aristide" duration="00:00:00.0000056" startTime="2024-11-12T09:52:38.6106240+01:00" endTime="2024-11-12T09:52:38.6106240+01:00" testType="13cdc9d9-ddb5-4fa4-a97d-d965ccfc6d4b" outcome="Passed" testListId="8c84fa94-04c1-424b-9868-57a2d4851a1d" relativeResultsDirectory="230cb655-7b7b-4c17-b2a3-5ec0b3f50456" />
    <UnitTestResult executionId="b0e5d7fb-cffd-45bb-8461-b8fbd36f5a76" testId="be6d1076-fd3f-ab90-735a-44c3cb80fd5a" testName="Place.Api.Profile.Unit.Tests.Domain.PhoneNumberTests.Parse_WithInvalidFormats_ShouldIncludeExceptionMessageInError(number: &quot;+333333333333333&quot;, expectedErrorCode: &quot;PhoneNumber.Invalid&quot;)" computerName="MacBook-Pro-de-Aristide" duration="00:00:00.0000643" startTime="2024-11-12T09:52:38.6109130+01:00" endTime="2024-11-12T09:52:38.6109130+01:00" testType="13cdc9d9-ddb5-4fa4-a97d-d965ccfc6d4b" outcome="Passed" testListId="8c84fa94-04c1-424b-9868-57a2d4851a1d" relativeResultsDirectory="b0e5d7fb-cffd-45bb-8461-b8fbd36f5a76" />
    <UnitTestResult executionId="c449c4c3-dec5-4b05-90e3-59ed49e9385c" testId="3ec07d5f-69a3-94f0-8b73-7f352c843f57" testName="Place.Api.Profile.Unit.Tests.Domain.FirstNameTests.Create_WithEdgeCases_ShouldSucceed(validName: &quot;A'A&quot;)" computerName="MacBook-Pro-de-Aristide" duration="00:00:00.0000019" startTime="2024-11-12T09:52:38.5945780+01:00" endTime="2024-11-12T09:52:38.5945780+01:00" testType="13cdc9d9-ddb5-4fa4-a97d-d965ccfc6d4b" outcome="Passed" testListId="8c84fa94-04c1-424b-9868-57a2d4851a1d" relativeResultsDirectory="c449c4c3-dec5-4b05-90e3-59ed49e9385c" />
    <UnitTestResult executionId="428b6689-fbc0-432d-86c4-15a78bc30f67" testId="a64d49e6-c349-1923-2e3b-627263d06132" testName="Place.Api.Profile.Unit.Tests.Domain.AddressTests.Create_WithNullOrEmptyOptionalFields_ShouldSucceed(street: &quot;&quot;, zipCode: &quot;12345&quot;, city: &quot;New York&quot;, country: &quot;USA&quot;)" computerName="MacBook-Pro-de-Aristide" duration="00:00:00.0000041" startTime="2024-11-12T09:52:38.5960080+01:00" endTime="2024-11-12T09:52:38.5960080+01:00" testType="13cdc9d9-ddb5-4fa4-a97d-d965ccfc6d4b" outcome="Passed" testListId="8c84fa94-04c1-424b-9868-57a2d4851a1d" relativeResultsDirectory="428b6689-fbc0-432d-86c4-15a78bc30f67" />
    <UnitTestResult executionId="5f6137d5-84b6-4a0d-8d3d-a55c129997e1" testId="0bb7ae05-493b-4b8d-d074-e1a4359b801b" testName="Place.Api.Profile.Unit.Tests.Domain.PersonalInfoTests.Builder_ShouldCreatePersonalInfo_WithAllValidValues(firstName: &quot;Jane&quot;, lastName: &quot;Smith&quot;, birthDateString: &quot;1985-05-20&quot;, gender: Female, phoneNumber: &quot;+237655555555&quot;, street: null, zipCode: null, city: &quot;Yaoundé&quot;, country: &quot;Cameroon&quot;)" computerName="MacBook-Pro-de-Aristide" duration="00:00:00.0001122" startTime="2024-11-12T09:52:38.6120030+01:00" endTime="2024-11-12T09:52:38.6120030+01:00" testType="13cdc9d9-ddb5-4fa4-a97d-d965ccfc6d4b" outcome="Passed" testListId="8c84fa94-04c1-424b-9868-57a2d4851a1d" relativeResultsDirectory="5f6137d5-84b6-4a0d-8d3d-a55c129997e1" />
    <UnitTestResult executionId="62392ff5-9a6c-48a1-9bf5-e70a243569ea" testId="a67176f9-81b6-def3-083c-9c162196391a" testName="Place.Api.Profile.Unit.Tests.Domain.DateOfBirthTests.ValueObject_EqualityBehavior_ShouldBeCorrect(value1: 1990-01-01T00:00:00.0000000, value2: 1990-01-02T00:00:00.0000000, shouldBeEqual: False)" computerName="MacBook-Pro-de-Aristide" duration="00:00:00.0000954" startTime="2024-11-12T09:52:38.5962480+01:00" endTime="2024-11-12T09:52:38.5962480+01:00" testType="13cdc9d9-ddb5-4fa4-a97d-d965ccfc6d4b" outcome="Passed" testListId="8c84fa94-04c1-424b-9868-57a2d4851a1d" relativeResultsDirectory="62392ff5-9a6c-48a1-9bf5-e70a243569ea" />
    <UnitTestResult executionId="e403da23-4a37-4428-81d8-c809d1029b67" testId="bb90d900-43ce-545d-36c6-117f5ad69797" testName="Place.Api.Profile.Unit.Tests.Domain.FirstNameTests.Create_WithNameExceedingMaxLength_ShouldReturnSpecificError(length: 150)" computerName="MacBook-Pro-de-Aristide" duration="00:00:00.0004248" startTime="2024-11-12T09:52:38.5943360+01:00" endTime="2024-11-12T09:52:38.5943360+01:00" testType="13cdc9d9-ddb5-4fa4-a97d-d965ccfc6d4b" outcome="Passed" testListId="8c84fa94-04c1-424b-9868-57a2d4851a1d" relativeResultsDirectory="e403da23-4a37-4428-81d8-c809d1029b67" />
    <UnitTestResult executionId="c0dddebc-3804-42f2-bd67-0ec8009c38f5" testId="53ff6ae7-6855-0735-a78a-c7364ef715ab" testName="Place.Api.Profile.Unit.Tests.Domain.LastNameTests.Create_WithAccentedCharacters_ShouldSucceed(nameWithAccents: &quot;Dvoŕák&quot;)" computerName="MacBook-Pro-de-Aristide" duration="00:00:00.0000609" startTime="2024-11-12T09:52:38.5942790+01:00" endTime="2024-11-12T09:52:38.5942790+01:00" testType="13cdc9d9-ddb5-4fa4-a97d-d965ccfc6d4b" outcome="Passed" testListId="8c84fa94-04c1-424b-9868-57a2d4851a1d" relativeResultsDirectory="c0dddebc-3804-42f2-bd67-0ec8009c38f5" />
    <UnitTestResult executionId="5886ce7e-89c8-4b5d-a233-b95596cea835" testId="9caf581b-1e9b-d439-a11a-01719d8756c3" testName="Place.Api.Profile.Unit.Tests.Domain.DateOfBirthTests.ToString_ShouldReturnFrenchFormattedDate(inputDate: &quot;2000-12-31&quot;, expected: &quot;31/12/2000&quot;)" computerName="MacBook-Pro-de-Aristide" duration="00:00:00.0025354" startTime="2024-11-12T09:52:38.5948280+01:00" endTime="2024-11-12T09:52:38.5948280+01:00" testType="13cdc9d9-ddb5-4fa4-a97d-d965ccfc6d4b" outcome="Passed" testListId="8c84fa94-04c1-424b-9868-57a2d4851a1d" relativeResultsDirectory="5886ce7e-89c8-4b5d-a233-b95596cea835" />
    <UnitTestResult executionId="d51cc9dc-794a-4e7a-8f38-b524c77bb216" testId="af46468a-0a17-ab03-d71b-0876c88db322" testName="Place.Api.Profile.Unit.Tests.Domain.EmailTests.Create_WithValidEmail_ShouldSucceed(validEmail: &quot;user.name+tag@example.com&quot;)" computerName="MacBook-Pro-de-Aristide" duration="00:00:00.0000055" startTime="2024-11-12T09:52:38.5969950+01:00" endTime="2024-11-12T09:52:38.5969950+01:00" testType="13cdc9d9-ddb5-4fa4-a97d-d965ccfc6d4b" outcome="Passed" testListId="8c84fa94-04c1-424b-9868-57a2d4851a1d" relativeResultsDirectory="d51cc9dc-794a-4e7a-8f38-b524c77bb216" />
    <UnitTestResult executionId="2eeb5ae6-3dfc-4d3e-ba4d-4109edd9dd61" testId="07fa9922-5f45-3b5d-2270-9ba19c753c43" testName="Place.Api.Profile.Unit.Tests.Domain.DateOfBirthTests.Create_WithValidDate_ShouldReturnExpectedInstance(validDate: 1904-11-13T00:00:00.0000000Z)" computerName="MacBook-Pro-de-Aristide" duration="00:00:00.0001431" startTime="2024-11-12T09:52:38.5952540+01:00" endTime="2024-11-12T09:52:38.5952540+01:00" testType="13cdc9d9-ddb5-4fa4-a97d-d965ccfc6d4b" outcome="Passed" testListId="8c84fa94-04c1-424b-9868-57a2d4851a1d" relativeResultsDirectory="2eeb5ae6-3dfc-4d3e-ba4d-4109edd9dd61" />
    <UnitTestResult executionId="054c9601-cfdf-4849-874a-2e36c708c67c" testId="51409960-7cb7-4ec7-abb1-a6fe773f4d1e" testName="Place.Api.Profile.Unit.Tests.Domain.ProfileTests.Create_WithEmptyUserId_ShouldFail" computerName="MacBook-Pro-de-Aristide" duration="00:00:00.0000724" startTime="2024-11-12T09:52:38.6151920+01:00" endTime="2024-11-12T09:52:38.6151920+01:00" testType="13cdc9d9-ddb5-4fa4-a97d-d965ccfc6d4b" outcome="Passed" testListId="8c84fa94-04c1-424b-9868-57a2d4851a1d" relativeResultsDirectory="054c9601-cfdf-4849-874a-2e36c708c67c" />
    <UnitTestResult executionId="c1abb012-fd77-4f6c-864f-a34d24debd23" testId="e5639174-7684-96df-8502-27ab05394b3b" testName="Place.Api.Profile.Unit.Tests.Domain.PhoneNumberTests.Format_ShouldReturnCorrectInternationalFormat(number: &quot;+237655555555&quot;, expected: &quot;+237 6 55 55 55 55&quot;)" computerName="MacBook-Pro-de-Aristide" duration="00:00:00.0000673" startTime="2024-11-12T09:52:38.6135760+01:00" endTime="2024-11-12T09:52:38.6135760+01:00" testType="13cdc9d9-ddb5-4fa4-a97d-d965ccfc6d4b" outcome="Passed" testListId="8c84fa94-04c1-424b-9868-57a2d4851a1d" relativeResultsDirectory="c1abb012-fd77-4f6c-864f-a34d24debd23" />
    <UnitTestResult executionId="24304c2d-f276-47bf-8814-495869e71729" testId="2bbdaccb-fb5f-fa86-eb87-a2000d23e807" testName="Place.Api.Profile.Unit.Tests.Domain.ProfileTests.ProfileId_CreateUnique_ShouldCreateUniqueId" computerName="MacBook-Pro-de-Aristide" duration="00:00:00.0003977" startTime="2024-11-12T09:52:38.6148960+01:00" endTime="2024-11-12T09:52:38.6148960+01:00" testType="13cdc9d9-ddb5-4fa4-a97d-d965ccfc6d4b" outcome="Passed" testListId="8c84fa94-04c1-424b-9868-57a2d4851a1d" relativeResultsDirectory="24304c2d-f276-47bf-8814-495869e71729" />
    <UnitTestResult executionId="c26bca5d-47d8-4f68-a7ee-52fd9b674e67" testId="ef9110e0-00c2-4814-8958-4c60420a19ce" testName="Place.Api.Profile.Unit.Tests.Domain.FirstNameTests.Create_WithInvalidCharacters_ShouldReturnSpecificError(invalidName: &quot;John@Doe&quot;)" computerName="MacBook-Pro-de-Aristide" duration="00:00:00.0000064" startTime="2024-11-12T09:52:38.5935590+01:00" endTime="2024-11-12T09:52:38.5935590+01:00" testType="13cdc9d9-ddb5-4fa4-a97d-d965ccfc6d4b" outcome="Passed" testListId="8c84fa94-04c1-424b-9868-57a2d4851a1d" relativeResultsDirectory="c26bca5d-47d8-4f68-a7ee-52fd9b674e67" />
    <UnitTestResult executionId="38ec9edb-ad8d-453d-bc48-9b0eab05cccb" testId="ffa0f1c1-fcae-dbea-aa85-ccd7a08043a9" testName="Place.Api.Profile.Unit.Tests.Domain.EmailTests.Create_WithInvalidFormat_ShouldReturnError(invalidEmail: &quot;@example.com&quot;)" computerName="MacBook-Pro-de-Aristide" duration="00:00:00.0080159" startTime="2024-11-12T09:52:38.5731270+01:00" endTime="2024-11-12T09:52:38.5731270+01:00" testType="13cdc9d9-ddb5-4fa4-a97d-d965ccfc6d4b" outcome="Passed" testListId="8c84fa94-04c1-424b-9868-57a2d4851a1d" relativeResultsDirectory="38ec9edb-ad8d-453d-bc48-9b0eab05cccb" />
    <UnitTestResult executionId="72517617-66e3-4cb0-a553-3e00dfe20e53" testId="ca2e9357-8cb5-c73e-2936-68aff0688497" testName="Place.Api.Profile.Unit.Tests.Domain.LastNameTests.Create_WithAccentedCharacters_ShouldSucceed(nameWithAccents: &quot;Gärçia&quot;)" computerName="MacBook-Pro-de-Aristide" duration="00:00:00.0000056" startTime="2024-11-12T09:52:38.5943130+01:00" endTime="2024-11-12T09:52:38.5943130+01:00" testType="13cdc9d9-ddb5-4fa4-a97d-d965ccfc6d4b" outcome="Passed" testListId="8c84fa94-04c1-424b-9868-57a2d4851a1d" relativeResultsDirectory="72517617-66e3-4cb0-a553-3e00dfe20e53" />
    <UnitTestResult executionId="1d4575df-16c2-46b5-9b2d-4b11addaef17" testId="84e10fe2-eac8-0f19-9b70-b8969a0b4e2d" testName="Place.Api.Profile.Unit.Tests.Domain.PhoneNumberTests.Parse_WithValidRegionalNumber_ShouldSucceed(number: &quot;791234567&quot;, countryCode: &quot;CH&quot;, expected: &quot;+41791234567&quot;)" computerName="MacBook-Pro-de-Aristide" duration="00:00:00.0000666" startTime="2024-11-12T09:52:38.6113360+01:00" endTime="2024-11-12T09:52:38.6113360+01:00" testType="13cdc9d9-ddb5-4fa4-a97d-d965ccfc6d4b" outcome="Passed" testListId="8c84fa94-04c1-424b-9868-57a2d4851a1d" relativeResultsDirectory="1d4575df-16c2-46b5-9b2d-4b11addaef17" />
    <UnitTestResult executionId="8a6952d9-8679-4d03-8541-f3cddb822cab" testId="22cd2cbc-b624-65a5-ea0a-b26fb1e18b15" testName="Place.Api.Profile.Unit.Tests.Domain.LastNameTests.Create_WithInvalidCharacters_ShouldReturnSpecificError(invalidName: &quot;Smith\\Jones&quot;)" computerName="MacBook-Pro-de-Aristide" duration="00:00:00.0000076" startTime="2024-11-12T09:52:38.5932340+01:00" endTime="2024-11-12T09:52:38.5932350+01:00" testType="13cdc9d9-ddb5-4fa4-a97d-d965ccfc6d4b" outcome="Passed" testListId="8c84fa94-04c1-424b-9868-57a2d4851a1d" relativeResultsDirectory="8a6952d9-8679-4d03-8541-f3cddb822cab" />
    <UnitTestResult executionId="c5422fa9-e38c-4667-bd7a-77213c09748f" testId="7ae3af8c-e353-9aef-07ab-af1ad172303d" testName="Place.Api.Profile.Unit.Tests.Domain.LastNameTests.Create_WithAccentedCharacters_ShouldSucceed(nameWithAccents: &quot;Łukasiewicz&quot;)" computerName="MacBook-Pro-de-Aristide" duration="00:00:00.0000160" startTime="2024-11-12T09:52:38.5943020+01:00" endTime="2024-11-12T09:52:38.5943020+01:00" testType="13cdc9d9-ddb5-4fa4-a97d-d965ccfc6d4b" outcome="Passed" testListId="8c84fa94-04c1-424b-9868-57a2d4851a1d" relativeResultsDirectory="c5422fa9-e38c-4667-bd7a-77213c09748f" />
    <UnitTestResult executionId="e380c3e7-c3dd-4471-ae45-289d56ab0317" testId="5cbd9ddc-9249-3b6c-54ca-140cb0fea0a5" testName="Place.Api.Profile.Unit.Tests.Domain.ProfileTests.UpdatePersonalInfo_WithValidData_ShouldSucceed" computerName="MacBook-Pro-de-Aristide" duration="00:00:00.0002681" startTime="2024-11-12T09:52:38.6149090+01:00" endTime="2024-11-12T09:52:38.6149090+01:00" testType="13cdc9d9-ddb5-4fa4-a97d-d965ccfc6d4b" outcome="Passed" testListId="8c84fa94-04c1-424b-9868-57a2d4851a1d" relativeResultsDirectory="e380c3e7-c3dd-4471-ae45-289d56ab0317" />
    <UnitTestResult executionId="1c1b8ed5-43b6-433b-b6a0-6090587df6e2" testId="d4b1d237-99f1-0cad-90fa-48ecfa25e1da" testName="Place.Api.Profile.Unit.Tests.Domain.LastNameTests.Create_WithNullOrWhiteSpace_ShouldReturnSpecificError(invalidName: null, expectedErrorCode: &quot;LastName.Empty&quot;)" computerName="MacBook-Pro-de-Aristide" duration="00:00:00.0001607" startTime="2024-11-12T09:52:38.5954980+01:00" endTime="2024-11-12T09:52:38.5954980+01:00" testType="13cdc9d9-ddb5-4fa4-a97d-d965ccfc6d4b" outcome="Passed" testListId="8c84fa94-04c1-424b-9868-57a2d4851a1d" relativeResultsDirectory="1c1b8ed5-43b6-433b-b6a0-6090587df6e2" />
    <UnitTestResult executionId="367b34c0-7aca-4710-b404-0fa0c33e01ad" testId="bafb891a-11a2-f9c3-9391-c096e4828860" testName="Place.Api.Profile.Unit.Tests.Domain.LastNameTests.Create_WithNameExceedingMaxLength_ShouldReturnSpecificError(length: 200)" computerName="MacBook-Pro-de-Aristide" duration="00:00:00.0000043" startTime="2024-11-12T09:52:38.5957390+01:00" endTime="2024-11-12T09:52:38.5957390+01:00" testType="13cdc9d9-ddb5-4fa4-a97d-d965ccfc6d4b" outcome="Passed" testListId="8c84fa94-04c1-424b-9868-57a2d4851a1d" relativeResultsDirectory="367b34c0-7aca-4710-b404-0fa0c33e01ad" />
    <UnitTestResult executionId="1639ee60-937f-4871-a89d-86027724809d" testId="fb8cde8e-60de-1a34-4af8-fcefa0629050" testName="Place.Api.Profile.Unit.Tests.Domain.LastNameTests.Create_WithNullOrWhiteSpace_ShouldReturnSpecificError(invalidName: &quot;   &quot;, expectedErrorCode: &quot;LastName.Empty&quot;)" computerName="MacBook-Pro-de-Aristide" duration="00:00:00.0001858" startTime="2024-11-12T09:52:38.5954520+01:00" endTime="2024-11-12T09:52:38.5954520+01:00" testType="13cdc9d9-ddb5-4fa4-a97d-d965ccfc6d4b" outcome="Passed" testListId="8c84fa94-04c1-424b-9868-57a2d4851a1d" relativeResultsDirectory="1639ee60-937f-4871-a89d-86027724809d" />
    <UnitTestResult executionId="94631d73-01ac-408d-b14b-6a787c55c5ba" testId="dfa77d74-4a30-ef9c-e6c6-44209eba08e3" testName="Place.Api.Profile.Unit.Tests.Domain.LastNameTests.Create_WithValidName_ShouldReturnExpectedInstance(validName: &quot;von Neumann&quot;)" computerName="MacBook-Pro-de-Aristide" duration="00:00:00.0000056" startTime="2024-11-12T09:52:38.5941010+01:00" endTime="2024-11-12T09:52:38.5941010+01:00" testType="13cdc9d9-ddb5-4fa4-a97d-d965ccfc6d4b" outcome="Passed" testListId="8c84fa94-04c1-424b-9868-57a2d4851a1d" relativeResultsDirectory="94631d73-01ac-408d-b14b-6a787c55c5ba" />
    <UnitTestResult executionId="cb5befa2-7c75-480f-a369-21d8b6a67b49" testId="ad47f991-6590-ad71-0417-d9f42bdb0c9f" testName="Place.Api.Profile.Unit.Tests.Domain.PersonalInfoTests.Builder_ShouldThrowException_ForInvalidFirstName(invalidFirstName: &quot;&quot;)" computerName="MacBook-Pro-de-Aristide" duration="00:00:00.0001862" startTime="2024-11-12T09:52:38.6106390+01:00" endTime="2024-11-12T09:52:38.6106390+01:00" testType="13cdc9d9-ddb5-4fa4-a97d-d965ccfc6d4b" outcome="Passed" testListId="8c84fa94-04c1-424b-9868-57a2d4851a1d" relativeResultsDirectory="cb5befa2-7c75-480f-a369-21d8b6a67b49" />
    <UnitTestResult executionId="c0cbca7e-a733-4afe-89a3-f9a456193302" testId="6e0ef7d5-4a16-e33d-f69b-5addcc876c01" testName="Place.Api.Profile.Unit.Tests.Domain.AddressTests.ToString_ShouldHandleNullFields(street: &quot;123 Main St&quot;, zipCode: &quot;12345&quot;, city: &quot;New York&quot;, country: &quot;USA&quot;, expected: &quot;123 Main St, 12345 New York, USA&quot;)" computerName="MacBook-Pro-de-Aristide" duration="00:00:00.0000516" startTime="2024-11-12T09:52:38.5962420+01:00" endTime="2024-11-12T09:52:38.5962420+01:00" testType="13cdc9d9-ddb5-4fa4-a97d-d965ccfc6d4b" outcome="Passed" testListId="8c84fa94-04c1-424b-9868-57a2d4851a1d" relativeResultsDirectory="c0cbca7e-a733-4afe-89a3-f9a456193302" />
    <UnitTestResult executionId="37f33ce2-06aa-462b-8979-7193e7f91da8" testId="cf2c8e38-c159-f8a5-c860-7b7846660372" testName="Place.Api.Profile.Unit.Tests.Domain.PersonalInfoTests.Builder_ShouldThrowException_ForInvalidAddress(street: &quot;123 Main St&quot;, zipCode: &quot;75001&quot;, city: &quot;&quot;, country: &quot;France&quot;)" computerName="MacBook-Pro-de-Aristide" duration="00:00:00.0000984" startTime="2024-11-12T09:52:38.5970570+01:00" endTime="2024-11-12T09:52:38.5970570+01:00" testType="13cdc9d9-ddb5-4fa4-a97d-d965ccfc6d4b" outcome="Passed" testListId="8c84fa94-04c1-424b-9868-57a2d4851a1d" relativeResultsDirectory="37f33ce2-06aa-462b-8979-7193e7f91da8" />
    <UnitTestResult executionId="c1c891b0-26f8-457a-8e61-e7096f9903fa" testId="cd6ad6f0-1170-0c24-7234-327473001caa" testName="Place.Api.Profile.Unit.Tests.Domain.LastNameTests.Create_WithCompoundName_ShouldSucceed(compoundName: &quot;Mac Donald&quot;)" computerName="MacBook-Pro-de-Aristide" duration="00:00:00.0000022" startTime="2024-11-12T09:52:38.5952170+01:00" endTime="2024-11-12T09:52:38.5952170+01:00" testType="13cdc9d9-ddb5-4fa4-a97d-d965ccfc6d4b" outcome="Passed" testListId="8c84fa94-04c1-424b-9868-57a2d4851a1d" relativeResultsDirectory="c1c891b0-26f8-457a-8e61-e7096f9903fa" />
    <UnitTestResult executionId="2546384f-4698-49cd-8f9a-dab658b5af81" testId="43e07c74-299c-4f32-dede-eae58e2771e3" testName="Place.Api.Profile.Unit.Tests.Domain.PhoneNumberTests.Parse_WithEmptyNumber_ShouldReturnError(number: &quot;&quot;)" computerName="MacBook-Pro-de-Aristide" duration="00:00:00.0000308" startTime="2024-11-12T09:52:38.6106630+01:00" endTime="2024-11-12T09:52:38.6106630+01:00" testType="13cdc9d9-ddb5-4fa4-a97d-d965ccfc6d4b" outcome="Passed" testListId="8c84fa94-04c1-424b-9868-57a2d4851a1d" relativeResultsDirectory="2546384f-4698-49cd-8f9a-dab658b5af81" />
    <UnitTestResult executionId="3175d312-32d4-4442-9522-0b672515c5fe" testId="995845ba-2914-91c0-4c40-2e9b7c608e81" testName="Place.Api.Profile.Unit.Tests.Domain.DateOfBirthTests.Create_ShouldAlwaysReturnUtcDateTime" computerName="MacBook-Pro-de-Aristide" duration="00:00:00.0001152" startTime="2024-11-12T09:52:38.5957150+01:00" endTime="2024-11-12T09:52:38.5957150+01:00" testType="13cdc9d9-ddb5-4fa4-a97d-d965ccfc6d4b" outcome="Passed" testListId="8c84fa94-04c1-424b-9868-57a2d4851a1d" relativeResultsDirectory="3175d312-32d4-4442-9522-0b672515c5fe" />
    <UnitTestResult executionId="0c4e2942-25ac-40d5-9707-8c8d26da428d" testId="c0efb270-5ce9-7e4a-bd49-3d14063c6aa3" testName="Place.Api.Profile.Unit.Tests.Domain.LastNameTests.Create_WithInvalidCharacters_ShouldReturnSpecificError(invalidName: &quot;Smith$&quot;)" computerName="MacBook-Pro-de-Aristide" duration="00:00:00.0000121" startTime="2024-11-12T09:52:38.5930200+01:00" endTime="2024-11-12T09:52:38.5930200+01:00" testType="13cdc9d9-ddb5-4fa4-a97d-d965ccfc6d4b" outcome="Passed" testListId="8c84fa94-04c1-424b-9868-57a2d4851a1d" relativeResultsDirectory="0c4e2942-25ac-40d5-9707-8c8d26da428d" />
    <UnitTestResult executionId="a8d2c713-1196-4464-aed4-2f7f2c813778" testId="cfbf7471-532d-d060-1e74-e5216ffd2c43" testName="Place.Api.Profile.Unit.Tests.Domain.AddressTests.Create_WithAllFieldsValid_ShouldSucceed" computerName="MacBook-Pro-de-Aristide" duration="00:00:00.0012528" startTime="2024-11-12T09:52:38.5957820+01:00" endTime="2024-11-12T09:52:38.5957820+01:00" testType="13cdc9d9-ddb5-4fa4-a97d-d965ccfc6d4b" outcome="Passed" testListId="8c84fa94-04c1-424b-9868-57a2d4851a1d" relativeResultsDirectory="a8d2c713-1196-4464-aed4-2f7f2c813778" />
    <UnitTestResult executionId="8cf54645-ab68-4e85-adba-3706c691b3be" testId="b76a6e7c-42ad-1a6e-f389-95c563897925" testName="Place.Api.Profile.Unit.Tests.Domain.LastNameTests.Create_WithInvalidCharacters_ShouldReturnSpecificError(invalidName: &quot;Smith/Jones&quot;)" computerName="MacBook-Pro-de-Aristide" duration="00:00:00.0000069" startTime="2024-11-12T09:52:38.5932450+01:00" endTime="2024-11-12T09:52:38.5932450+01:00" testType="13cdc9d9-ddb5-4fa4-a97d-d965ccfc6d4b" outcome="Passed" testListId="8c84fa94-04c1-424b-9868-57a2d4851a1d" relativeResultsDirectory="8cf54645-ab68-4e85-adba-3706c691b3be" />
    <UnitTestResult executionId="baf5ce02-09bc-4928-8c90-76270825da72" testId="0aaf5025-1780-ec39-4abd-2ae7bdc3ec35" testName="Place.Api.Profile.Unit.Tests.Domain.PhoneNumberTests.Equals_ShouldHandleValueEquality(number1: &quot;+33612345678&quot;, number2: &quot;+33612345679&quot;)" computerName="MacBook-Pro-de-Aristide" duration="00:00:00.0001427" startTime="2024-11-12T09:52:38.6136780+01:00" endTime="2024-11-12T09:52:38.6136780+01:00" testType="13cdc9d9-ddb5-4fa4-a97d-d965ccfc6d4b" outcome="Passed" testListId="8c84fa94-04c1-424b-9868-57a2d4851a1d" relativeResultsDirectory="baf5ce02-09bc-4928-8c90-76270825da72" />
    <UnitTestResult executionId="86283420-d392-4bfb-bf9c-76a5da926e03" testId="d20cd865-87d9-a780-1750-9912a89a347f" testName="Place.Api.Profile.Unit.Tests.Domain.PhoneNumberTests.Format_WithDifferentFormats_ShouldReturnCorrectFormat(number: &quot;+33612345678&quot;, format: NATIONAL, expected: &quot;06 12 34 56 78&quot;)" computerName="MacBook-Pro-de-Aristide" duration="00:00:00.0015185" startTime="2024-11-12T09:52:38.6128960+01:00" endTime="2024-11-12T09:52:38.6128960+01:00" testType="13cdc9d9-ddb5-4fa4-a97d-d965ccfc6d4b" outcome="Passed" testListId="8c84fa94-04c1-424b-9868-57a2d4851a1d" relativeResultsDirectory="86283420-d392-4bfb-bf9c-76a5da926e03" />
    <UnitTestResult executionId="a269808a-3e04-4fb2-b59d-7517b2668888" testId="b32b1260-9cb5-2189-d354-29f40f7f028b" testName="Place.Api.Profile.Unit.Tests.Domain.ProfileTests.UpdateEmail_WithInvalidEmail_ShouldFail(invalidEmail: &quot;invalid-email&quot;)" computerName="MacBook-Pro-de-Aristide" duration="00:00:00.0000050" startTime="2024-11-12T09:52:38.6151660+01:00" endTime="2024-11-12T09:52:38.6151660+01:00" testType="13cdc9d9-ddb5-4fa4-a97d-d965ccfc6d4b" outcome="Passed" testListId="8c84fa94-04c1-424b-9868-57a2d4851a1d" relativeResultsDirectory="a269808a-3e04-4fb2-b59d-7517b2668888" />
    <UnitTestResult executionId="b8b6fa16-8683-4b3a-8331-5c9f28ad208b" testId="a704dc0a-33de-b477-607f-63050b15365a" testName="Place.Api.Profile.Unit.Tests.Domain.EmailTests.Create_WithNullOrWhiteSpace_ShouldReturnError(invalidEmail: null)" computerName="MacBook-Pro-de-Aristide" duration="00:00:00.0000020" startTime="2024-11-12T09:52:38.5967770+01:00" endTime="2024-11-12T09:52:38.5967770+01:00" testType="13cdc9d9-ddb5-4fa4-a97d-d965ccfc6d4b" outcome="Passed" testListId="8c84fa94-04c1-424b-9868-57a2d4851a1d" relativeResultsDirectory="b8b6fa16-8683-4b3a-8331-5c9f28ad208b" />
    <UnitTestResult executionId="1cfdbc52-11dc-42b1-83fb-914f03a85a52" testId="920dd9cd-9801-caab-0c6f-1df92f599ff3" testName="Place.Api.Profile.Unit.Tests.Domain.AddressTests.Create_WithInvalidRequiredFields_ShouldReturnError(street: null, zipCode: null, city: &quot;New York&quot;, country: null, expectedError: &quot;Address.Country.Empty&quot;)" computerName="MacBook-Pro-de-Aristide" duration="00:00:00.0001910" startTime="2024-11-12T09:52:38.5929970+01:00" endTime="2024-11-12T09:52:38.5929970+01:00" testType="13cdc9d9-ddb5-4fa4-a97d-d965ccfc6d4b" outcome="Passed" testListId="8c84fa94-04c1-424b-9868-57a2d4851a1d" relativeResultsDirectory="1cfdbc52-11dc-42b1-83fb-914f03a85a52" />
    <UnitTestResult executionId="e9f10720-131f-4d13-ae44-b70af6ef71a1" testId="5be06235-df34-6c85-0871-aa6fc0b7cee1" testName="Place.Api.Profile.Unit.Tests.Domain.LastNameTests.ValueObject_EqualityBehavior_ShouldBeCorrect(value1: &quot;Dupont&quot;, value2: &quot;Martin&quot;, shouldBeEqual: False)" computerName="MacBook-Pro-de-Aristide" duration="00:00:00.0006496" startTime="2024-11-12T09:52:38.5948040+01:00" endTime="2024-11-12T09:52:38.5948040+01:00" testType="13cdc9d9-ddb5-4fa4-a97d-d965ccfc6d4b" outcome="Passed" testListId="8c84fa94-04c1-424b-9868-57a2d4851a1d" relativeResultsDirectory="e9f10720-131f-4d13-ae44-b70af6ef71a1" />
    <UnitTestResult executionId="c4db83ef-1309-44ac-8381-6af1c49d9b77" testId="84cc1a2a-9674-28c5-3d40-7cf4cb4f7c6b" testName="Place.Api.Profile.Unit.Tests.Domain.PhoneNumberTests.Parse_WithRegion_ShouldSetCorrectCountryCode(number: &quot;791234567&quot;, region: &quot;CH&quot;, expectedCountryCode: &quot;41&quot;)" computerName="MacBook-Pro-de-Aristide" duration="00:00:00.0035589" startTime="2024-11-12T09:52:38.6100710+01:00" endTime="2024-11-12T09:52:38.6100710+01:00" testType="13cdc9d9-ddb5-4fa4-a97d-d965ccfc6d4b" outcome="Passed" testListId="8c84fa94-04c1-424b-9868-57a2d4851a1d" relativeResultsDirectory="c4db83ef-1309-44ac-8381-6af1c49d9b77" />
    <UnitTestResult executionId="5f25ecf9-1a00-40c8-aec1-c896c6cc8ef9" testId="51148fd7-349d-933e-559b-0c1b29d055ae" testName="Place.Api.Profile.Unit.Tests.Domain.ProfileTests.Create_WithValidData_ShouldSucceed(email: &quot;user.name+tag@domain.com&quot;)" computerName="MacBook-Pro-de-Aristide" duration="00:00:00.0000454" startTime="2024-11-12T09:52:38.6129160+01:00" endTime="2024-11-12T09:52:38.6129160+01:00" testType="13cdc9d9-ddb5-4fa4-a97d-d965ccfc6d4b" outcome="Passed" testListId="8c84fa94-04c1-424b-9868-57a2d4851a1d" relativeResultsDirectory="5f25ecf9-1a00-40c8-aec1-c896c6cc8ef9" />
    <UnitTestResult executionId="5b877b9d-7117-4990-b606-ba1d123ed72c" testId="f043861e-f5fe-3ecc-6777-c583c6038295" testName="Place.Api.Profile.Unit.Tests.Domain.EmailTests.Create_WithUpperCaseEmail_ShouldNormalizeToLowerCase(input: &quot;User.Name@Example.com&quot;, expected: &quot;user.name@example.com&quot;)" computerName="MacBook-Pro-de-Aristide" duration="00:00:00.0000503" startTime="2024-11-12T09:52:38.5970440+01:00" endTime="2024-11-12T09:52:38.5970440+01:00" testType="13cdc9d9-ddb5-4fa4-a97d-d965ccfc6d4b" outcome="Passed" testListId="8c84fa94-04c1-424b-9868-57a2d4851a1d" relativeResultsDirectory="5b877b9d-7117-4990-b606-ba1d123ed72c" />
    <UnitTestResult executionId="12893e35-a912-49f9-8727-058318283d44" testId="f0f5f3e5-2fd6-83cc-2a8b-9e34924275e4" testName="Place.Api.Profile.Unit.Tests.Domain.AddressTests.Create_WithOnlyRequiredFields_ShouldSucceed" computerName="MacBook-Pro-de-Aristide" duration="00:00:00.0001940" startTime="2024-11-12T09:52:38.5965310+01:00" endTime="2024-11-12T09:52:38.5965310+01:00" testType="13cdc9d9-ddb5-4fa4-a97d-d965ccfc6d4b" outcome="Passed" testListId="8c84fa94-04c1-424b-9868-57a2d4851a1d" relativeResultsDirectory="12893e35-a912-49f9-8727-058318283d44" />
    <UnitTestResult executionId="1b761c7d-8b00-4b8f-bbc0-11ba16a5e761" testId="7d386229-6e66-81fc-6b7b-9ecbd40f8f03" testName="Place.Api.Profile.Unit.Tests.Domain.AddressTests.Create_WithInvalidRequiredFields_ShouldReturnError(street: null, zipCode: null, city: null, country: &quot;USA&quot;, expectedError: &quot;Address.City.Empty&quot;)" computerName="MacBook-Pro-de-Aristide" duration="00:00:00.0001527" startTime="2024-11-12T09:52:38.5932520+01:00" endTime="2024-11-12T09:52:38.5932520+01:00" testType="13cdc9d9-ddb5-4fa4-a97d-d965ccfc6d4b" outcome="Passed" testListId="8c84fa94-04c1-424b-9868-57a2d4851a1d" relativeResultsDirectory="1b761c7d-8b00-4b8f-bbc0-11ba16a5e761" />
    <UnitTestResult executionId="7e45b6d1-9c9f-40ca-a22c-f08cc661fb6d" testId="1b0dcde1-a049-f657-4dc2-b39e6e392bcc" testName="Place.Api.Profile.Unit.Tests.Domain.PhoneNumberTests.Parse_WithInvalidInput_ShouldReturnError(number: &quot;0612345678&quot;, countryCode: &quot;XX&quot;)" computerName="MacBook-Pro-de-Aristide" duration="00:00:00.0000503" startTime="2024-11-12T09:52:38.6145700+01:00" endTime="2024-11-12T09:52:38.6145700+01:00" testType="13cdc9d9-ddb5-4fa4-a97d-d965ccfc6d4b" outcome="Passed" testListId="8c84fa94-04c1-424b-9868-57a2d4851a1d" relativeResultsDirectory="7e45b6d1-9c9f-40ca-a22c-f08cc661fb6d" />
[...]
    <TestEntry testId="51148fd7-349d-933e-559b-0c1b29d055ae" executionId="5f25ecf9-1a00-40c8-aec1-c896c6cc8ef9" testListId="8c84fa94-04c1-424b-9868-57a2d4851a1d" />
    <TestEntry testId="f043861e-f5fe-3ecc-6777-c583c6038295" executionId="5b877b9d-7117-4990-b606-ba1d123ed72c" testListId="8c84fa94-04c1-424b-9868-57a2d4851a1d" />
    <TestEntry testId="f0f5f3e5-2fd6-83cc-2a8b-9e34924275e4" executionId="12893e35-a912-49f9-8727-058318283d44" testListId="8c84fa94-04c1-424b-9868-57a2d4851a1d" />
    <TestEntry testId="7d386229-6e66-81fc-6b7b-9ecbd40f8f03" executionId="1b761c7d-8b00-4b8f-bbc0-11ba16a5e761" testListId="8c84fa94-04c1-424b-9868-57a2d4851a1d" />
    <TestEntry testId="1b0dcde1-a049-f657-4dc2-b39e6e392bcc" executionId="7e45b6d1-9c9f-40ca-a22c-f08cc661fb6d" testListId="8c84fa94-04c1-424b-9868-57a2d4851a1d" />
    <TestEntry testId="25228f37-41d7-a966-15e4-97ce0e47df7e" executionId="14027df0-dca2-46d7-9cfc-89a2578069db" testListId="8c84fa94-04c1-424b-9868-57a2d4851a1d" />
    <TestEntry testId="e8b0aa7b-6d9c-4de3-6ef4-19cf57e3d6c6" executionId="5e99b956-4b29-4022-8053-e228e566b701" testListId="8c84fa94-04c1-424b-9868-57a2d4851a1d" />
    <TestEntry testId="60566758-908d-c047-cae9-a2a7eaef6c40" executionId="69feb367-ce4a-4a66-b283-962010c57117" testListId="8c84fa94-04c1-424b-9868-57a2d4851a1d" />
    <TestEntry testId="43f999d1-d748-2b54-791d-2e7f78752e83" executionId="367560a3-38e8-47dc-8e74-1033e57f455e" testListId="8c84fa94-04c1-424b-9868-57a2d4851a1d" />
    <TestEntry testId="0eee2e2e-bda4-91fc-7396-ea8f90ec9ef5" executionId="96177a39-e2f0-498b-adfd-c671a731217b" testListId="8c84fa94-04c1-424b-9868-57a2d4851a1d" />
    <TestEntry testId="ffc212da-ae4f-05c7-86de-7068ddc79f10" executionId="eac0696c-6720-4dcc-94cd-545dca90eb3b" testListId="8c84fa94-04c1-424b-9868-57a2d4851a1d" />
    <TestEntry testId="423c98ad-f191-0ed6-1b27-43d35ab83da2" executionId="a8d68afe-4f00-4920-9a13-5bb0e6335345" testListId="8c84fa94-04c1-424b-9868-57a2d4851a1d" />
    <TestEntry testId="707f51b1-75af-81b6-a548-cd38d947740c" executionId="a0b45ea3-9b4d-4d50-967d-cdce945c31b1" testListId="8c84fa94-04c1-424b-9868-57a2d4851a1d" />
    <TestEntry testId="113fe440-ffcd-4012-6f71-0823582d1e66" executionId="9aa9cbee-8a41-4d17-890a-f32ddd2a4db2" testListId="8c84fa94-04c1-424b-9868-57a2d4851a1d" />
    <TestEntry testId="4f484d68-e8dc-a781-b79d-f68d3de4cae6" executionId="34021251-46aa-4254-9661-3a9df325d993" testListId="8c84fa94-04c1-424b-9868-57a2d4851a1d" />
    <TestEntry testId="21a9204b-2fd3-bcfe-a35c-4ea0476f0c7c" executionId="67c7aeb5-232f-4440-9d25-df3bbca6d5a4" testListId="8c84fa94-04c1-424b-9868-57a2d4851a1d" />
    <TestEntry testId="d237a0e1-7f85-a16f-59d1-a157a423af41" executionId="6178e9e6-0af7-4599-a262-a80e860c2e01" testListId="8c84fa94-04c1-424b-9868-57a2d4851a1d" />
    <TestEntry testId="7a9d2b5d-1dbb-17c7-865a-fce21afacc14" executionId="337be0ef-fa04-469d-9608-bc5f1cb21ebd" testListId="8c84fa94-04c1-424b-9868-57a2d4851a1d" />
    <TestEntry testId="5d90900b-4f67-b234-37d0-3a2e853270c6" executionId="892e6a55-cc0d-4be6-b6b5-328ce4576ae3" testListId="8c84fa94-04c1-424b-9868-57a2d4851a1d" />
    <TestEntry testId="d04fcd16-93d4-b5db-45e0-29a07b062a72" executionId="b3a32cb9-755c-41f9-a506-e65dd6804275" testListId="8c84fa94-04c1-424b-9868-57a2d4851a1d" />
    <TestEntry testId="7d29dd9c-070a-4e5f-873b-55907aa7d08e" executionId="bcc63608-5400-4bd0-86e9-101b2cd8c8b8" testListId="8c84fa94-04c1-424b-9868-57a2d4851a1d" />
    <TestEntry testId="a4d741e0-784c-dbf5-fa59-44f19d80840e" executionId="00fcf390-6ef4-4efd-91d3-fe2163825671" testListId="8c84fa94-04c1-424b-9868-57a2d4851a1d" />
    <TestEntry testId="d2d52f14-0040-8782-ba59-97b00905d545" executionId="a70b1cbf-7dbf-4104-b0fe-727c10406086" testListId="8c84fa94-04c1-424b-9868-57a2d4851a1d" />
    <TestEntry testId="2db8820a-80d4-b9c9-d2b6-f0b811843c3d" executionId="6e42aa5c-b876-4e98-b0e7-bc08b3c08b16" testListId="8c84fa94-04c1-424b-9868-57a2d4851a1d" />
    <TestEntry testId="6fb74ba8-f538-c3fb-6b18-77477cdee7c6" executionId="dc0260e5-ea47-44ae-aa6a-8dd049f616b4" testListId="8c84fa94-04c1-424b-9868-57a2d4851a1d" />
    <TestEntry testId="53ef979e-9ad6-b964-0d3e-651dc9a05315" executionId="8f5c8404-8f49-4df5-b5eb-9ef58f951583" testListId="8c84fa94-04c1-424b-9868-57a2d4851a1d" />
    <TestEntry testId="d67c5b4b-6946-1378-4a5a-35afef326117" executionId="09680a1c-f294-4fc1-8677-717b948b5219" testListId="8c84fa94-04c1-424b-9868-57a2d4851a1d" />
    <TestEntry testId="a961b8f8-87cb-46a6-24ee-e31fd67c70f0" executionId="874345bc-ea00-4979-bb64-de0a558018b5" testListId="8c84fa94-04c1-424b-9868-57a2d4851a1d" />
    <TestEntry testId="9946a12c-edb7-8c2a-c0a4-de639925893a" executionId="beb276b7-6f2c-41c4-b7f1-a14d1ed09357" testListId="8c84fa94-04c1-424b-9868-57a2d4851a1d" />
    <TestEntry testId="cf162135-ccff-0f43-c610-b2a28966434d" executionId="e68afd41-02cc-4d24-b89b-4402db45c5eb" testListId="8c84fa94-04c1-424b-9868-57a2d4851a1d" />
    <TestEntry testId="0d49f714-dfee-d6b1-203c-bfd242869de1" executionId="8bb95cde-6da3-4483-9b6b-c65e6abf7237" testListId="8c84fa94-04c1-424b-9868-57a2d4851a1d" />
    <TestEntry testId="362662c5-3aa4-880b-1051-76802ef6963e" executionId="aced5280-51b6-493d-a433-b3e9b0eeb935" testListId="8c84fa94-04c1-424b-9868-57a2d4851a1d" />
    <TestEntry testId="532a14fc-83f0-fe88-cef4-720e9e804e8f" executionId="af6d1caf-a0e5-4614-8a3b-f36d182ca381" testListId="8c84fa94-04c1-424b-9868-57a2d4851a1d" />
    <TestEntry testId="05bb857b-f1ac-63da-df00-a6014b1354df" executionId="2fbcb7d7-b3de-4887-b8f2-89f4f4748fe6" testListId="8c84fa94-04c1-424b-9868-57a2d4851a1d" />
    <TestEntry testId="642ca54d-244b-326b-bdef-48ef3ec4a8b8" executionId="4173835c-63e3-4b41-bec8-52553aca9dee" testListId="8c84fa94-04c1-424b-9868-57a2d4851a1d" />
    <TestEntry testId="66a76407-7bfc-a97e-1ddd-a2d7513e5ddd" executionId="9d4ee2db-7aa3-4cd3-bdcb-92e075b6be75" testListId="8c84fa94-04c1-424b-9868-57a2d4851a1d" />
    <TestEntry testId="8dd93d25-0223-cf82-0803-809d90b3d15b" executionId="e4f2a548-4eee-4bb4-a5aa-d37393e28fd4" testListId="8c84fa94-04c1-424b-9868-57a2d4851a1d" />
    <TestEntry testId="eabe248c-19fe-e4a3-9407-ef31d54e5f02" executionId="10687a75-a037-4f41-bf1d-4b14c145dd06" testListId="8c84fa94-04c1-424b-9868-57a2d4851a1d" />
    <TestEntry testId="87b0ef5b-942f-9238-b298-8e30c6e574f4" executionId="e51a2df5-3c1a-415d-9ad5-a4e59d3a5e18" testListId="8c84fa94-04c1-424b-9868-57a2d4851a1d" />
    <TestEntry testId="b5141092-467a-c0eb-9c68-c6f5bb9c5953" executionId="3bea7053-0b00-41ec-8402-9ff8ef735796" testListId="8c84fa94-04c1-424b-9868-57a2d4851a1d" />
    <TestEntry testId="f25a2be7-ee74-e7a2-b84e-d2281097b170" executionId="0f7439a6-47bd-464f-9d3c-4a3bba524f78" testListId="8c84fa94-04c1-424b-9868-57a2d4851a1d" />
    <TestEntry testId="2f5733d2-f2d7-039e-4773-874368127d72" executionId="ec951656-2fef-41e8-a807-81add48c41b4" testListId="8c84fa94-04c1-424b-9868-57a2d4851a1d" />
    <TestEntry testId="a8e1b90c-673b-64b0-6fe6-9390cdded42b" executionId="c8c45152-6fb1-446c-b2a3-26f2eb9733bd" testListId="8c84fa94-04c1-424b-9868-57a2d4851a1d" />
    <TestEntry testId="b959f4d0-f5dd-55c6-7c7b-8124520168c7" executionId="abd07904-72ef-4a0f-ac43-626b661e2302" testListId="8c84fa94-04c1-424b-9868-57a2d4851a1d" />
    <TestEntry testId="77510ea2-de26-84e0-bd28-aeb1d6321c5f" executionId="a7e2d76f-be04-451b-83e8-9c300418ee23" testListId="8c84fa94-04c1-424b-9868-57a2d4851a1d" />
    <TestEntry testId="ab65bb7f-bac1-c3fa-0813-c4b7bf8e4924" executionId="95c298be-2df2-4068-9dd1-4bd3258fba2f" testListId="8c84fa94-04c1-424b-9868-57a2d4851a1d" />
    <TestEntry testId="88eaf448-d28d-dc60-2169-a4a0e4f719b0" executionId="54d5f759-8938-4df5-b9f9-b4cf89fdef54" testListId="8c84fa94-04c1-424b-9868-57a2d4851a1d" />
    <TestEntry testId="bad8c07d-bdc7-f2e0-5502-a90e10c37a2e" executionId="5b5f707a-fd52-4c94-a101-2f92dc208d0e" testListId="8c84fa94-04c1-424b-9868-57a2d4851a1d" />
    <TestEntry testId="1cf8f8d4-a2e5-4d0c-089b-88fc047c7c40" executionId="c5424d03-9bb3-42ed-a74c-aed149b900f1" testListId="8c84fa94-04c1-424b-9868-57a2d4851a1d" />
    <TestEntry testId="819dd1b1-5575-944b-ae5b-514ccca6929e" executionId="af1e1f44-63e5-4b54-abb2-b5fde7f905d3" testListId="8c84fa94-04c1-424b-9868-57a2d4851a1d" />
    <TestEntry testId="0e21d5ae-353c-93a2-0429-62891d05bb52" executionId="6050fa1b-8d9a-4b8f-ab32-fff31aa713e9" testListId="8c84fa94-04c1-424b-9868-57a2d4851a1d" />
    <TestEntry testId="c512db80-99bc-fca6-fda6-1fbc17d5aeff" executionId="0ec57e18-bb29-45a6-bf65-800bf1bf4d89" testListId="8c84fa94-04c1-424b-9868-57a2d4851a1d" />
    <TestEntry testId="ee2b1184-605e-348c-1119-33ef0436dcec" executionId="578641a2-4b23-47bf-ac77-4f2e5eca9ba9" testListId="8c84fa94-04c1-424b-9868-57a2d4851a1d" />
    <TestEntry testId="9e3696a9-b408-027f-9e87-4aa12826f033" executionId="6d05124f-e128-4672-8ae6-61dc2cb3c39e" testListId="8c84fa94-04c1-424b-9868-57a2d4851a1d" />
    <TestEntry testId="62376138-3796-07eb-0362-966e4734d577" executionId="7b1f109f-0582-4ef6-980d-37abb7f081fe" testListId="8c84fa94-04c1-424b-9868-57a2d4851a1d" />
    <TestEntry testId="3fe69599-87d8-8330-181e-c6618158f6e3" executionId="12facc53-7645-4a32-851d-1bbf75041bbc" testListId="8c84fa94-04c1-424b-9868-57a2d4851a1d" />
    <TestEntry testId="81de833a-09b5-e24c-e989-9a9780be619e" executionId="acb7bba4-a3fd-41e3-b76f-3bf8fede0383" testListId="8c84fa94-04c1-424b-9868-57a2d4851a1d" />
    <TestEntry testId="8b514a23-1ed7-6903-f786-4beb64298c2f" executionId="c262ac90-c958-4c73-bcbe-2353d762f17e" testListId="8c84fa94-04c1-424b-9868-57a2d4851a1d" />
    <TestEntry testId="19659af0-b33d-1232-7270-b43710d8b385" executionId="363612d1-4b44-4a0c-85ab-9eb6e8fc705f" testListId="8c84fa94-04c1-424b-9868-57a2d4851a1d" />
    <TestEntry testId="8e1f5213-8d3b-e80e-b53b-0bf3d8e9253e" executionId="26bcca3f-1ccf-4539-ad21-58bd90159bc6" testListId="8c84fa94-04c1-424b-9868-57a2d4851a1d" />
    <TestEntry testId="797a25b4-04e7-e88e-6878-d8cb11e14c3e" executionId="9b4e14ad-21cf-4066-8085-45a4f147d4fb" testListId="8c84fa94-04c1-424b-9868-57a2d4851a1d" />
    <TestEntry testId="2345f5dd-0cd1-f998-0af0-f1d165202d65" executionId="f281352a-ccd2-41c9-8c45-1c939715c44d" testListId="8c84fa94-04c1-424b-9868-57a2d4851a1d" />
    <TestEntry testId="e5258503-38ba-28a4-f4d2-533e55517fb2" executionId="dd7738bb-91db-493e-9c40-1ef7333ac928" testListId="8c84fa94-04c1-424b-9868-57a2d4851a1d" />
    <TestEntry testId="df985599-b0d0-461f-a20b-46aa82f489cd" executionId="c9528ef5-1bb3-4e04-aeee-be668df96fd7" testListId="8c84fa94-04c1-424b-9868-57a2d4851a1d" />
    <TestEntry testId="1ed79b1b-8d51-638d-cd60-0cb895ce8b98" executionId="bad69f9c-4c7c-4b46-bd16-de376b4056cf" testListId="8c84fa94-04c1-424b-9868-57a2d4851a1d" />
    <TestEntry testId="30a27f7b-1d56-f162-e02f-8bf8d0975c79" executionId="80751f1b-5922-43ac-807b-0f5e73a81ed0" testListId="8c84fa94-04c1-424b-9868-57a2d4851a1d" />
    <TestEntry testId="c11c2522-8ab8-8035-902d-ee9ea94d82f9" executionId="5669aa6e-c844-4469-8eb3-2a02c02320fc" testListId="8c84fa94-04c1-424b-9868-57a2d4851a1d" />
    <TestEntry testId="18cbc7dd-154a-37dd-26a0-712bb4733f59" executionId="705083cd-d982-4797-9098-54e86937bb9e" testListId="8c84fa94-04c1-424b-9868-57a2d4851a1d" />
    <TestEntry testId="c42af41c-d50e-3896-00ea-9bac3ebef24b" executionId="5a29ee1d-4540-466b-936d-1e39e5a5dd07" testListId="8c84fa94-04c1-424b-9868-57a2d4851a1d" />
    <TestEntry testId="4e902621-1da7-6081-f4fa-9790dc73af65" executionId="f8fec8da-d4ee-43e1-a7b2-a89db9131603" testListId="8c84fa94-04c1-424b-9868-57a2d4851a1d" />
    <TestEntry testId="0af2a6c9-9a69-fcee-e991-f3db97608f5c" executionId="4c5c8257-9f2c-491a-b674-8d59ebbd7bbb" testListId="8c84fa94-04c1-424b-9868-57a2d4851a1d" />
    <TestEntry testId="92b3c3d5-cb7f-d68a-84d7-0d1c83c7b62d" executionId="166be20f-f464-4d2e-8092-217f0380805a" testListId="8c84fa94-04c1-424b-9868-57a2d4851a1d" />
    <TestEntry testId="21d21d38-50e9-35a7-f5b8-9ef3a6f17f65" executionId="72786403-3796-40ec-96cb-a82c8ac4650d" testListId="8c84fa94-04c1-424b-9868-57a2d4851a1d" />
    <TestEntry testId="90bfd47a-15e9-eefb-b2e0-c3d8355af8aa" executionId="619f1dee-67bc-42b0-9088-feaafe56d43d" testListId="8c84fa94-04c1-424b-9868-57a2d4851a1d" />
    <TestEntry testId="ab16d5bb-d3f6-b1f5-f48f-08a531b11280" executionId="f8669c82-2569-4430-aa24-cd77dcaa828f" testListId="8c84fa94-04c1-424b-9868-57a2d4851a1d" />
    <TestEntry testId="3b1df995-c304-674f-36db-832f6cbf21d4" executionId="99fb3b07-0773-432e-90a5-5bf57f8c95ca" testListId="8c84fa94-04c1-424b-9868-57a2d4851a1d" />
    <TestEntry testId="b4189946-0bc6-db03-831e-04d4499ff76b" executionId="d73f77e4-e186-4f0e-a038-90f7567f98b7" testListId="8c84fa94-04c1-424b-9868-57a2d4851a1d" />
    <TestEntry testId="3f618046-4f86-3917-d083-b7b69071fee0" executionId="4b8b51cb-f02d-48cc-8527-587bf6479474" testListId="8c84fa94-04c1-424b-9868-57a2d4851a1d" />
    <TestEntry testId="3f33fd58-3f59-be9f-a9da-595722dbb8de" executionId="e89a077f-f9c0-4a8f-b53f-edc80fbbf66c" testListId="8c84fa94-04c1-424b-9868-57a2d4851a1d" />
    <TestEntry testId="aca6f7dc-61ce-1bfd-d947-4b88a026412f" executionId="eb8a7c67-75d9-49b1-9c1d-75320a47bdd6" testListId="8c84fa94-04c1-424b-9868-57a2d4851a1d" />
    <TestEntry testId="82e13a09-73c0-09a1-06c2-35c6cfc956b2" executionId="dd615244-cc87-4778-968c-09608ce4197a" testListId="8c84fa94-04c1-424b-9868-57a2d4851a1d" />
    <TestEntry testId="33661d5a-77e8-57f9-39fd-54bb0368bed0" executionId="5ae7f165-b4c6-4d31-bd32-4f0d598ce485" testListId="8c84fa94-04c1-424b-9868-57a2d4851a1d" />
    <TestEntry testId="c4900747-a622-b5e5-ced9-ce2808f17ac5" executionId="8744044b-ec41-4634-bbb1-3a07e8e04d3a" testListId="8c84fa94-04c1-424b-9868-57a2d4851a1d" />
    <TestEntry testId="5b0eaac5-d0f4-b8d1-ddfe-53f13fd5b0ec" executionId="d7eb502c-9e61-440b-9965-668c3c0fe3f3" testListId="8c84fa94-04c1-424b-9868-57a2d4851a1d" />
    <TestEntry testId="f001045d-d7cd-2d9f-6df6-4f62046b6967" executionId="837755fe-c731-46f0-8836-bddcf5b620d8" testListId="8c84fa94-04c1-424b-9868-57a2d4851a1d" />
    <TestEntry testId="267d97d9-fe3a-2328-cb7a-5aa232303847" executionId="93f8d5f5-508a-4e5b-a8a9-1bbf323da9df" testListId="8c84fa94-04c1-424b-9868-57a2d4851a1d" />
    <TestEntry testId="22289d9f-23c3-ba95-56b4-ff5086a025e8" executionId="a6650cfc-5201-4309-a9f3-a7eba023a56b" testListId="8c84fa94-04c1-424b-9868-57a2d4851a1d" />
    <TestEntry testId="53039f23-4bd9-8348-bebf-06657ebfa50d" executionId="b17bd366-334d-4b94-be8e-964cde8bcf5b" testListId="8c84fa94-04c1-424b-9868-57a2d4851a1d" />
    <TestEntry testId="f8068670-40a3-1c06-e383-5d9341e652d1" executionId="a34e568a-1681-40e5-902c-6b8ec2bdddc9" testListId="8c84fa94-04c1-424b-9868-57a2d4851a1d" />
    <TestEntry testId="598afcf8-0de8-9739-90fe-e63498b69436" executionId="6bd55190-6931-4f9e-a18d-2626fd3d0c39" testListId="8c84fa94-04c1-424b-9868-57a2d4851a1d" />
    <TestEntry testId="2622f17d-f4f2-ac46-e077-6382fa511c39" executionId="1b3de566-ac5e-45f6-9f67-369ebe744d35" testListId="8c84fa94-04c1-424b-9868-57a2d4851a1d" />
    <TestEntry testId="75edd9b1-161b-c9d1-50f3-ba5424f18cbe" executionId="96543c44-be97-4ed5-a2c0-7ea797b3e02b" testListId="8c84fa94-04c1-424b-9868-57a2d4851a1d" />
    <TestEntry testId="eef09a27-e04d-edb9-7772-c89547956c5a" executionId="3679fb18-672f-4fa9-b785-35de27908998" testListId="8c84fa94-04c1-424b-9868-57a2d4851a1d" />
    <TestEntry testId="740ee625-fda4-21b4-8710-f43ea39ab9df" executionId="ddb2d03b-338a-44c9-8476-f5116d79b9a9" testListId="8c84fa94-04c1-424b-9868-57a2d4851a1d" />
    <TestEntry testId="19a260d7-fb65-b417-cc95-886aae8802d5" executionId="f239fe89-1f34-439a-a10c-4dd9fb810c1c" testListId="8c84fa94-04c1-424b-9868-57a2d4851a1d" />
    <TestEntry testId="7551432d-dd6b-c325-5dbe-1521c1528765" executionId="1ce711da-a9e3-4510-af04-f20f59f1bbf7" testListId="8c84fa94-04c1-424b-9868-57a2d4851a1d" />
    <TestEntry testId="a4484adb-ae35-c939-b54f-0aef4b026aee" executionId="82402249-f4e9-443d-8669-23050e384aa3" testListId="8c84fa94-04c1-424b-9868-57a2d4851a1d" />
    <TestEntry testId="3889499b-9190-5b21-1db4-3622be3589dd" executionId="1a5702c8-1aef-4756-9200-968b4e87a8a1" testListId="8c84fa94-04c1-424b-9868-57a2d4851a1d" />
    <TestEntry testId="802de4b7-2c0d-cec9-489d-1ee101bd0879" executionId="0a82ec4a-b8ff-4b7b-88b2-74c9b6a3a71a" testListId="8c84fa94-04c1-424b-9868-57a2d4851a1d" />
    <TestEntry testId="272d4243-ba86-388f-a7c8-553225235d29" executionId="76571699-4801-45e9-a857-9790f4058e36" testListId="8c84fa94-04c1-424b-9868-57a2d4851a1d" />
    <TestEntry testId="7424ff57-dddc-6eba-7fb7-402ff96e25cb" executionId="2f62d9b6-f4de-48e7-b379-87c5bdce1449" testListId="8c84fa94-04c1-424b-9868-57a2d4851a1d" />
    <TestEntry testId="d3ccb426-bca1-69d2-71d7-3d0b1eb88122" executionId="5ed4db9c-d647-41ee-bd88-178c53bac4e8" testListId="8c84fa94-04c1-424b-9868-57a2d4851a1d" />
    <TestEntry testId="b459feb9-39f4-a0bc-3d5e-8f3da764da9e" executionId="f65aa79a-e2ba-41e4-b2db-3a7e3ab62a36" testListId="8c84fa94-04c1-424b-9868-57a2d4851a1d" />
    <TestEntry testId="dba88efc-8a72-755f-1492-a83a38a2f35d" executionId="85ad2fa7-975b-4624-955a-cf187c4cc3ad" testListId="8c84fa94-04c1-424b-9868-57a2d4851a1d" />
    <TestEntry testId="f53e3e18-f01e-1d1f-649c-c3090a6dd608" executionId="4826a62c-da12-44d5-a720-c1b805bba842" testListId="8c84fa94-04c1-424b-9868-57a2d4851a1d" />
    <TestEntry testId="3ee5ac00-ff67-776e-c38a-7a8cdad092a1" executionId="93ba1da9-e664-43ed-b9e4-e09f1e73f3f0" testListId="8c84fa94-04c1-424b-9868-57a2d4851a1d" />
    <TestEntry testId="79ac9b85-0b43-af1f-f1b6-299f7b192905" executionId="c7a56e6e-fbdd-4e56-ab4f-9437500931c2" testListId="8c84fa94-04c1-424b-9868-57a2d4851a1d" />
    <TestEntry testId="058f9f59-59b7-2931-8547-49b14c524783" executionId="d6906198-e5a6-4dbf-9f4c-8feda3278fd0" testListId="8c84fa94-04c1-424b-9868-57a2d4851a1d" />
    <TestEntry testId="151b106c-feb2-d47c-aa6e-f4aae09a20af" executionId="b4f9a72e-75bb-4406-9d9b-8ccc006c5e8a" testListId="8c84fa94-04c1-424b-9868-57a2d4851a1d" />
    <TestEntry testId="bcc3dabf-accc-2e2a-5df0-c84d9060ff40" executionId="310ed979-ac5e-4f68-a703-e4949b7bbe3d" testListId="8c84fa94-04c1-424b-9868-57a2d4851a1d" />
  </TestEntries>
  <TestLists>
    <TestList name="Les résultats ne figurent pas dans une liste" id="8c84fa94-04c1-424b-9868-57a2d4851a1d" />
    <TestList name="Tous les résultats chargés" id="19431567-8539-422a-85d7-44ee4e166bda" />
  </TestLists>
  <ResultSummary outcome="Completed">
    <Counters total="234" executed="234" passed="234" failed="0" error="0" timeout="0" aborted="0" inconclusive="0" passedButRunAborted="0" notRunnable="0" notExecuted="0" disconnected="0" warning="0" completed="0" inProgress="0" pending="0" />
    <Output>
      <StdOut>[xUnit.net 00:00:00.00] xUnit.net VSTest Adapter v2.5.3.1+6b60a9e56a (64-bit .NET 8.0.8)
[xUnit.net 00:00:00.03]   Discovering: Place.Api.Profile.Unit.Tests
[xUnit.net 00:00:00.09]   Discovered:  Place.Api.Profile.Unit.Tests
[xUnit.net 00:00:00.09]   Starting:    Place.Api.Profile.Unit.Tests
[xUnit.net 00:00:00.16]   Finished:    Place.Api.Profile.Unit.Tests
</StdOut>
    </Output>
    <RunInfos>
      <RunInfo computerName="MacBook-Pro-de-Aristide" outcome="Warning" timestamp="2024-11-12T09:52:38.5420540+01:00">
        <Text>[xUnit.net 00:00:00.09] Place.Api.Profile.Unit.Tests: Skipping test case with duplicate ID 'bb622cbc1d2954cde9632a19903d905d290ca38f' ('Place.Api.Profile.Unit.Tests.Domain.DateOfBirthTests.ValueObject_EqualityBehavior_ShouldBeCorrect(value1: 1990-01-01T00:00:00.0000000, value2: 1990-01-01T00:00:00.0000000, shouldBeEqual: True)' and 'Place.Api.Profile.Unit.Tests.Domain.DateOfBirthTests.ValueObject_EqualityBehavior_ShouldBeCorrect(value1: 1990-01-01T00:00:00.0000000, value2: 1990-01-01T00:00:00.0000000, shouldBeEqual: True)')</Text>
      </RunInfo>
    </RunInfos>
  </ResultSummary>
</TestRun>