<?xml version="1.0" encoding="utf-8"?>
<TestRun id="012c4cba-b53e-40c0-b4f7-f7582a863875" name="@MacBook-Pro-de-Aristide 2024-11-23 22:04:32" xmlns="http://microsoft.com/schemas/VisualStudio/TeamTest/2010">
  <Times creation="2024-11-23T22:04:32.8849240+01:00" queuing="2024-11-23T22:04:32.8849240+01:00" start="2024-11-23T22:04:27.4736740+01:00" finish="2024-11-23T22:04:33.5297720+01:00" />
  <TestSettings name="default" id="632541ec-21fc-4546-8a03-323f9cecce7d">
    <Deployment runDeploymentRoot="_MacBook-Pro-de-Aristide_2024-11-23_22_04_32" />
  </TestSettings>
  <Results>
    <UnitTestResult executionId="2cb79e62-596c-4cfa-aac9-fa422f736ebb" testId="33f795ee-45c2-e1e3-8b14-90f090b3ce7f" testName="Identity.IntegrationTests.Endpoints.Register.V1.RegisterEndpointIntegrationTests.Register_WithPasswordMissingDigit_ShouldReturnValidationProblem" computerName="MacBook-Pro-de-Aristide" duration="00:00:00.0028157" startTime="2024-11-23T22:04:33.1265960+01:00" endTime="2024-11-23T22:04:33.1265960+01:00" testType="13cdc9d9-ddb5-4fa4-a97d-d965ccfc6d4b" outcome="Passed" testListId="8c84fa94-04c1-424b-9868-57a2d4851a1d" relativeResultsDirectory="2cb79e62-596c-4cfa-aac9-fa422f736ebb" />
    <UnitTestResult executionId="60ca0a4e-3990-41c0-8c2c-3a99aacdd817" testId="41bac276-64f7-6efe-a203-04ef342dc33b" testName="Identity.IntegrationTests.Endpoints.ResendConfirmationEmail.ResendConfirmationEmailIntegrationTest.ResendConfirmationEmail_NonExistentEmail_ShouldSucceed" computerName="MacBook-Pro-de-Aristide" duration="00:00:00.0223311" startTime="2024-11-23T22:04:32.9761870+01:00" endTime="2024-11-23T22:04:32.9761870+01:00" testType="13cdc9d9-ddb5-4fa4-a97d-d965ccfc6d4b" outcome="Passed" testListId="8c84fa94-04c1-424b-9868-57a2d4851a1d" relativeResultsDirectory="60ca0a4e-3990-41c0-8c2c-3a99aacdd817" />
    <UnitTestResult executionId="ddd4bf81-7130-44af-9b83-1d127292d4f4" testId="32be6609-94cf-6e05-5bcd-526a3ceb9d3a" testName="Identity.IntegrationTests.Endpoints.ResetPassword.V1.ResetPasswordEndpointIntegrationTests.ResetPassword_WithUnconfirmedEmail_ShouldReturnValidationProblem" computerName="MacBook-Pro-de-Aristide" duration="00:00:00.1049674" startTime="2024-11-23T22:04:33.0475930+01:00" endTime="2024-11-23T22:04:33.0475930+01:00" testType="13cdc9d9-ddb5-4fa4-a97d-d965ccfc6d4b" outcome="Passed" testListId="8c84fa94-04c1-424b-9868-57a2d4851a1d" relativeResultsDirectory="ddd4bf81-7130-44af-9b83-1d127292d4f4" />
    <UnitTestResult executionId="a8547d70-6106-4857-9b65-f5061f323f9f" testId="4cb0d599-6ec6-8c01-d61e-43eb3dfd2557" testName="Identity.IntegrationTests.Endpoints.GetInfo.GetInfoEndpointIntegrationTests.GetInfo_WithValidAuthentication_ShouldReturnOkWithUserInfo" computerName="MacBook-Pro-de-Aristide" duration="00:00:00.3307282" startTime="2024-11-23T22:04:33.0347240+01:00" endTime="2024-11-23T22:04:33.0347240+01:00" testType="13cdc9d9-ddb5-4fa4-a97d-d965ccfc6d4b" outcome="Passed" testListId="8c84fa94-04c1-424b-9868-57a2d4851a1d" relativeResultsDirectory="a8547d70-6106-4857-9b65-f5061f323f9f" />
    <UnitTestResult executionId="36aa2de6-3e18-44bc-b143-41f66c5b5aa5" testId="5c58ebf7-df5c-47d2-6442-04b3dc96f1d3" testName="Identity.IntegrationTests.Endpoints.GetInfo.GetInfoEndpointIntegrationTests.GetInfo_WithoutAuthentication_ShouldReturnUnauthorized" computerName="MacBook-Pro-de-Aristide" duration="00:00:00.7944953" startTime="2024-11-23T22:04:32.7036090+01:00" endTime="2024-11-23T22:04:32.7036240+01:00" testType="13cdc9d9-ddb5-4fa4-a97d-d965ccfc6d4b" outcome="Passed" testListId="8c84fa94-04c1-424b-9868-57a2d4851a1d" relativeResultsDirectory="36aa2de6-3e18-44bc-b143-41f66c5b5aa5" />
    <UnitTestResult executionId="e0b70ab7-05f4-43bf-a193-28b7055c5a2c" testId="42818d91-0857-cc36-995e-6bcb29a05c68" testName="Identity.IntegrationTests.Endpoints.ConfirmEmail.V1.ConfirmEmailEndpointIntegrationTests.ConfirmEmail_WithChangedEmail_ShouldUpdateEmailAndUsername" computerName="MacBook-Pro-de-Aristide" duration="00:00:00.1099613" startTime="2024-11-23T22:04:33.0247670+01:00" endTime="2024-11-23T22:04:33.0247670+01:00" testType="13cdc9d9-ddb5-4fa4-a97d-d965ccfc6d4b" outcome="Passed" testListId="8c84fa94-04c1-424b-9868-57a2d4851a1d" relativeResultsDirectory="e0b70ab7-05f4-43bf-a193-28b7055c5a2c" />
    <UnitTestResult executionId="8522c91a-b820-4650-8567-668ac25c4f00" testId="3ce9469e-9f0e-f7a3-3b5a-faeb5c30093f" testName="Identity.IntegrationTests.Endpoints.Register.V1.RegisterEndpointIntegrationTests.Register_WithExistingEmail_ShouldReturnValidationProblem" computerName="MacBook-Pro-de-Aristide" duration="00:00:00.1440940" startTime="2024-11-23T22:04:33.1215100+01:00" endTime="2024-11-23T22:04:33.1215100+01:00" testType="13cdc9d9-ddb5-4fa4-a97d-d965ccfc6d4b" outcome="Passed" testListId="8c84fa94-04c1-424b-9868-57a2d4851a1d" relativeResultsDirectory="8522c91a-b820-4650-8567-668ac25c4f00" />
    <UnitTestResult executionId="1d6fd48a-baef-4d19-9175-db96a131f587" testId="44b0a1c4-e497-9166-7587-22aad06cb128" testName="Identity.IntegrationTests.Endpoints.Login.V1.LoginEndpointIntegrationTests.Login_WithValidCredentials_ShouldReturnOk" computerName="MacBook-Pro-de-Aristide" duration="00:00:00.1298917" startTime="2024-11-23T22:04:33.1224650+01:00" endTime="2024-11-23T22:04:33.1224650+01:00" testType="13cdc9d9-ddb5-4fa4-a97d-d965ccfc6d4b" outcome="Passed" testListId="8c84fa94-04c1-424b-9868-57a2d4851a1d" relativeResultsDirectory="1d6fd48a-baef-4d19-9175-db96a131f587" />
    <UnitTestResult executionId="71b75f78-26f6-4d68-96c8-7c8a7cef8e5b" testId="42416da2-48b5-b781-78c8-729e1dd4d25a" testName="Identity.IntegrationTests.Endpoints.ResendConfirmationEmail.ResendConfirmationEmailIntegrationTest.SendConfirmationEmail_WithExisting_User_ShouldSucceed" computerName="MacBook-Pro-de-Aristide" duration="00:00:00.9000860" startTime="2024-11-23T22:04:32.9220360+01:00" endTime="2024-11-23T22:04:32.9220360+01:00" testType="13cdc9d9-ddb5-4fa4-a97d-d965ccfc6d4b" outcome="Passed" testListId="8c84fa94-04c1-424b-9868-57a2d4851a1d" relativeResultsDirectory="71b75f78-26f6-4d68-96c8-7c8a7cef8e5b" />
    <UnitTestResult executionId="8c236b1e-7eef-4849-ad11-431d0c6ac086" testId="dcd9573d-1503-8f30-35cc-eeab6f36d1ba" testName="Identity.IntegrationTests.Endpoints.ResetPassword.V1.ResetPasswordEndpointIntegrationTests.ResetPassword_WithNullUser_ShouldReturnValidationProblem" computerName="MacBook-Pro-de-Aristide" duration="00:00:00.0021785" startTime="2024-11-23T22:04:33.3036930+01:00" endTime="2024-11-23T22:04:33.3036930+01:00" testType="13cdc9d9-ddb5-4fa4-a97d-d965ccfc6d4b" outcome="Passed" testListId="8c84fa94-04c1-424b-9868-57a2d4851a1d" relativeResultsDirectory="8c236b1e-7eef-4849-ad11-431d0c6ac086" />
    <UnitTestResult executionId="782fac01-c83b-44e8-9139-fecdf0399eca" testId="02dc2d10-33d2-ed22-24d3-29a5f7c5b629" testName="Identity.IntegrationTests.Endpoints.ForgotPassword.V1.ForgotPasswordEndpointIntegrationTests.ForgotPassword_WithEmptyEmail_ShouldReturnBadRequest" computerName="MacBook-Pro-de-Aristide" duration="00:00:00.0093256" startTime="2024-11-23T22:04:32.8134850+01:00" endTime="2024-11-23T22:04:32.8134860+01:00" testType="13cdc9d9-ddb5-4fa4-a97d-d965ccfc6d4b" outcome="Passed" testListId="8c84fa94-04c1-424b-9868-57a2d4851a1d" relativeResultsDirectory="782fac01-c83b-44e8-9139-fecdf0399eca" />
    <UnitTestResult executionId="97b92169-cafb-4b25-9fb7-4c63ee2a6d9f" testId="f0272338-765d-acd1-85fe-3e2369585a21" testName="Identity.IntegrationTests.Endpoints.ConfirmEmail.V1.ConfirmEmailEndpointIntegrationTests.ConfirmEmail_WithNonexistentUser_ShouldReturnUnauthorized" computerName="MacBook-Pro-de-Aristide" duration="00:00:00.8902125" startTime="2024-11-23T22:04:32.7977390+01:00" endTime="2024-11-23T22:04:32.7977400+01:00" testType="13cdc9d9-ddb5-4fa4-a97d-d965ccfc6d4b" outcome="Passed" testListId="8c84fa94-04c1-424b-9868-57a2d4851a1d" relativeResultsDirectory="97b92169-cafb-4b25-9fb7-4c63ee2a6d9f" />
    <UnitTestResult executionId="c165dc5b-a7ec-48cf-ae3e-0fadb4803b66" testId="fb05f07d-8a49-dc3a-0783-30be0f8083c6" testName="Identity.IntegrationTests.Endpoints.ForgotPassword.V1.ForgotPasswordEndpointIntegrationTests.ForgotPassword_WithInvalidEmail_ShouldReturnNotFound" computerName="MacBook-Pro-de-Aristide" duration="00:00:00.0052069" startTime="2024-11-23T22:04:32.8053770+01:00" endTime="2024-11-23T22:04:32.8053770+01:00" testType="13cdc9d9-ddb5-4fa4-a97d-d965ccfc6d4b" outcome="Passed" testListId="8c84fa94-04c1-424b-9868-57a2d4851a1d" relativeResultsDirectory="c165dc5b-a7ec-48cf-ae3e-0fadb4803b66" />
    <UnitTestResult executionId="b11ba802-241b-4964-ab36-37c2125a2a7e" testId="f70c619f-5c81-b138-e90a-817c50d4d570" testName="Identity.IntegrationTests.Endpoints.ResendConfirmationEmail.ResendConfirmationEmailIntegrationTest.ResendConfirmationEmail_EmptyEmail_ShouldReturnSucceed" computerName="MacBook-Pro-de-Aristide" duration="00:00:00.0037910" startTime="2024-11-23T22:04:32.9802850+01:00" endTime="2024-11-23T22:04:32.9802850+01:00" testType="13cdc9d9-ddb5-4fa4-a97d-d965ccfc6d4b" outcome="Passed" testListId="8c84fa94-04c1-424b-9868-57a2d4851a1d" relativeResultsDirectory="b11ba802-241b-4964-ab36-37c2125a2a7e" />
    <UnitTestResult executionId="6694b7eb-e38e-4676-9835-99f52c229b12" testId="9fc9a68f-3585-a1c9-b0e2-ffc22e4bd6e9" testName="Identity.IntegrationTests.Endpoints.ResetPassword.V1.ResetPasswordEndpointIntegrationTests.ResetPassword_WithUnconfirmedUser_ShouldReturnValidationProblem" computerName="MacBook-Pro-de-Aristide" duration="00:00:00.0508334" startTime="2024-11-23T22:04:33.3546580+01:00" endTime="2024-11-23T22:04:33.3546580+01:00" testType="13cdc9d9-ddb5-4fa4-a97d-d965ccfc6d4b" outcome="Passed" testListId="8c84fa94-04c1-424b-9868-57a2d4851a1d" relativeResultsDirectory="6694b7eb-e38e-4676-9835-99f52c229b12" />
    <UnitTestResult executionId="4709ac38-51aa-4fd2-97d3-10e9b7a2c408" testId="eda309f1-4ce1-4e56-aa09-239c4b96bf0c" testName="Identity.IntegrationTests.Endpoints.Login.V1.LoginEndpointIntegrationTests.Login_WithNonexistentUser_ShouldReturnUnauthorized" computerName="MacBook-Pro-de-Aristide" duration="00:00:00.0034870" startTime="2024-11-23T22:04:33.1260080+01:00" endTime="2024-11-23T22:04:33.1260080+01:00" testType="13cdc9d9-ddb5-4fa4-a97d-d965ccfc6d4b" outcome="Passed" testListId="8c84fa94-04c1-424b-9868-57a2d4851a1d" relativeResultsDirectory="4709ac38-51aa-4fd2-97d3-10e9b7a2c408" />
    <UnitTestResult executionId="f18a112e-1c8c-497a-ba22-c5251b61c085" testId="0a6251dd-c7f0-fa9c-3d69-55e0b200155f" testName="Identity.IntegrationTests.Endpoints.ConfirmEmail.V1.ConfirmEmailEndpointIntegrationTests.ConfirmEmail_WithInvalidToken_ShouldReturnUnauthorized" computerName="MacBook-Pro-de-Aristide" duration="00:00:00.1168765" startTime="2024-11-23T22:04:32.9147490+01:00" endTime="2024-11-23T22:04:32.9147490+01:00" testType="13cdc9d9-ddb5-4fa4-a97d-d965ccfc6d4b" outcome="Passed" testListId="8c84fa94-04c1-424b-9868-57a2d4851a1d" relativeResultsDirectory="f18a112e-1c8c-497a-ba22-c5251b61c085" />
    <UnitTestResult executionId="481dcd3a-6d29-4aec-8cf5-7f64b2aed7ad" testId="90cf7ee2-ffd0-50e6-057e-99a5ad84e3fa" testName="Identity.IntegrationTests.Endpoints.ResendConfirmationEmail.ResendConfirmationEmailIntegrationTest.ResendConfirmationEmail_InvalidEmailFormat_ShouldReturnBadRequest" computerName="MacBook-Pro-de-Aristide" duration="00:00:00.0318778" startTime="2024-11-23T22:04:32.9537250+01:00" endTime="2024-11-23T22:04:32.9537250+01:00" testType="13cdc9d9-ddb5-4fa4-a97d-d965ccfc6d4b" outcome="Passed" testListId="8c84fa94-04c1-424b-9868-57a2d4851a1d" relativeResultsDirectory="481dcd3a-6d29-4aec-8cf5-7f64b2aed7ad" />
    <UnitTestResult executionId="af303b50-2a5b-43cf-a53b-fd201513091b" testId="e8cf4a30-5a97-4ba3-8dee-18b78261fca0" testName="Identity.IntegrationTests.Endpoints.ForgotPassword.V1.ForgotPasswordEndpointIntegrationTests.ForgotPassword_WithValidEmail_ShouldReturnOk" computerName="MacBook-Pro-de-Aristide" duration="00:00:01.1561477" startTime="2024-11-23T22:04:32.7984220+01:00" endTime="2024-11-23T22:04:32.7984220+01:00" testType="13cdc9d9-ddb5-4fa4-a97d-d965ccfc6d4b" outcome="Passed" testListId="8c84fa94-04c1-424b-9868-57a2d4851a1d" relativeResultsDirectory="af303b50-2a5b-43cf-a53b-fd201513091b" />
    <UnitTestResult executionId="79f4c369-0e4e-4791-acd9-f1b27600305c" testId="7c13512b-f511-58ea-d0d8-f8f2aa9422f6" testName="Identity.IntegrationTests.Endpoints.ResetPassword.V1.ResetPasswordEndpointIntegrationTests.ResetPassword_WithInvalidToken_ShouldReturnValidationProblem" computerName="MacBook-Pro-de-Aristide" duration="00:00:01.2825047" startTime="2024-11-23T22:04:32.9425050+01:00" endTime="2024-11-23T22:04:32.9425060+01:00" testType="13cdc9d9-ddb5-4fa4-a97d-d965ccfc6d4b" outcome="Passed" testListId="8c84fa94-04c1-424b-9868-57a2d4851a1d" relativeResultsDirectory="79f4c369-0e4e-4791-acd9-f1b27600305c" />
    <UnitTestResult executionId="cd19ca60-aac6-462f-b04f-11015859a266" testId="962bcd7e-38ea-8aef-dd05-68393260d926" testName="Identity.IntegrationTests.Endpoints.Login.V1.LoginEndpointIntegrationTests.Login_WithLockedOutUser_ShouldReturnUnauthorized" computerName="MacBook-Pro-de-Aristide" duration="00:00:01.0512080" startTime="2024-11-23T22:04:32.9845340+01:00" endTime="2024-11-23T22:04:32.9845340+01:00" testType="13cdc9d9-ddb5-4fa4-a97d-d965ccfc6d4b" outcome="Passed" testListId="8c84fa94-04c1-424b-9868-57a2d4851a1d" relativeResultsDirectory="cd19ca60-aac6-462f-b04f-11015859a266" />
    <UnitTestResult executionId="6c6307f6-ef68-498e-8005-e8f8f49ab125" testId="8237573c-4729-33b5-d131-97b20e937d94" testName="Identity.IntegrationTests.Endpoints.Register.V1.RegisterEndpointIntegrationTests.Register_WithValidData_ShouldReturnOk" computerName="MacBook-Pro-de-Aristide" duration="00:00:01.1205320" startTime="2024-11-23T22:04:32.9074080+01:00" endTime="2024-11-23T22:04:32.9074080+01:00" testType="13cdc9d9-ddb5-4fa4-a97d-d965ccfc6d4b" outcome="Passed" testListId="8c84fa94-04c1-424b-9868-57a2d4851a1d" relativeResultsDirectory="6c6307f6-ef68-498e-8005-e8f8f49ab125" />
    <UnitTestResult executionId="210f362f-922e-4c31-812b-66d136fe2301" testId="cb1bcc00-0349-1fd4-024a-bfa951899c39" testName="Identity.IntegrationTests.Endpoints.Register.V1.RegisterEndpointIntegrationTests.Register_WithPasswordMissingLowerCase_ShouldReturnValidationProblem" computerName="MacBook-Pro-de-Aristide" duration="00:00:00.0201918" startTime="2024-11-23T22:04:32.9772380+01:00" endTime="2024-11-23T22:04:32.9772380+01:00" testType="13cdc9d9-ddb5-4fa4-a97d-d965ccfc6d4b" outcome="Passed" testListId="8c84fa94-04c1-424b-9868-57a2d4851a1d" relativeResultsDirectory="210f362f-922e-4c31-812b-66d136fe2301" />
    <UnitTestResult executionId="4129dd4c-23a8-484e-8a35-9162928c0129" testId="ee50ef26-2c54-42ba-f839-09a4fbcc02a8" testName="Identity.IntegrationTests.Endpoints.ResetPassword.V1.ResetPasswordEndpointIntegrationTests.ResetPassword_WithConfirmedUserAndValidToken_ShouldResetPassword" computerName="MacBook-Pro-de-Aristide" duration="00:00:00.1558172" startTime="2024-11-23T22:04:33.2034930+01:00" endTime="2024-11-23T22:04:33.2034930+01:00" testType="13cdc9d9-ddb5-4fa4-a97d-d965ccfc6d4b" outcome="Passed" testListId="8c84fa94-04c1-424b-9868-57a2d4851a1d" relativeResultsDirectory="4129dd4c-23a8-484e-8a35-9162928c0129" />
    <UnitTestResult executionId="c97ed44f-050b-47e5-aaf5-5b9ac67011c3" testId="7ec593d9-3153-6227-ac03-c6a233c08f6f" testName="Identity.IntegrationTests.Endpoints.Login.V1.LoginEndpointIntegrationTests.Login_WithInvalidCredentials_ShouldReturnUnauthorized" computerName="MacBook-Pro-de-Aristide" duration="00:00:00.0077722" startTime="2024-11-23T22:04:32.9924360+01:00" endTime="2024-11-23T22:04:32.9924360+01:00" testType="13cdc9d9-ddb5-4fa4-a97d-d965ccfc6d4b" outcome="Passed" testListId="8c84fa94-04c1-424b-9868-57a2d4851a1d" relativeResultsDirectory="c97ed44f-050b-47e5-aaf5-5b9ac67011c3" />
    <UnitTestResult executionId="9c21f973-cb56-4024-b707-82628701377a" testId="86fdeaca-9437-ef78-cbe6-1ac34d266548" testName="Identity.IntegrationTests.Endpoints.Register.V1.RegisterEndpointIntegrationTests.Register_WithInvalidEmail_ShouldReturnValidationProblem" computerName="MacBook-Pro-de-Aristide" duration="00:00:00.0022792" startTime="2024-11-23T22:04:33.1290020+01:00" endTime="2024-11-23T22:04:33.1290030+01:00" testType="13cdc9d9-ddb5-4fa4-a97d-d965ccfc6d4b" outcome="Passed" testListId="8c84fa94-04c1-424b-9868-57a2d4851a1d" relativeResultsDirectory="9c21f973-cb56-4024-b707-82628701377a" />
    <UnitTestResult executionId="b54e3543-4753-4841-ba9d-219bb94c4bf7" testId="1c2ab5ab-4a77-7130-4915-64a67b46b31a" testName="Identity.IntegrationTests.Endpoints.Register.V1.RegisterEndpointIntegrationTests.Register_WithWeakPassword_ShouldReturnValidationProblem" computerName="MacBook-Pro-de-Aristide" duration="00:00:00.0044435" startTime="2024-11-23T22:04:32.9569070+01:00" endTime="2024-11-23T22:04:32.9569070+01:00" testType="13cdc9d9-ddb5-4fa4-a97d-d965ccfc6d4b" outcome="Passed" testListId="8c84fa94-04c1-424b-9868-57a2d4851a1d" relativeResultsDirectory="b54e3543-4753-4841-ba9d-219bb94c4bf7" />
    <UnitTestResult executionId="411e3be1-2f65-480e-b6a2-b50f18ad7f19" testId="adce1f85-6b67-5f60-e1cc-abf7fd887e12" testName="Identity.IntegrationTests.Endpoints.Register.V1.RegisterEndpointIntegrationTests.Register_WithPasswordMissingUpperCase_ShouldReturnValidationProblem" computerName="MacBook-Pro-de-Aristide" duration="00:00:00.0448341" startTime="2024-11-23T22:04:32.9523590+01:00" endTime="2024-11-23T22:04:32.9523590+01:00" testType="13cdc9d9-ddb5-4fa4-a97d-d965ccfc6d4b" outcome="Passed" testListId="8c84fa94-04c1-424b-9868-57a2d4851a1d" relativeResultsDirectory="411e3be1-2f65-480e-b6a2-b50f18ad7f19" />
    <UnitTestResult executionId="f5b429f1-3228-4862-803c-921fddd358ae" testId="dbd9dbc5-b643-8222-77d1-0cbfc8afeeed" testName="Identity.IntegrationTests.Endpoints.ResetPassword.V1.ResetPasswordEndpointIntegrationTests.ResetPassword_WithConfirmedEmail_ShouldNotReturnValidationProblem" computerName="MacBook-Pro-de-Aristide" duration="00:00:00.0978380" startTime="2024-11-23T22:04:33.3014630+01:00" endTime="2024-11-23T22:04:33.3014630+01:00" testType="13cdc9d9-ddb5-4fa4-a97d-d965ccfc6d4b" outcome="Passed" testListId="8c84fa94-04c1-424b-9868-57a2d4851a1d" relativeResultsDirectory="f5b429f1-3228-4862-803c-921fddd358ae" />
    <UnitTestResult executionId="90f27a5e-7875-4111-9bea-b6410747f34b" testId="d3086d17-9375-1ef3-fe7c-29ad5adb86ae" testName="Identity.IntegrationTests.Endpoints.ConfirmEmail.V1.ConfirmEmailEndpointIntegrationTests.ConfirmEmail_WithValidToken_ShouldSucceed" computerName="MacBook-Pro-de-Aristide" duration="00:00:00.0688505" startTime="2024-11-23T22:04:33.0938680+01:00" endTime="2024-11-23T22:04:33.0938680+01:00" testType="13cdc9d9-ddb5-4fa4-a97d-d965ccfc6d4b" outcome="Passed" testListId="8c84fa94-04c1-424b-9868-57a2d4851a1d" relativeResultsDirectory="90f27a5e-7875-4111-9bea-b6410747f34b" />
    <UnitTestResult executionId="9d4883e5-8b28-4a38-a311-8155eea7e310" testId="66dd343d-3f62-b720-7b68-f592e74056bd" testName="Identity.IntegrationTests.Endpoints.Register.V1.RegisterEndpointIntegrationTests.Register_WithPasswordMissingNonAlphanumeric_ShouldReturnValidationProblem" computerName="MacBook-Pro-de-Aristide" duration="00:00:00.0020646" startTime="2024-11-23T22:04:33.1237060+01:00" endTime="2024-11-23T22:04:33.1237060+01:00" testType="13cdc9d9-ddb5-4fa4-a97d-d965ccfc6d4b" outcome="Passed" testListId="8c84fa94-04c1-424b-9868-57a2d4851a1d" relativeResultsDirectory="9d4883e5-8b28-4a38-a311-8155eea7e310" />
  </Results>
  <TestDefinitions>
    <UnitTest name="Identity.IntegrationTests.Endpoints.GetInfo.GetInfoEndpointIntegrationTests.GetInfo_WithValidAuthentication_ShouldReturnOkWithUserInfo" storage="/users/aristidehervembassi/documents/projects/veepee/place-api/tests/identity.integrationtests/bin/release/.net9.0/identity.integrationtests.dll" id="4cb0d599-6ec6-8c01-d61e-43eb3dfd2557">
      <Execution id="a8547d70-6106-4857-9b65-f5061f323f9f" />
      <TestMethod codeBase="/Users/aristidehervembassi/Documents/Projects/Veepee/place-api/tests/Identity.IntegrationTests/bin/Release/.net9.0/Identity.IntegrationTests.dll" adapterTypeName="executor://xunit/VsTestRunner2/netcoreapp" className="Identity.IntegrationTests.Endpoints.GetInfo.GetInfoEndpointIntegrationTests" name="GetInfo_WithValidAuthentication_ShouldReturnOkWithUserInfo" />
    </UnitTest>
    <UnitTest name="Identity.IntegrationTests.Endpoints.ResetPassword.V1.ResetPasswordEndpointIntegrationTests.ResetPassword_WithInvalidToken_ShouldReturnValidationProblem" storage="/users/aristidehervembassi/documents/projects/veepee/place-api/tests/identity.integrationtests/bin/release/.net9.0/identity.integrationtests.dll" id="7c13512b-f511-58ea-d0d8-f8f2aa9422f6">
      <Execution id="79f4c369-0e4e-4791-acd9-f1b27600305c" />
      <TestMethod codeBase="/Users/aristidehervembassi/Documents/Projects/Veepee/place-api/tests/Identity.IntegrationTests/bin/Release/.net9.0/Identity.IntegrationTests.dll" adapterTypeName="executor://xunit/VsTestRunner2/netcoreapp" className="Identity.IntegrationTests.Endpoints.ResetPassword.V1.ResetPasswordEndpointIntegrationTests" name="ResetPassword_WithInvalidToken_ShouldReturnValidationProblem" />
    </UnitTest>
    <UnitTest name="Identity.IntegrationTests.Endpoints.Register.V1.RegisterEndpointIntegrationTests.Register_WithPasswordMissingNonAlphanumeric_ShouldReturnValidationProblem" storage="/users/aristidehervembassi/documents/projects/veepee/place-api/tests/identity.integrationtests/bin/release/.net9.0/identity.integrationtests.dll" id="66dd343d-3f62-b720-7b68-f592e74056bd">
      <Execution id="9d4883e5-8b28-4a38-a311-8155eea7e310" />
      <TestMethod codeBase="/Users/aristidehervembassi/Documents/Projects/Veepee/place-api/tests/Identity.IntegrationTests/bin/Release/.net9.0/Identity.IntegrationTests.dll" adapterTypeName="executor://xunit/VsTestRunner2/netcoreapp" className="Identity.IntegrationTests.Endpoints.Register.V1.RegisterEndpointIntegrationTests" name="Register_WithPasswordMissingNonAlphanumeric_ShouldReturnValidationProblem" />
    </UnitTest>
    <UnitTest name="Identity.IntegrationTests.Endpoints.Login.V1.LoginEndpointIntegrationTests.Login_WithInvalidCredentials_ShouldReturnUnauthorized" storage="/users/aristidehervembassi/documents/projects/veepee/place-api/tests/identity.integrationtests/bin/release/.net9.0/identity.integrationtests.dll" id="7ec593d9-3153-6227-ac03-c6a233c08f6f">
      <Execution id="c97ed44f-050b-47e5-aaf5-5b9ac67011c3" />
      <TestMethod codeBase="/Users/aristidehervembassi/Documents/Projects/Veepee/place-api/tests/Identity.IntegrationTests/bin/Release/.net9.0/Identity.IntegrationTests.dll" adapterTypeName="executor://xunit/VsTestRunner2/netcoreapp" className="Identity.IntegrationTests.Endpoints.Login.V1.LoginEndpointIntegrationTests" name="Login_WithInvalidCredentials_ShouldReturnUnauthorized" />
    </UnitTest>
    <UnitTest name="Identity.IntegrationTests.Endpoints.ConfirmEmail.V1.ConfirmEmailEndpointIntegrationTests.ConfirmEmail_WithChangedEmail_ShouldUpdateEmailAndUsername" storage="/users/aristidehervembassi/documents/projects/veepee/place-api/tests/identity.integrationtests/bin/release/.net9.0/identity.integrationtests.dll" id="42818d91-0857-cc36-995e-6bcb29a05c68">
      <Execution id="e0b70ab7-05f4-43bf-a193-28b7055c5a2c" />
      <TestMethod codeBase="/Users/aristidehervembassi/Documents/Projects/Veepee/place-api/tests/Identity.IntegrationTests/bin/Release/.net9.0/Identity.IntegrationTests.dll" adapterTypeName="executor://xunit/VsTestRunner2/netcoreapp" className="Identity.IntegrationTests.Endpoints.ConfirmEmail.V1.ConfirmEmailEndpointIntegrationTests" name="ConfirmEmail_WithChangedEmail_ShouldUpdateEmailAndUsername" />
    </UnitTest>
    <UnitTest name="Identity.IntegrationTests.Endpoints.ConfirmEmail.V1.ConfirmEmailEndpointIntegrationTests.ConfirmEmail_WithInvalidToken_ShouldReturnUnauthorized" storage="/users/aristidehervembassi/documents/projects/veepee/place-api/tests/identity.integrationtests/bin/release/.net9.0/identity.integrationtests.dll" id="0a6251dd-c7f0-fa9c-3d69-55e0b200155f">
      <Execution id="f18a112e-1c8c-497a-ba22-c5251b61c085" />
      <TestMethod codeBase="/Users/aristidehervembassi/Documents/Projects/Veepee/place-api/tests/Identity.IntegrationTests/bin/Release/.net9.0/Identity.IntegrationTests.dll" adapterTypeName="executor://xunit/VsTestRunner2/netcoreapp" className="Identity.IntegrationTests.Endpoints.ConfirmEmail.V1.ConfirmEmailEndpointIntegrationTests" name="ConfirmEmail_WithInvalidToken_ShouldReturnUnauthorized" />
    </UnitTest>
    <UnitTest name="Identity.IntegrationTests.Endpoints.ResetPassword.V1.ResetPasswordEndpointIntegrationTests.ResetPassword_WithUnconfirmedUser_ShouldReturnValidationProblem" storage="/users/aristidehervembassi/documents/projects/veepee/place-api/tests/identity.integrationtests/bin/release/.net9.0/identity.integrationtests.dll" id="9fc9a68f-3585-a1c9-b0e2-ffc22e4bd6e9">
      <Execution id="6694b7eb-e38e-4676-9835-99f52c229b12" />
      <TestMethod codeBase="/Users/aristidehervembassi/Documents/Projects/Veepee/place-api/tests/Identity.IntegrationTests/bin/Release/.net9.0/Identity.IntegrationTests.dll" adapterTypeName="executor://xunit/VsTestRunner2/netcoreapp" className="Identity.IntegrationTests.Endpoints.ResetPassword.V1.ResetPasswordEndpointIntegrationTests" name="ResetPassword_WithUnconfirmedUser_ShouldReturnValidationProblem" />
    </UnitTest>
    <UnitTest name="Identity.IntegrationTests.Endpoints.Register.V1.RegisterEndpointIntegrationTests.Register_WithPasswordMissingUpperCase_ShouldReturnValidationProblem" storage="/users/aristidehervembassi/documents/projects/veepee/place-api/tests/identity.integrationtests/bin/release/.net9.0/identity.integrationtests.dll" id="adce1f85-6b67-5f60-e1cc-abf7fd887e12">
      <Execution id="411e3be1-2f65-480e-b6a2-b50f18ad7f19" />
      <TestMethod codeBase="/Users/aristidehervembassi/Documents/Projects/Veepee/place-api/tests/Identity.IntegrationTests/bin/Release/.net9.0/Identity.IntegrationTests.dll" adapterTypeName="executor://xunit/VsTestRunner2/netcoreapp" className="Identity.IntegrationTests.Endpoints.Register.V1.RegisterEndpointIntegrationTests" name="Register_WithPasswordMissingUpperCase_ShouldReturnValidationProblem" />
    </UnitTest>
    <UnitTest name="Identity.IntegrationTests.Endpoints.ConfirmEmail.V1.ConfirmEmailEndpointIntegrationTests.ConfirmEmail_WithNonexistentUser_ShouldReturnUnauthorized" storage="/users/aristidehervembassi/documents/projects/veepee/place-api/tests/identity.integrationtests/bin/release/.net9.0/identity.integrationtests.dll" id="f0272338-765d-acd1-85fe-3e2369585a21">
      <Execution id="97b92169-cafb-4b25-9fb7-4c63ee2a6d9f" />
      <TestMethod codeBase="/Users/aristidehervembassi/Documents/Projects/Veepee/place-api/tests/Identity.IntegrationTests/bin/Release/.net9.0/Identity.IntegrationTests.dll" adapterTypeName="executor://xunit/VsTestRunner2/netcoreapp" className="Identity.IntegrationTests.Endpoints.ConfirmEmail.V1.ConfirmEmailEndpointIntegrationTests" name="ConfirmEmail_WithNonexistentUser_ShouldReturnUnauthorized" />
    </UnitTest>
    <UnitTest name="Identity.IntegrationTests.Endpoints.ForgotPassword.V1.ForgotPasswordEndpointIntegrationTests.ForgotPassword_WithValidEmail_ShouldReturnOk" storage="/users/aristidehervembassi/documents/projects/veepee/place-api/tests/identity.integrationtests/bin/release/.net9.0/identity.integrationtests.dll" id="e8cf4a30-5a97-4ba3-8dee-18b78261fca0">
      <Execution id="af303b50-2a5b-43cf-a53b-fd201513091b" />
      <TestMethod codeBase="/Users/aristidehervembassi/Documents/Projects/Veepee/place-api/tests/Identity.IntegrationTests/bin/Release/.net9.0/Identity.IntegrationTests.dll" adapterTypeName="executor://xunit/VsTestRunner2/netcoreapp" className="Identity.IntegrationTests.Endpoints.ForgotPassword.V1.ForgotPasswordEndpointIntegrationTests" name="ForgotPassword_WithValidEmail_ShouldReturnOk" />
    </UnitTest>
    <UnitTest name="Identity.IntegrationTests.Endpoints.ResetPassword.V1.ResetPasswordEndpointIntegrationTests.ResetPassword_WithNullUser_ShouldReturnValidationProblem" storage="/users/aristidehervembassi/documents/projects/veepee/place-api/tests/identity.integrationtests/bin/release/.net9.0/identity.integrationtests.dll" id="dcd9573d-1503-8f30-35cc-eeab6f36d1ba">
      <Execution id="8c236b1e-7eef-4849-ad11-431d0c6ac086" />
      <TestMethod codeBase="/Users/aristidehervembassi/Documents/Projects/Veepee/place-api/tests/Identity.IntegrationTests/bin/Release/.net9.0/Identity.IntegrationTests.dll" adapterTypeName="executor://xunit/VsTestRunner2/netcoreapp" className="Identity.IntegrationTests.Endpoints.ResetPassword.V1.ResetPasswordEndpointIntegrationTests" name="ResetPassword_WithNullUser_ShouldReturnValidationProblem" />
    </UnitTest>
    <UnitTest name="Identity.IntegrationTests.Endpoints.ForgotPassword.V1.ForgotPasswordEndpointIntegrationTests.ForgotPassword_WithInvalidEmail_ShouldReturnNotFound" storage="/users/aristidehervembassi/documents/projects/veepee/place-api/tests/identity.integrationtests/bin/release/.net9.0/identity.integrationtests.dll" id="fb05f07d-8a49-dc3a-0783-30be0f8083c6">
      <Execution id="c165dc5b-a7ec-48cf-ae3e-0fadb4803b66" />
      <TestMethod codeBase="/Users/aristidehervembassi/Documents/Projects/Veepee/place-api/tests/Identity.IntegrationTests/bin/Release/.net9.0/Identity.IntegrationTests.dll" adapterTypeName="executor://xunit/VsTestRunner2/netcoreapp" className="Identity.IntegrationTests.Endpoints.ForgotPassword.V1.ForgotPasswordEndpointIntegrationTests" name="ForgotPassword_WithInvalidEmail_ShouldReturnNotFound" />
    </UnitTest>
    <UnitTest name="Identity.IntegrationTests.Endpoints.Register.V1.RegisterEndpointIntegrationTests.Register_WithValidData_ShouldReturnOk" storage="/users/aristidehervembassi/documents/projects/veepee/place-api/tests/identity.integrationtests/bin/release/.net9.0/identity.integrationtests.dll" id="8237573c-4729-33b5-d131-97b20e937d94">
      <Execution id="6c6307f6-ef68-498e-8005-e8f8f49ab125" />
      <TestMethod codeBase="/Users/aristidehervembassi/Documents/Projects/Veepee/place-api/tests/Identity.IntegrationTests/bin/Release/.net9.0/Identity.IntegrationTests.dll" adapterTypeName="executor://xunit/VsTestRunner2/netcoreapp" className="Identity.IntegrationTests.Endpoints.Register.V1.RegisterEndpointIntegrationTests" name="Register_WithValidData_ShouldReturnOk" />
    </UnitTest>
    <UnitTest name="Identity.IntegrationTests.Endpoints.Register.V1.RegisterEndpointIntegrationTests.Register_WithWeakPassword_ShouldReturnValidationProblem" storage="/users/aristidehervembassi/documents/projects/veepee/place-api/tests/identity.integrationtests/bin/release/.net9.0/identity.integrationtests.dll" id="1c2ab5ab-4a77-7130-4915-64a67b46b31a">
      <Execution id="b54e3543-4753-4841-ba9d-219bb94c4bf7" />
      <TestMethod codeBase="/Users/aristidehervembassi/Documents/Projects/Veepee/place-api/tests/Identity.IntegrationTests/bin/Release/.net9.0/Identity.IntegrationTests.dll" adapterTypeName="executor://xunit/VsTestRunner2/netcoreapp" className="Identity.IntegrationTests.Endpoints.Register.V1.RegisterEndpointIntegrationTests" name="Register_WithWeakPassword_ShouldReturnValidationProblem" />
    </UnitTest>
    <UnitTest name="Identity.IntegrationTests.Endpoints.ResendConfirmationEmail.ResendConfirmationEmailIntegrationTest.ResendConfirmationEmail_InvalidEmailFormat_ShouldReturnBadRequest" storage="/users/aristidehervembassi/documents/projects/veepee/place-api/tests/identity.integrationtests/bin/release/.net9.0/identity.integrationtests.dll" id="90cf7ee2-ffd0-50e6-057e-99a5ad84e3fa">
      <Execution id="481dcd3a-6d29-4aec-8cf5-7f64b2aed7ad" />
      <TestMethod codeBase="/Users/aristidehervembassi/Documents/Projects/Veepee/place-api/tests/Identity.IntegrationTests/bin/Release/.net9.0/Identity.IntegrationTests.dll" adapterTypeName="executor://xunit/VsTestRunner2/netcoreapp" className="Identity.IntegrationTests.Endpoints.ResendConfirmationEmail.ResendConfirmationEmailIntegrationTest" name="ResendConfirmationEmail_InvalidEmailFormat_ShouldReturnBadRequest" />
    </UnitTest>
    <UnitTest name="Identity.IntegrationTests.Endpoints.ForgotPassword.V1.ForgotPasswordEndpointIntegrationTests.ForgotPassword_WithEmptyEmail_ShouldReturnBadRequest" storage="/users/aristidehervembassi/documents/projects/veepee/place-api/tests/identity.integrationtests/bin/release/.net9.0/identity.integrationtests.dll" id="02dc2d10-33d2-ed22-24d3-29a5f7c5b629">
      <Execution id="782fac01-c83b-44e8-9139-fecdf0399eca" />
      <TestMethod codeBase="/Users/aristidehervembassi/Documents/Projects/Veepee/place-api/tests/Identity.IntegrationTests/bin/Release/.net9.0/Identity.IntegrationTests.dll" adapterTypeName="executor://xunit/VsTestRunner2/netcoreapp" className="Identity.IntegrationTests.Endpoints.ForgotPassword.V1.ForgotPasswordEndpointIntegrationTests" name="ForgotPassword_WithEmptyEmail_ShouldReturnBadRequest" />
    </UnitTest>
    <UnitTest name="Identity.IntegrationTests.Endpoints.Register.V1.RegisterEndpointIntegrationTests.Register_WithExistingEmail_ShouldReturnValidationProblem" storage="/users/aristidehervembassi/documents/projects/veepee/place-api/tests/identity.integrationtests/bin/release/.net9.0/identity.integrationtests.dll" id="3ce9469e-9f0e-f7a3-3b5a-faeb5c30093f">
      <Execution id="8522c91a-b820-4650-8567-668ac25c4f00" />
      <TestMethod codeBase="/Users/aristidehervembassi/Documents/Projects/Veepee/place-api/tests/Identity.IntegrationTests/bin/Release/.net9.0/Identity.IntegrationTests.dll" adapterTypeName="executor://xunit/VsTestRunner2/netcoreapp" className="Identity.IntegrationTests.Endpoints.Register.V1.RegisterEndpointIntegrationTests" name="Register_WithExistingEmail_ShouldReturnValidationProblem" />
    </UnitTest>
    <UnitTest name="Identity.IntegrationTests.Endpoints.ResendConfirmationEmail.ResendConfirmationEmailIntegrationTest.ResendConfirmationEmail_EmptyEmail_ShouldReturnSucceed" storage="/users/aristidehervembassi/documents/projects/veepee/place-api/tests/identity.integrationtests/bin/release/.net9.0/identity.integrationtests.dll" id="f70c619f-5c81-b138-e90a-817c50d4d570">
      <Execution id="b11ba802-241b-4964-ab36-37c2125a2a7e" />
      <TestMethod codeBase="/Users/aristidehervembassi/Documents/Projects/Veepee/place-api/tests/Identity.IntegrationTests/bin/Release/.net9.0/Identity.IntegrationTests.dll" adapterTypeName="executor://xunit/VsTestRunner2/netcoreapp" className="Identity.IntegrationTests.Endpoints.ResendConfirmationEmail.ResendConfirmationEmailIntegrationTest" name="ResendConfirmationEmail_EmptyEmail_ShouldReturnSucceed" />
    </UnitTest>
    <UnitTest name="Identity.IntegrationTests.Endpoints.ResetPassword.V1.ResetPasswordEndpointIntegrationTests.ResetPassword_WithConfirmedUserAndValidToken_ShouldResetPassword" storage="/users/aristidehervembassi/documents/projects/veepee/place-api/tests/identity.integrationtests/bin/release/.net9.0/identity.integrationtests.dll" id="ee50ef26-2c54-42ba-f839-09a4fbcc02a8">
      <Execution id="4129dd4c-23a8-484e-8a35-9162928c0129" />
      <TestMethod codeBase="/Users/aristidehervembassi/Documents/Projects/Veepee/place-api/tests/Identity.IntegrationTests/bin/Release/.net9.0/Identity.IntegrationTests.dll" adapterTypeName="executor://xunit/VsTestRunner2/netcoreapp" className="Identity.IntegrationTests.Endpoints.ResetPassword.V1.ResetPasswordEndpointIntegrationTests" name="ResetPassword_WithConfirmedUserAndValidToken_ShouldResetPassword" />
    </UnitTest>
    <UnitTest name="Identity.IntegrationTests.Endpoints.ConfirmEmail.V1.ConfirmEmailEndpointIntegrationTests.ConfirmEmail_WithValidToken_ShouldSucceed" storage="/users/aristidehervembassi/documents/projects/veepee/place-api/tests/identity.integrationtests/bin/release/.net9.0/identity.integrationtests.dll" id="d3086d17-9375-1ef3-fe7c-29ad5adb86ae">
      <Execution id="90f27a5e-7875-4111-9bea-b6410747f34b" />
      <TestMethod codeBase="/Users/aristidehervembassi/Documents/Projects/Veepee/place-api/tests/Identity.IntegrationTests/bin/Release/.net9.0/Identity.IntegrationTests.dll" adapterTypeName="executor://xunit/VsTestRunner2/netcoreapp" className="Identity.IntegrationTests.Endpoints.ConfirmEmail.V1.ConfirmEmailEndpointIntegrationTests" name="ConfirmEmail_WithValidToken_ShouldSucceed" />
    </UnitTest>
    <UnitTest name="Identity.IntegrationTests.Endpoints.Register.V1.RegisterEndpointIntegrationTests.Register_WithPasswordMissingDigit_ShouldReturnValidationProblem" storage="/users/aristidehervembassi/documents/projects/veepee/place-api/tests/identity.integrationtests/bin/release/.net9.0/identity.integrationtests.dll" id="33f795ee-45c2-e1e3-8b14-90f090b3ce7f">
      <Execution id="2cb79e62-596c-4cfa-aac9-fa422f736ebb" />
      <TestMethod codeBase="/Users/aristidehervembassi/Documents/Projects/Veepee/place-api/tests/Identity.IntegrationTests/bin/Release/.net9.0/Identity.IntegrationTests.dll" adapterTypeName="executor://xunit/VsTestRunner2/netcoreapp" className="Identity.IntegrationTests.Endpoints.Register.V1.RegisterEndpointIntegrationTests" name="Register_WithPasswordMissingDigit_ShouldReturnValidationProblem" />
    </UnitTest>
    <UnitTest name="Identity.IntegrationTests.Endpoints.Register.V1.RegisterEndpointIntegrationTests.Register_WithPasswordMissingLowerCase_ShouldReturnValidationProblem" storage="/users/aristidehervembassi/documents/projects/veepee/place-api/tests/identity.integrationtests/bin/release/.net9.0/identity.integrationtests.dll" id="cb1bcc00-0349-1fd4-024a-bfa951899c39">
      <Execution id="210f362f-922e-4c31-812b-66d136fe2301" />
      <TestMethod codeBase="/Users/aristidehervembassi/Documents/Projects/Veepee/place-api/tests/Identity.IntegrationTests/bin/Release/.net9.0/Identity.IntegrationTests.dll" adapterTypeName="executor://xunit/VsTestRunner2/netcoreapp" className="Identity.IntegrationTests.Endpoints.Register.V1.RegisterEndpointIntegrationTests" name="Register_WithPasswordMissingLowerCase_ShouldReturnValidationProblem" />
    </UnitTest>
    <UnitTest name="Identity.IntegrationTests.Endpoints.GetInfo.GetInfoEndpointIntegrationTests.GetInfo_WithoutAuthentication_ShouldReturnUnauthorized" storage="/users/aristidehervembassi/documents/projects/veepee/place-api/tests/identity.integrationtests/bin/release/.net9.0/identity.integrationtests.dll" id="5c58ebf7-df5c-47d2-6442-04b3dc96f1d3">
      <Execution id="36aa2de6-3e18-44bc-b143-41f66c5b5aa5" />
      <TestMethod codeBase="/Users/aristidehervembassi/Documents/Projects/Veepee/place-api/tests/Identity.IntegrationTests/bin/Release/.net9.0/Identity.IntegrationTests.dll" adapterTypeName="executor://xunit/VsTestRunner2/netcoreapp" className="Identity.IntegrationTests.Endpoints.GetInfo.GetInfoEndpointIntegrationTests" name="GetInfo_WithoutAuthentication_ShouldReturnUnauthorized" />
    </UnitTest>
    <UnitTest name="Identity.IntegrationTests.Endpoints.ResetPassword.V1.ResetPasswordEndpointIntegrationTests.ResetPassword_WithConfirmedEmail_ShouldNotReturnValidationProblem" storage="/users/aristidehervembassi/documents/projects/veepee/place-api/tests/identity.integrationtests/bin/release/.net9.0/identity.integrationtests.dll" id="dbd9dbc5-b643-8222-77d1-0cbfc8afeeed">
      <Execution id="f5b429f1-3228-4862-803c-921fddd358ae" />
      <TestMethod codeBase="/Users/aristidehervembassi/Documents/Projects/Veepee/place-api/tests/Identity.IntegrationTests/bin/Release/.net9.0/Identity.IntegrationTests.dll" adapterTypeName="executor://xunit/VsTestRunner2/netcoreapp" className="Identity.IntegrationTests.Endpoints.ResetPassword.V1.ResetPasswordEndpointIntegrationTests" name="ResetPassword_WithConfirmedEmail_ShouldNotReturnValidationProblem" />
    </UnitTest>
    <UnitTest name="Identity.IntegrationTests.Endpoints.Login.V1.LoginEndpointIntegrationTests.Login_WithLockedOutUser_ShouldReturnUnauthorized" storage="/users/aristidehervembassi/documents/projects/veepee/place-api/tests/identity.integrationtests/bin/release/.net9.0/identity.integrationtests.dll" id="962bcd7e-38ea-8aef-dd05-68393260d926">
      <Execution id="cd19ca60-aac6-462f-b04f-11015859a266" />
      <TestMethod codeBase="/Users/aristidehervembassi/Documents/Projects/Veepee/place-api/tests/Identity.IntegrationTests/bin/Release/.net9.0/Identity.IntegrationTests.dll" adapterTypeName="executor://xunit/VsTestRunner2/netcoreapp" className="Identity.IntegrationTests.Endpoints.Login.V1.LoginEndpointIntegrationTests" name="Login_WithLockedOutUser_ShouldReturnUnauthorized" />
    </UnitTest>
    <UnitTest name="Identity.IntegrationTests.Endpoints.Login.V1.LoginEndpointIntegrationTests.Login_WithNonexistentUser_ShouldReturnUnauthorized" storage="/users/aristidehervembassi/documents/projects/veepee/place-api/tests/identity.integrationtests/bin/release/.net9.0/identity.integrationtests.dll" id="eda309f1-4ce1-4e56-aa09-239c4b96bf0c">
      <Execution id="4709ac38-51aa-4fd2-97d3-10e9b7a2c408" />
      <TestMethod codeBase="/Users/aristidehervembassi/Documents/Projects/Veepee/place-api/tests/Identity.IntegrationTests/bin/Release/.net9.0/Identity.IntegrationTests.dll" adapterTypeName="executor://xunit/VsTestRunner2/netcoreapp" className="Identity.IntegrationTests.Endpoints.Login.V1.LoginEndpointIntegrationTests" name="Login_WithNonexistentUser_ShouldReturnUnauthorized" />
    </UnitTest>
    <UnitTest name="Identity.IntegrationTests.Endpoints.ResendConfirmationEmail.ResendConfirmationEmailIntegrationTest.ResendConfirmationEmail_NonExistentEmail_ShouldSucceed" storage="/users/aristidehervembassi/documents/projects/veepee/place-api/tests/identity.integrationtests/bin/release/.net9.0/identity.integrationtests.dll" id="41bac276-64f7-6efe-a203-04ef342dc33b">
      <Execution id="60ca0a4e-3990-41c0-8c2c-3a99aacdd817" />
      <TestMethod codeBase="/Users/aristidehervembassi/Documents/Projects/Veepee/place-api/tests/Identity.IntegrationTests/bin/Release/.net9.0/Identity.IntegrationTests.dll" adapterTypeName="executor://xunit/VsTestRunner2/netcoreapp" className="Identity.IntegrationTests.Endpoints.ResendConfirmationEmail.ResendConfirmationEmailIntegrationTest" name="ResendConfirmationEmail_NonExistentEmail_ShouldSucceed" />
    </UnitTest>
    <UnitTest name="Identity.IntegrationTests.Endpoints.ResetPassword.V1.ResetPasswordEndpointIntegrationTests.ResetPassword_WithUnconfirmedEmail_ShouldReturnValidationProblem" storage="/users/aristidehervembassi/documents/projects/veepee/place-api/tests/identity.integrationtests/bin/release/.net9.0/identity.integrationtests.dll" id="32be6609-94cf-6e05-5bcd-526a3ceb9d3a">
      <Execution id="ddd4bf81-7130-44af-9b83-1d127292d4f4" />
      <TestMethod codeBase="/Users/aristidehervembassi/Documents/Projects/Veepee/place-api/tests/Identity.IntegrationTests/bin/Release/.net9.0/Identity.IntegrationTests.dll" adapterTypeName="executor://xunit/VsTestRunner2/netcoreapp" className="Identity.IntegrationTests.Endpoints.ResetPassword.V1.ResetPasswordEndpointIntegrationTests" name="ResetPassword_WithUnconfirmedEmail_ShouldReturnValidationProblem" />
    </UnitTest>
    <UnitTest name="Identity.IntegrationTests.Endpoints.Register.V1.RegisterEndpointIntegrationTests.Register_WithInvalidEmail_ShouldReturnValidationProblem" storage="/users/aristidehervembassi/documents/projects/veepee/place-api/tests/identity.integrationtests/bin/release/.net9.0/identity.integrationtests.dll" id="86fdeaca-9437-ef78-cbe6-1ac34d266548">
      <Execution id="9c21f973-cb56-4024-b707-82628701377a" />
      <TestMethod codeBase="/Users/aristidehervembassi/Documents/Projects/Veepee/place-api/tests/Identity.IntegrationTests/bin/Release/.net9.0/Identity.IntegrationTests.dll" adapterTypeName="executor://xunit/VsTestRunner2/netcoreapp" className="Identity.IntegrationTests.Endpoints.Register.V1.RegisterEndpointIntegrationTests" name="Register_WithInvalidEmail_ShouldReturnValidationProblem" />
    </UnitTest>
    <UnitTest name="Identity.IntegrationTests.Endpoints.ResendConfirmationEmail.ResendConfirmationEmailIntegrationTest.SendConfirmationEmail_WithExisting_User_ShouldSucceed" storage="/users/aristidehervembassi/documents/projects/veepee/place-api/tests/identity.integrationtests/bin/release/.net9.0/identity.integrationtests.dll" id="42416da2-48b5-b781-78c8-729e1dd4d25a">
      <Execution id="71b75f78-26f6-4d68-96c8-7c8a7cef8e5b" />
      <TestMethod codeBase="/Users/aristidehervembassi/Documents/Projects/Veepee/place-api/tests/Identity.IntegrationTests/bin/Release/.net9.0/Identity.IntegrationTests.dll" adapterTypeName="executor://xunit/VsTestRunner2/netcoreapp" className="Identity.IntegrationTests.Endpoints.ResendConfirmationEmail.ResendConfirmationEmailIntegrationTest" name="SendConfirmationEmail_WithExisting_User_ShouldSucceed" />
    </UnitTest>
    <UnitTest name="Identity.IntegrationTests.Endpoints.Login.V1.LoginEndpointIntegrationTests.Login_WithValidCredentials_ShouldReturnOk" storage="/users/aristidehervembassi/documents/projects/veepee/place-api/tests/identity.integrationtests/bin/release/.net9.0/identity.integrationtests.dll" id="44b0a1c4-e497-9166-7587-22aad06cb128">
      <Execution id="1d6fd48a-baef-4d19-9175-db96a131f587" />
      <TestMethod codeBase="/Users/aristidehervembassi/Documents/Projects/Veepee/place-api/tests/Identity.IntegrationTests/bin/Release/.net9.0/Identity.IntegrationTests.dll" adapterTypeName="executor://xunit/VsTestRunner2/netcoreapp" className="Identity.IntegrationTests.Endpoints.Login.V1.LoginEndpointIntegrationTests" name="Login_WithValidCredentials_ShouldReturnOk" />
    </UnitTest>
  </TestDefinitions>
  <TestEntries>
    <TestEntry testId="33f795ee-45c2-e1e3-8b14-90f090b3ce7f" executionId="2cb79e62-596c-4cfa-aac9-fa422f736ebb" testListId="8c84fa94-04c1-424b-9868-57a2d4851a1d" />
    <TestEntry testId="41bac276-64f7-6efe-a203-04ef342dc33b" executionId="60ca0a4e-3990-41c0-8c2c-3a99aacdd817" testListId="8c84fa94-04c1-424b-9868-57a2d4851a1d" />
    <TestEntry testId="32be6609-94cf-6e05-5bcd-526a3ceb9d3a" executionId="ddd4bf81-7130-44af-9b83-1d127292d4f4" testListId="8c84fa94-04c1-424b-9868-57a2d4851a1d" />
    <TestEntry testId="4cb0d599-6ec6-8c01-d61e-43eb3dfd2557" executionId="a8547d70-6106-4857-9b65-f5061f323f9f" testListId="8c84fa94-04c1-424b-9868-57a2d4851a1d" />
    <TestEntry testId="5c58ebf7-df5c-47d2-6442-04b3dc96f1d3" executionId="36aa2de6-3e18-44bc-b143-41f66c5b5aa5" testListId="8c84fa94-04c1-424b-9868-57a2d4851a1d" />
    <TestEntry testId="42818d91-0857-cc36-995e-6bcb29a05c68" executionId="e0b70ab7-05f4-43bf-a193-28b7055c5a2c" testListId="8c84fa94-04c1-424b-9868-57a2d4851a1d" />
    <TestEntry testId="3ce9469e-9f0e-f7a3-3b5a-faeb5c30093f" executionId="8522c91a-b820-4650-8567-668ac25c4f00" testListId="8c84fa94-04c1-424b-9868-57a2d4851a1d" />
    <TestEntry testId="44b0a1c4-e497-9166-7587-22aad06cb128" executionId="1d6fd48a-baef-4d19-9175-db96a131f587" testListId="8c84fa94-04c1-424b-9868-57a2d4851a1d" />
    <TestEntry testId="42416da2-48b5-b781-78c8-729e1dd4d25a" executionId="71b75f78-26f6-4d68-96c8-7c8a7cef8e5b" testListId="8c84fa94-04c1-424b-9868-57a2d4851a1d" />
    <TestEntry testId="dcd9573d-1503-8f30-35cc-eeab6f36d1ba" executionId="8c236b1e-7eef-4849-ad11-431d0c6ac086" testListId="8c84fa94-04c1-424b-9868-57a2d4851a1d" />
    <TestEntry testId="02dc2d10-33d2-ed22-24d3-29a5f7c5b629" executionId="782fac01-c83b-44e8-9139-fecdf0399eca" testListId="8c84fa94-04c1-424b-9868-57a2d4851a1d" />
    <TestEntry testId="f0272338-765d-acd1-85fe-3e2369585a21" executionId="97b92169-cafb-4b25-9fb7-4c63ee2a6d9f" testListId="8c84fa94-04c1-424b-9868-57a2d4851a1d" />
    <TestEntry testId="fb05f07d-8a49-dc3a-0783-30be0f8083c6" executionId="c165dc5b-a7ec-48cf-ae3e-0fadb4803b66" testListId="8c84fa94-04c1-424b-9868-57a2d4851a1d" />
    <TestEntry testId="f70c619f-5c81-b138-e90a-817c50d4d570" executionId="b11ba802-241b-4964-ab36-37c2125a2a7e" testListId="8c84fa94-04c1-424b-9868-57a2d4851a1d" />
    <TestEntry testId="9fc9a68f-3585-a1c9-b0e2-ffc22e4bd6e9" executionId="6694b7eb-e38e-4676-9835-99f52c229b12" testListId="8c84fa94-04c1-424b-9868-57a2d4851a1d" />
    <TestEntry testId="eda309f1-4ce1-4e56-aa09-239c4b96bf0c" executionId="4709ac38-51aa-4fd2-97d3-10e9b7a2c408" testListId="8c84fa94-04c1-424b-9868-57a2d4851a1d" />
    <TestEntry testId="0a6251dd-c7f0-fa9c-3d69-55e0b200155f" executionId="f18a112e-1c8c-497a-ba22-c5251b61c085" testListId="8c84fa94-04c1-424b-9868-57a2d4851a1d" />
    <TestEntry testId="90cf7ee2-ffd0-50e6-057e-99a5ad84e3fa" executionId="481dcd3a-6d29-4aec-8cf5-7f64b2aed7ad" testListId="8c84fa94-04c1-424b-9868-57a2d4851a1d" />
    <TestEntry testId="e8cf4a30-5a97-4ba3-8dee-18b78261fca0" executionId="af303b50-2a5b-43cf-a53b-fd201513091b" testListId="8c84fa94-04c1-424b-9868-57a2d4851a1d" />
    <TestEntry testId="7c13512b-f511-58ea-d0d8-f8f2aa9422f6" executionId="79f4c369-0e4e-4791-acd9-f1b27600305c" testListId="8c84fa94-04c1-424b-9868-57a2d4851a1d" />
    <TestEntry testId="962bcd7e-38ea-8aef-dd05-68393260d926" executionId="cd19ca60-aac6-462f-b04f-11015859a266" testListId="8c84fa94-04c1-424b-9868-57a2d4851a1d" />
    <TestEntry testId="8237573c-4729-33b5-d131-97b20e937d94" executionId="6c6307f6-ef68-498e-8005-e8f8f49ab125" testListId="8c84fa94-04c1-424b-9868-57a2d4851a1d" />
    <TestEntry testId="cb1bcc00-0349-1fd4-024a-bfa951899c39" executionId="210f362f-922e-4c31-812b-66d136fe2301" testListId="8c84fa94-04c1-424b-9868-57a2d4851a1d" />
    <TestEntry testId="ee50ef26-2c54-42ba-f839-09a4fbcc02a8" executionId="4129dd4c-23a8-484e-8a35-9162928c0129" testListId="8c84fa94-04c1-424b-9868-57a2d4851a1d" />
    <TestEntry testId="7ec593d9-3153-6227-ac03-c6a233c08f6f" executionId="c97ed44f-050b-47e5-aaf5-5b9ac67011c3" testListId="8c84fa94-04c1-424b-9868-57a2d4851a1d" />
    <TestEntry testId="86fdeaca-9437-ef78-cbe6-1ac34d266548" executionId="9c21f973-cb56-4024-b707-82628701377a" testListId="8c84fa94-04c1-424b-9868-57a2d4851a1d" />
    <TestEntry testId="1c2ab5ab-4a77-7130-4915-64a67b46b31a" executionId="b54e3543-4753-4841-ba9d-219bb94c4bf7" testListId="8c84fa94-04c1-424b-9868-57a2d4851a1d" />
    <TestEntry testId="adce1f85-6b67-5f60-e1cc-abf7fd887e12" executionId="411e3be1-2f65-480e-b6a2-b50f18ad7f19" testListId="8c84fa94-04c1-424b-9868-57a2d4851a1d" />
    <TestEntry testId="dbd9dbc5-b643-8222-77d1-0cbfc8afeeed" executionId="f5b429f1-3228-4862-803c-921fddd358ae" testListId="8c84fa94-04c1-424b-9868-57a2d4851a1d" />
    <TestEntry testId="d3086d17-9375-1ef3-fe7c-29ad5adb86ae" executionId="90f27a5e-7875-4111-9bea-b6410747f34b" testListId="8c84fa94-04c1-424b-9868-57a2d4851a1d" />
    <TestEntry testId="66dd343d-3f62-b720-7b68-f592e74056bd" executionId="9d4883e5-8b28-4a38-a311-8155eea7e310" testListId="8c84fa94-04c1-424b-9868-57a2d4851a1d" />
  </TestEntries>
  <TestLists>
    <TestList name="Les résultats ne figurent pas dans une liste" id="8c84fa94-04c1-424b-9868-57a2d4851a1d" />
    <TestList name="Tous les résultats chargés" id="19431567-8539-422a-85d7-44ee4e166bda" />
  </TestLists>
  <ResultSummary outcome="Completed">
    <Counters total="31" executed="31" passed="31" failed="0" error="0" timeout="0" aborted="0" inconclusive="0" passedButRunAborted="0" notRunnable="0" notExecuted="0" disconnected="0" warning="0" completed="0" inProgress="0" pending="0" />
    <Output>
      <StdOut>[xUnit.net 00:00:00.00] xUnit.net VSTest Adapter v2.5.3.1+6b60a9e56a (64-bit .NET 9.0.0)
[xUnit.net 00:00:00.05]   Discovering: Identity.IntegrationTests
[xUnit.net 00:00:00.08]   Discovered:  Identity.IntegrationTests
[xUnit.net 00:00:00.08]   Starting:    Identity.IntegrationTests
[testcontainers.org 00:00:00.05] Connected to Docker:
  Host: unix:///var/run/docker.sock
  Server Version: 27.0.3
  Kernel Version: 6.6.32-linuxkit
  API Version: 1.46
  Operating System: Docker Desktop
  Total Memory: 7.66 GB
  Labels: 
    com.docker.desktop.address=unix:///Users/aristidehervembassi/Library/Containers/com.docker.docker/Data/docker-cli.sock
[testcontainers.org 00:00:00.15] Docker container 7ffda86b1f44 created
[testcontainers.org 00:00:00.21] Start Docker container 7ffda86b1f44
[testcontainers.org 00:00:00.44] Wait for Docker container 7ffda86b1f44 to complete readiness checks
[testcontainers.org 00:00:00.44] Docker container 7ffda86b1f44 ready
[testcontainers.org 00:00:00.52] Docker container 4b476843fdd2 created
[testcontainers.org 00:00:00.52] Docker container 48c885af4163 created
[testcontainers.org 00:00:00.54] Docker container 9120481c18af created
[testcontainers.org 00:00:00.54] Docker container 926b35cd3ebd created
[testcontainers.org 00:00:00.54] Start Docker container 4b476843fdd2
[testcontainers.org 00:00:00.58] Start Docker container 48c885af4163
[testcontainers.org 00:00:00.58] Docker container d0d902702153 created
[testcontainers.org 00:00:00.60] Start Docker container 926b35cd3ebd
[testcontainers.org 00:00:00.60] Start Docker container 9120481c18af
[testcontainers.org 00:00:00.60] Docker container 64fb7658e104 created
[testcontainers.org 00:00:00.62] Start Docker container d0d902702153
[testcontainers.org 00:00:00.63] Docker container b74c975186b0 created
[testcontainers.org 00:00:00.63] Start Docker container 64fb7658e104
[testcontainers.org 00:00:00.66] Start Docker container b74c975186b0
[testcontainers.org 00:00:02.29] Wait for Docker container 4b476843fdd2 to complete readiness checks
[testcontainers.org 00:00:02.33] Execute "pg_isready --host localhost --dbname PlaceApiIdentity --username postgres" at Docker container 4b476843fdd2
[testcontainers.org 00:00:02.36] Wait for Docker container 48c885af4163 to complete readiness checks
[testcontainers.org 00:00:02.39] Execute "pg_isready --host localhost --dbname PlaceApiIdentity --username postgres" at Docker container 48c885af4163
[testcontainers.org 00:00:02.52] Wait for Docker container 926b35cd3ebd to complete readiness checks
[testcontainers.org 00:00:02.55] Execute "pg_isready --host localhost --dbname PlaceApiIdentity --username postgres" at Docker container 926b35cd3ebd
[testcontainers.org 00:00:02.66] Wait for Docker container 64fb7658e104 to complete readiness checks
[testcontainers.org 00:00:02.68] Execute "pg_isready --host localhost --dbname PlaceApiIdentity --username postgres" at Docker container 64fb7658e104
[testcontainers.org 00:00:02.68] Wait for Docker container 9120481c18af to complete readiness checks
[testcontainers.org 00:00:02.70] Execute "pg_isready --host localhost --dbname PlaceApiIdentity --username postgres" at Docker container 9120481c18af
[testcontainers.org 00:00:02.71] Wait for Docker container b74c975186b0 to complete readiness checks
[testcontainers.org 00:00:02.73] Execute "pg_isready --host localhost --dbname PlaceApiIdentity --username postgres" at Docker container b74c975186b0
[testcontainers.org 00:00:02.78] Wait for Docker container d0d902702153 to complete readiness checks
[testcontainers.org 00:00:02.79] Execute "pg_isready --host localhost --dbname PlaceApiIdentity --username postgres" at Docker container d0d902702153
[testcontainers.org 00:00:03.51] Execute "pg_isready --host localhost --dbname PlaceApiIdentity --username postgres" at Docker container 4b476843fdd2
[testcontainers.org 00:00:03.54] Execute "pg_isready --host localhost --dbname PlaceApiIdentity --username postgres" at Docker container 48c885af4163
[testcontainers.org 00:00:03.56] Docker container 4b476843fdd2 ready
[testcontainers.org 00:00:03.59] Docker container 48c885af4163 ready
[testcontainers.org 00:00:03.66] Execute "pg_isready --host localhost --dbname PlaceApiIdentity --username postgres" at Docker container 926b35cd3ebd
[testcontainers.org 00:00:03.71] Docker container 926b35cd3ebd ready
    ____    __           __  _ __           _____                 _              
   /  _/___/ /__  ____  / /_(_) /___  __   / ___/___  ______   __(_)_______      
   / // __  / _ \/ __ \/ __/ / __/ / / /   \__ \/ _ \/ ___/ | / / / ___/ _ \     
 _/ // /_/ /  __/ / / / /_/ / /_/ /_/ /   ___/ /  __/ /   | |/ / / /__/  __/     
/___/\__,_/\___/_/ /_/\__/_/\__/\__, /   /____/\___/_/    |___/_/\___/\___/      
                               /____/                                            
    ____    __           __  _ __           _____                 _              
   /  _/___/ /__  ____  / /_(_) /___  __   / ___/___  ______   __(_)_______      
   / // __  / _ \/ __ \/ __/ / __/ / / /   \__ \/ _ \/ ___/ | / / / ___/ _ \     
 _/ // /_/ /  __/ / / / /_/ / /_/ /_/ /   ___/ /  __/ /   | |/ / / /__/  __/     
/___/\__,_/\___/_/ /_/\__/_/\__/\__, /   /____/\___/_/    |___/_/\___/\___/      
                               /____/                                            
    ____    __           __  _ __           _____                 _              
   /  _/___/ /__  ____  / /_(_) /___  __   / ___/___  ______   __(_)_______      
   / // __  / _ \/ __ \/ __/ / __/ / / /   \__ \/ _ \/ ___/ | / / / ___/ _ \     
 _/ // /_/ /  __/ / / / /_/ / /_/ /_/ /   ___/ /  __/ /   | |/ / / /__/  __/     
/___/\__,_/\___/_/ /_/\__/_/\__/\__, /   /____/\___/_/    |___/_/\___/\___/      
                               /____/                                            
[testcontainers.org 00:00:03.78] Execute "pg_isready --host localhost --dbname PlaceApiIdentity --username postgres" at Docker container 64fb7658e104
[testcontainers.org 00:00:03.78] Execute "pg_isready --host localhost --dbname PlaceApiIdentity --username postgres" at Docker container 9120481c18af
[testcontainers.org 00:00:03.82] Execute "pg_isready --host localhost --dbname PlaceApiIdentity --username postgres" at Docker container b74c975186b0
[testcontainers.org 00:00:03.83] Docker container 64fb7658e104 ready
[testcontainers.org 00:00:03.83] Docker container 9120481c18af ready
[testcontainers.org 00:00:03.86] Docker container b74c975186b0 ready
22:04:31 [INF] No action descriptors found. This may indicate an incorrectly configured application or missing application parts. To learn more, visit https://aka.ms/aspnet/mvc/app-parts
22:04:31 [INF] No action descriptors found. This may indicate an incorrectly configured application or missing application parts. To learn more, visit https://aka.ms/aspnet/mvc/app-parts
22:04:31 [INF] No action descriptors found. This may indicate an incorrectly configured application or missing application parts. To learn more, visit https://aka.ms/aspnet/mvc/app-parts
    ____    __           __  _ __           _____                 _              
   /  _/___/ /__  ____  / /_(_) /___  __   / ___/___  ______   __(_)_______      
   / // __  / _ \/ __ \/ __/ / __/ / / /   \__ \/ _ \/ ___/ | / / / ___/ _ \     
 _/ // /_/ /  __/ / / / /_/ / /_/ /_/ /   ___/ /  __/ /   | |/ / / /__/  __/     
/___/\__,_/\___/_/ /_/\__/_/\__/\__, /   /____/\___/_/    |___/_/\___/\___/      
                               /____/                                            
[testcontainers.org 00:00:03.89] Execute "pg_isready --host localhost --dbname PlaceApiIdentity --username postgres" at Docker container d0d902702153
22:04:31 [INF] No action descriptors found. This may indicate an incorrectly configured application or missing application parts. To learn more, visit https://aka.ms/aspnet/mvc/app-parts
    ____    __           __  _ __           _____                 _              
   /  _/___/ /__  ____  / /_(_) /___  __   / ___/___  ______   __(_)_______      
   / // __  / _ \/ __ \/ __/ / __/ / / /   \__ \/ _ \/ ___/ | / / / ___/ _ \     
 _/ // /_/ /  __/ / / / /_/ / /_/ /_/ /   ___/ /  __/ /   | |/ / / /__/  __/     
/___/\__,_/\___/_/ /_/\__/_/\__/\__, /   /____/\___/_/    |___/_/\___/\___/      
                               /____/                                            
22:04:32 [INF] No action descriptors found. This may indicate an incorrectly configured application or missing application parts. To learn more, visit https://aka.ms/aspnet/mvc/app-parts
[testcontainers.org 00:00:03.95] Docker container d0d902702153 ready
    ____    __           __  _ __           _____                 _              
   /  _/___/ /__  ____  / /_(_) /___  __   / ___/___  ______   __(_)_______      
   / // __  / _ \/ __ \/ __/ / __/ / / /   \__ \/ _ \/ ___/ | / / / ___/ _ \     
 _/ // /_/ /  __/ / / / /_/ / /_/ /_/ /   ___/ /  __/ /   | |/ / / /__/  __/     
/___/\__,_/\___/_/ /_/\__/_/\__/\__, /   /____/\___/_/    |___/_/\___/\___/      
                               /____/                                            
22:04:32 [INF] No action descriptors found. This may indicate an incorrectly configured application or missing application parts. To learn more, visit https://aka.ms/aspnet/mvc/app-parts
    ____    __           __  _ __           _____                 _              
   /  _/___/ /__  ____  / /_(_) /___  __   / ___/___  ______   __(_)_______      
   / // __  / _ \/ __ \/ __/ / __/ / / /   \__ \/ _ \/ ___/ | / / / ___/ _ \     
 _/ // /_/ /  __/ / / / /_/ / /_/ /_/ /   ___/ /  __/ /   | |/ / / /__/  __/     
/___/\__,_/\___/_/ /_/\__/_/\__/\__, /   /____/\___/_/    |___/_/\___/\___/      
                               /____/                                            
22:04:32 [INF] No action descriptors found. This may indicate an incorrectly configured application or missing application parts. To learn more, visit https://aka.ms/aspnet/mvc/app-parts
22:04:32 [WRN] No instantiatable types implementing `IEntityTypeConfiguration` were found while while scanning assembly '"Core.Identity, Version=1.0.0.0, Culture=neutral, PublicKeyToken=null"'.
22:04:32 [WRN] Sensitive data logging is enabled. Log entries and exception messages may include sensitive application data; this mode should only be enabled during development.
22:04:32 [INF] Applying migrations...
22:04:32 [INF] Applying migrations...
22:04:32 [INF] Applying migrations...
22:04:32 [INF] Applying migrations...
22:04:32 [INF] Applying migrations...
22:04:32 [INF] Applying migrations...
22:04:32 [INF] Applying migrations...
22:04:32 [ERR] Failed executing DbCommand ("12"ms) [Parameters=[""], CommandType='Text', CommandTimeout='30']"\n""SELECT \"MigrationId\", \"ProductVersion\"\nFROM \"__EFMigrationsHistory\"\nORDER BY \"MigrationId\";"
22:04:32 [ERR] Failed executing DbCommand ("12"ms) [Parameters=[""], CommandType='Text', CommandTimeout='30']"\n""SELECT \"MigrationId\", \"ProductVersion\"\nFROM \"__EFMigrationsHistory\"\nORDER BY \"MigrationId\";"
22:04:32 [ERR] Failed executing DbCommand ("12"ms) [Parameters=[""], CommandType='Text', CommandTimeout='30']"\n""SELECT \"MigrationId\", \"ProductVersion\"\nFROM \"__EFMigrationsHistory\"\nORDER BY \"MigrationId\";"
22:04:32 [ERR] Failed executing DbCommand ("12"ms) [Parameters=[""], CommandType='Text', CommandTimeout='30']"\n""SELECT \"MigrationId\", \"ProductVersion\"\nFROM \"__EFMigrationsHistory\"\nORDER BY \"MigrationId\";"
22:04:32 [ERR] Failed executing DbCommand ("12"ms) [Parameters=[""], CommandType='Text', CommandTimeout='30']"\n""SELECT \"MigrationId\", \"ProductVersion\"\nFROM \"__EFMigrationsHistory\"\nORDER BY \"MigrationId\";"
22:04:32 [ERR] Failed executing DbCommand ("12"ms) [Parameters=[""], CommandType='Text', CommandTimeout='30']"\n""SELECT \"MigrationId\", \"ProductVersion\"\nFROM \"__EFMigrationsHistory\"\nORDER BY \"MigrationId\";"
22:04:32 [ERR] Failed executing DbCommand ("12"ms) [Parameters=[""], CommandType='Text', CommandTimeout='30']"\n""SELECT \"MigrationId\", \"ProductVersion\"\nFROM \"__EFMigrationsHistory\"\nORDER BY \"MigrationId\";"
22:04:32 [INF] Applying migration '"20241123143628_Initial"'.
22:04:32 [INF] Applying migration '"20241123143628_Initial"'.
22:04:32 [INF] Applying migration '"20241123143628_Initial"'.
22:04:32 [INF] Applying migration '"20241123143628_Initial"'.
22:04:32 [INF] Applying migration '"20241123143628_Initial"'.
22:04:32 [INF] Applying migration '"20241123143628_Initial"'.
22:04:32 [INF] Applying migration '"20241123143628_Initial"'.
22:04:32 [INF] User profile is available. Using '"/Users/aristidehervembassi/.aspnet/DataProtection-Keys"' as key repository; keys will not be encrypted at rest.
22:04:32 [INF] User profile is available. Using '"/Users/aristidehervembassi/.aspnet/DataProtection-Keys"' as key repository; keys will not be encrypted at rest.
22:04:32 [INF] User profile is available. Using '"/Users/aristidehervembassi/.aspnet/DataProtection-Keys"' as key repository; keys will not be encrypted at rest.
22:04:32 [INF] User profile is available. Using '"/Users/aristidehervembassi/.aspnet/DataProtection-Keys"' as key repository; keys will not be encrypted at rest.
22:04:32 [INF] User profile is available. Using '"/Users/aristidehervembassi/.aspnet/DataProtection-Keys"' as key repository; keys will not be encrypted at rest.
22:04:32 [INF] User profile is available. Using '"/Users/aristidehervembassi/.aspnet/DataProtection-Keys"' as key repository; keys will not be encrypted at rest.
22:04:32 [INF] User profile is available. Using '"/Users/aristidehervembassi/.aspnet/DataProtection-Keys"' as key repository; keys will not be encrypted at rest.
22:04:32 [INF] Request starting "HTTP/1.1" "GET" "http"://"localhost""""/api/v1/manage/info""" - null null
22:04:32 [INF] Request starting "HTTP/1.1" "POST" "http"://"localhost""""/api/v1/forgotpassword""" - "application/json; charset=utf-8" 36
22:04:32 [INF] Request starting "HTTP/1.1" "POST" "http"://"localhost""""/api/v1/register""" - "application/json; charset=utf-8" 57
22:04:32 [INF] Request starting "HTTP/1.1" "GET" "http"://"localhost""""/api/v1/confirmEmail""?userId=b511680a-a6b9-4d66-849d-3f47e7d21f6b&amp;code=yRWrCODSEkWT59oGBfXXlA" - null null
22:04:32 [WRN] Failed to determine the https port for redirect.
22:04:32 [WRN] Failed to determine the https port for redirect.
22:04:32 [WRN] Failed to determine the https port for redirect.
22:04:32 [WRN] Failed to determine the https port for redirect.
22:04:32 [INF] Authorization failed. "These requirements were not met:\nDenyAnonymousAuthorizationRequirement: Requires an authenticated user."
22:04:32 [INF] AuthenticationScheme: "Identity.Bearer" was challenged.
22:04:32 [INF] No action descriptors found. This may indicate an incorrectly configured application or missing application parts. To learn more, visit https://aka.ms/aspnet/mvc/app-parts
22:04:32 [INF] No action descriptors found. This may indicate an incorrectly configured application or missing application parts. To learn more, visit https://aka.ms/aspnet/mvc/app-parts
22:04:32 [INF] No action descriptors found. This may indicate an incorrectly configured application or missing application parts. To learn more, visit https://aka.ms/aspnet/mvc/app-parts
22:04:32 [INF] Request finished "HTTP/1.1" "GET" "http"://"localhost""""/api/v1/manage/info""" - 401 null null 34.5344ms
22:04:32 [INF] Executing endpoint '"HTTP: POST api/v{apiVersion:apiVersion}/forgotPassword =&gt; HandleForgotPasswordRequest"'
22:04:32 [INF] Executing endpoint '"HTTP: POST api/v{apiVersion:apiVersion}/register =&gt; RegisterHandler"'
22:04:32 [INF] Executing endpoint '"HTTP: GET api/v{apiVersion:apiVersion}/confirmEmail =&gt; HandleConfirmEmailRequest"'
22:04:32 [INF] Executed DbCommand ("18"ms) [Parameters=["@__p_0='b511680a-a6b9-4d66-849d-3f47e7d21f6b'"], CommandType='Text', CommandTimeout='30']"\n""SELECT a.\"Id\", a.\"AccessFailedCount\", a.\"ConcurrencyStamp\", a.\"Email\", a.\"EmailConfirmed\", a.\"LockoutEnabled\", a.\"LockoutEnd\", a.\"NormalizedEmail\", a.\"NormalizedUserName\", a.\"PasswordHash\", a.\"PhoneNumber\", a.\"PhoneNumberConfirmed\", a.\"SecurityStamp\", a.\"TwoFactorEnabled\", a.\"UserName\"\nFROM \"AspNetUsers\" AS a\nWHERE a.\"Id\" = @__p_0\nLIMIT 1"
22:04:32 [INF] Executed DbCommand ("18"ms) [Parameters=["@__normalizedEmail_0='TEST@EXAMPLE.COM'"], CommandType='Text', CommandTimeout='30']"\n""SELECT a.\"Id\", a.\"AccessFailedCount\", a.\"ConcurrencyStamp\", a.\"Email\", a.\"EmailConfirmed\", a.\"LockoutEnabled\", a.\"LockoutEnd\", a.\"NormalizedEmail\", a.\"NormalizedUserName\", a.\"PasswordHash\", a.\"PhoneNumber\", a.\"PhoneNumberConfirmed\", a.\"SecurityStamp\", a.\"TwoFactorEnabled\", a.\"UserName\"\nFROM \"AspNetUsers\" AS a\nWHERE a.\"NormalizedEmail\" = @__normalizedEmail_0\nLIMIT 2"
22:04:32 [INF] Executed DbCommand ("18"ms) [Parameters=["@__normalizedEmail_0='TEST@EXAMPLE.COM'"], CommandType='Text', CommandTimeout='30']"\n""SELECT a.\"Id\", a.\"AccessFailedCount\", a.\"ConcurrencyStamp\", a.\"Email\", a.\"EmailConfirmed\", a.\"LockoutEnabled\", a.\"LockoutEnd\", a.\"NormalizedEmail\", a.\"NormalizedUserName\", a.\"PasswordHash\", a.\"PhoneNumber\", a.\"PhoneNumberConfirmed\", a.\"SecurityStamp\", a.\"TwoFactorEnabled\", a.\"UserName\"\nFROM \"AspNetUsers\" AS a\nWHERE a.\"NormalizedEmail\" = @__normalizedEmail_0\nLIMIT 2"
22:04:32 [INF] Executed DbCommand ("19"ms) [Parameters=["@__normalizedEmail_0='UNCONFIRMEDUSER@EXAMPLE.COM'"], CommandType='Text', CommandTimeout='30']"\n""SELECT a.\"Id\", a.\"AccessFailedCount\", a.\"ConcurrencyStamp\", a.\"Email\", a.\"EmailConfirmed\", a.\"LockoutEnabled\", a.\"LockoutEnd\", a.\"NormalizedEmail\", a.\"NormalizedUserName\", a.\"PasswordHash\", a.\"PhoneNumber\", a.\"PhoneNumberConfirmed\", a.\"SecurityStamp\", a.\"TwoFactorEnabled\", a.\"UserName\"\nFROM \"AspNetUsers\" AS a\nWHERE a.\"NormalizedEmail\" = @__normalizedEmail_0\nLIMIT 2"
22:04:32 [INF] Executed DbCommand ("19"ms) [Parameters=["@__normalizedEmail_0='EXISTINGUSER@EXAMPLE.COM'"], CommandType='Text', CommandTimeout='30']"\n""SELECT a.\"Id\", a.\"AccessFailedCount\", a.\"ConcurrencyStamp\", a.\"Email\", a.\"EmailConfirmed\", a.\"LockoutEnabled\", a.\"LockoutEnd\", a.\"NormalizedEmail\", a.\"NormalizedUserName\", a.\"PasswordHash\", a.\"PhoneNumber\", a.\"PhoneNumberConfirmed\", a.\"SecurityStamp\", a.\"TwoFactorEnabled\", a.\"UserName\"\nFROM \"AspNetUsers\" AS a\nWHERE a.\"NormalizedEmail\" = @__normalizedEmail_0\nLIMIT 2"
22:04:32 [INF] Executed DbCommand ("18"ms) [Parameters=["@__normalizedUserName_0='NEWUSER@EXAMPLE.COM'"], CommandType='Text', CommandTimeout='30']"\n""SELECT a.\"Id\", a.\"AccessFailedCount\", a.\"ConcurrencyStamp\", a.\"Email\", a.\"EmailConfirmed\", a.\"LockoutEnabled\", a.\"LockoutEnd\", a.\"NormalizedEmail\", a.\"NormalizedUserName\", a.\"PasswordHash\", a.\"PhoneNumber\", a.\"PhoneNumberConfirmed\", a.\"SecurityStamp\", a.\"TwoFactorEnabled\", a.\"UserName\"\nFROM \"AspNetUsers\" AS a\nWHERE a.\"NormalizedUserName\" = @__normalizedUserName_0\nLIMIT 1"
22:04:32 [INF] Executed DbCommand ("19"ms) [Parameters=["@__normalizedEmail_0='TEST@EXAMPLE.COM'"], CommandType='Text', CommandTimeout='30']"\n""SELECT a.\"Id\", a.\"AccessFailedCount\", a.\"ConcurrencyStamp\", a.\"Email\", a.\"EmailConfirmed\", a.\"LockoutEnabled\", a.\"LockoutEnd\", a.\"NormalizedEmail\", a.\"NormalizedUserName\", a.\"PasswordHash\", a.\"PhoneNumber\", a.\"PhoneNumberConfirmed\", a.\"SecurityStamp\", a.\"TwoFactorEnabled\", a.\"UserName\"\nFROM \"AspNetUsers\" AS a\nWHERE a.\"NormalizedEmail\" = @__normalizedEmail_0\nLIMIT 2"
22:04:32 [INF] Setting HTTP status code 401.
22:04:32 [INF] Setting HTTP status code 200.
22:04:32 [INF] Executed endpoint '"HTTP: GET api/v{apiVersion:apiVersion}/confirmEmail =&gt; HandleConfirmEmailRequest"'
22:04:32 [INF] Executed endpoint '"HTTP: POST api/v{apiVersion:apiVersion}/forgotPassword =&gt; HandleForgotPasswordRequest"'
22:04:32 [INF] Executed DbCommand ("3"ms) [Parameters=["@__normalizedEmail_0='NEWUSER@EXAMPLE.COM'"], CommandType='Text', CommandTimeout='30']"\n""SELECT a.\"Id\", a.\"AccessFailedCount\", a.\"ConcurrencyStamp\", a.\"Email\", a.\"EmailConfirmed\", a.\"LockoutEnabled\", a.\"LockoutEnd\", a.\"NormalizedEmail\", a.\"NormalizedUserName\", a.\"PasswordHash\", a.\"PhoneNumber\", a.\"PhoneNumberConfirmed\", a.\"SecurityStamp\", a.\"TwoFactorEnabled\", a.\"UserName\"\nFROM \"AspNetUsers\" AS a\nWHERE a.\"NormalizedEmail\" = @__normalizedEmail_0\nLIMIT 2"
22:04:32 [INF] Request finished "HTTP/1.1" "GET" "http"://"localhost""""/api/v1/confirmEmail""?userId=b511680a-a6b9-4d66-849d-3f47e7d21f6b&amp;code=yRWrCODSEkWT59oGBfXXlA" - 401 null null 145.8015ms
22:04:32 [INF] Request finished "HTTP/1.1" "POST" "http"://"localhost""""/api/v1/forgotpassword""" - 200 null null 145.8471ms
22:04:32 [INF] Request starting "HTTP/1.1" "POST" "http"://"localhost""""/api/v1/forgotpassword""" - "application/json; charset=utf-8" 35
22:04:32 [INF] Executing endpoint '"HTTP: POST api/v{apiVersion:apiVersion}/forgotPassword =&gt; HandleForgotPasswordRequest"'
22:04:32 [INF] Executed DbCommand ("1"ms) [Parameters=["@__normalizedEmail_0='TEST@EXAMPLE.COM'"], CommandType='Text', CommandTimeout='30']"\n""SELECT a.\"Id\", a.\"AccessFailedCount\", a.\"ConcurrencyStamp\", a.\"Email\", a.\"EmailConfirmed\", a.\"LockoutEnabled\", a.\"LockoutEnd\", a.\"NormalizedEmail\", a.\"NormalizedUserName\", a.\"PasswordHash\", a.\"PhoneNumber\", a.\"PhoneNumberConfirmed\", a.\"SecurityStamp\", a.\"TwoFactorEnabled\", a.\"UserName\"\nFROM \"AspNetUsers\" AS a\nWHERE a.\"NormalizedEmail\" = @__normalizedEmail_0\nLIMIT 2"
22:04:32 [INF] Executed DbCommand ("1"ms) [Parameters=["@__normalizedEmail_0='NONEXISTENT@EXAMPLE.COM'"], CommandType='Text', CommandTimeout='30']"\n""SELECT a.\"Id\", a.\"AccessFailedCount\", a.\"ConcurrencyStamp\", a.\"Email\", a.\"EmailConfirmed\", a.\"LockoutEnabled\", a.\"LockoutEnd\", a.\"NormalizedEmail\", a.\"NormalizedUserName\", a.\"PasswordHash\", a.\"PhoneNumber\", a.\"PhoneNumberConfirmed\", a.\"SecurityStamp\", a.\"TwoFactorEnabled\", a.\"UserName\"\nFROM \"AspNetUsers\" AS a\nWHERE a.\"NormalizedEmail\" = @__normalizedEmail_0\nLIMIT 2"
22:04:32 [INF] Setting HTTP status code 200.
22:04:32 [INF] Executed endpoint '"HTTP: POST api/v{apiVersion:apiVersion}/forgotPassword =&gt; HandleForgotPasswordRequest"'
22:04:32 [INF] Request finished "HTTP/1.1" "POST" "http"://"localhost""""/api/v1/forgotpassword""" - 200 null null 2.8968ms
22:04:32 [INF] Request starting "HTTP/1.1" "POST" "http"://"localhost""""/api/v1/forgotpassword""" - "application/json; charset=utf-8" 12
22:04:32 [INF] Executing endpoint '"HTTP: POST api/v{apiVersion:apiVersion}/forgotPassword =&gt; HandleForgotPasswordRequest"'
22:04:32 [INF] Executed DbCommand ("1"ms) [Parameters=["@__normalizedEmail_0=''"], CommandType='Text', CommandTimeout='30']"\n""SELECT a.\"Id\", a.\"AccessFailedCount\", a.\"ConcurrencyStamp\", a.\"Email\", a.\"EmailConfirmed\", a.\"LockoutEnabled\", a.\"LockoutEnd\", a.\"NormalizedEmail\", a.\"NormalizedUserName\", a.\"PasswordHash\", a.\"PhoneNumber\", a.\"PhoneNumberConfirmed\", a.\"SecurityStamp\", a.\"TwoFactorEnabled\", a.\"UserName\"\nFROM \"AspNetUsers\" AS a\nWHERE a.\"NormalizedEmail\" = @__normalizedEmail_0\nLIMIT 2"
22:04:32 [INF] Setting HTTP status code 200.
22:04:32 [INF] Executed endpoint '"HTTP: POST api/v{apiVersion:apiVersion}/forgotPassword =&gt; HandleForgotPasswordRequest"'
22:04:32 [INF] Request finished "HTTP/1.1" "POST" "http"://"localhost""""/api/v1/forgotpassword""" - 200 null null 7.8459ms
[testcontainers.org 00:00:04.75] Stop Docker container 4b476843fdd2
22:04:32 [INF] Executed DbCommand ("1"ms) [Parameters=["@__normalizedUserName_0='TEST@EXAMPLE.COM'"], CommandType='Text', CommandTimeout='30']"\n""SELECT a.\"Id\", a.\"AccessFailedCount\", a.\"ConcurrencyStamp\", a.\"Email\", a.\"EmailConfirmed\", a.\"LockoutEnabled\", a.\"LockoutEnd\", a.\"NormalizedEmail\", a.\"NormalizedUserName\", a.\"PasswordHash\", a.\"PhoneNumber\", a.\"PhoneNumberConfirmed\", a.\"SecurityStamp\", a.\"TwoFactorEnabled\", a.\"UserName\"\nFROM \"AspNetUsers\" AS a\nWHERE a.\"NormalizedUserName\" = @__normalizedUserName_0\nLIMIT 1"
22:04:32 [INF] Executed DbCommand ("1"ms) [Parameters=["@__normalizedUserName_0='TEST@EXAMPLE.COM'"], CommandType='Text', CommandTimeout='30']"\n""SELECT a.\"Id\", a.\"AccessFailedCount\", a.\"ConcurrencyStamp\", a.\"Email\", a.\"EmailConfirmed\", a.\"LockoutEnabled\", a.\"LockoutEnd\", a.\"NormalizedEmail\", a.\"NormalizedUserName\", a.\"PasswordHash\", a.\"PhoneNumber\", a.\"PhoneNumberConfirmed\", a.\"SecurityStamp\", a.\"TwoFactorEnabled\", a.\"UserName\"\nFROM \"AspNetUsers\" AS a\nWHERE a.\"NormalizedUserName\" = @__normalizedUserName_0\nLIMIT 1"
22:04:32 [INF] Executed DbCommand ("1"ms) [Parameters=["@__normalizedEmail_0='TEST@EXAMPLE.COM'"], CommandType='Text', CommandTimeout='30']"\n""SELECT a.\"Id\", a.\"AccessFailedCount\", a.\"ConcurrencyStamp\", a.\"Email\", a.\"EmailConfirmed\", a.\"LockoutEnabled\", a.\"LockoutEnd\", a.\"NormalizedEmail\", a.\"NormalizedUserName\", a.\"PasswordHash\", a.\"PhoneNumber\", a.\"PhoneNumberConfirmed\", a.\"SecurityStamp\", a.\"TwoFactorEnabled\", a.\"UserName\"\nFROM \"AspNetUsers\" AS a\nWHERE a.\"NormalizedEmail\" = @__normalizedEmail_0\nLIMIT 2"
22:04:32 [INF] Executed DbCommand ("1"ms) [Parameters=["@__normalizedEmail_0='TEST@EXAMPLE.COM'"], CommandType='Text', CommandTimeout='30']"\n""SELECT a.\"Id\", a.\"AccessFailedCount\", a.\"ConcurrencyStamp\", a.\"Email\", a.\"EmailConfirmed\", a.\"LockoutEnabled\", a.\"LockoutEnd\", a.\"NormalizedEmail\", a.\"NormalizedUserName\", a.\"PasswordHash\", a.\"PhoneNumber\", a.\"PhoneNumberConfirmed\", a.\"SecurityStamp\", a.\"TwoFactorEnabled\", a.\"UserName\"\nFROM \"AspNetUsers\" AS a\nWHERE a.\"NormalizedEmail\" = @__normalizedEmail_0\nLIMIT 2"
22:04:32 [INF] Executed DbCommand ("1"ms) [Parameters=["@__normalizedUserName_0='UNCONFIRMEDUSER@EXAMPLE.COM'"], CommandType='Text', CommandTimeout='30']"\n""SELECT a.\"Id\", a.\"AccessFailedCount\", a.\"ConcurrencyStamp\", a.\"Email\", a.\"EmailConfirmed\", a.\"LockoutEnabled\", a.\"LockoutEnd\", a.\"NormalizedEmail\", a.\"NormalizedUserName\", a.\"PasswordHash\", a.\"PhoneNumber\", a.\"PhoneNumberConfirmed\", a.\"SecurityStamp\", a.\"TwoFactorEnabled\", a.\"UserName\"\nFROM \"AspNetUsers\" AS a\nWHERE a.\"NormalizedUserName\" = @__normalizedUserName_0\nLIMIT 1"
22:04:32 [INF] Executed DbCommand ("1"ms) [Parameters=["@__normalizedEmail_0='UNCONFIRMEDUSER@EXAMPLE.COM'"], CommandType='Text', CommandTimeout='30']"\n""SELECT a.\"Id\", a.\"AccessFailedCount\", a.\"ConcurrencyStamp\", a.\"Email\", a.\"EmailConfirmed\", a.\"LockoutEnabled\", a.\"LockoutEnd\", a.\"NormalizedEmail\", a.\"NormalizedUserName\", a.\"PasswordHash\", a.\"PhoneNumber\", a.\"PhoneNumberConfirmed\", a.\"SecurityStamp\", a.\"TwoFactorEnabled\", a.\"UserName\"\nFROM \"AspNetUsers\" AS a\nWHERE a.\"NormalizedEmail\" = @__normalizedEmail_0\nLIMIT 2"
22:04:32 [INF] Executed DbCommand ("1"ms) [Parameters=["@__normalizedUserName_0='TEST@EXAMPLE.COM'"], CommandType='Text', CommandTimeout='30']"\n""SELECT a.\"Id\", a.\"AccessFailedCount\", a.\"ConcurrencyStamp\", a.\"Email\", a.\"EmailConfirmed\", a.\"LockoutEnabled\", a.\"LockoutEnd\", a.\"NormalizedEmail\", a.\"NormalizedUserName\", a.\"PasswordHash\", a.\"PhoneNumber\", a.\"PhoneNumberConfirmed\", a.\"SecurityStamp\", a.\"TwoFactorEnabled\", a.\"UserName\"\nFROM \"AspNetUsers\" AS a\nWHERE a.\"NormalizedUserName\" = @__normalizedUserName_0\nLIMIT 1"
22:04:32 [INF] Executed DbCommand ("1"ms) [Parameters=["@__normalizedEmail_0='TEST@EXAMPLE.COM'"], CommandType='Text', CommandTimeout='30']"\n""SELECT a.\"Id\", a.\"AccessFailedCount\", a.\"ConcurrencyStamp\", a.\"Email\", a.\"EmailConfirmed\", a.\"LockoutEnabled\", a.\"LockoutEnd\", a.\"NormalizedEmail\", a.\"NormalizedUserName\", a.\"PasswordHash\", a.\"PhoneNumber\", a.\"PhoneNumberConfirmed\", a.\"SecurityStamp\", a.\"TwoFactorEnabled\", a.\"UserName\"\nFROM \"AspNetUsers\" AS a\nWHERE a.\"NormalizedEmail\" = @__normalizedEmail_0\nLIMIT 2"
22:04:32 [INF] Executed DbCommand ("2"ms) [Parameters=["@__normalizedUserName_0='TEST@EXAMPLE.COM'"], CommandType='Text', CommandTimeout='30']"\n""SELECT a.\"Id\", a.\"AccessFailedCount\", a.\"ConcurrencyStamp\", a.\"Email\", a.\"EmailConfirmed\", a.\"LockoutEnabled\", a.\"LockoutEnd\", a.\"NormalizedEmail\", a.\"NormalizedUserName\", a.\"PasswordHash\", a.\"PhoneNumber\", a.\"PhoneNumberConfirmed\", a.\"SecurityStamp\", a.\"TwoFactorEnabled\", a.\"UserName\"\nFROM \"AspNetUsers\" AS a\nWHERE a.\"NormalizedUserName\" = @__normalizedUserName_0\nLIMIT 1"
[...]
22:04:33 [INF] AuthenticationScheme: "Identity.Bearer" signed in.
22:04:33 [INF] Executed endpoint '"HTTP: POST api/v{apiVersion:apiVersion}/login =&gt; HandleLoginAsync"'
22:04:33 [INF] Request finished "HTTP/1.1" "POST" "http"://"localhost""""/api/v1/login""" - 200 null "application/json; charset=utf-8; v=1" 130.5532ms
22:04:33 [INF] Request starting "HTTP/1.1" "GET" "http"://"localhost""""/api/v1/manage/info""" - null null
22:04:33 [INF] Executing endpoint '"HTTP: GET api/v{apiVersion:apiVersion}/manage/info =&gt; HandleGetInfoRequest"'
22:04:33 [INF] Executed endpoint '"HTTP: GET api/v{apiVersion:apiVersion}/manage/info =&gt; HandleGetInfoRequest"'
22:04:33 [INF] Request finished "HTTP/1.1" "GET" "http"://"localhost""""/api/v1/manage/info""" - 200 null "application/json; charset=utf-8; v=1" 5.7222ms
[testcontainers.org 00:00:04.97] Stop Docker container 64fb7658e104
22:04:33 [INF] Executed DbCommand ("2"ms) [Parameters=["@__normalizedUserName_0='UNCONFIRMEDUSER@EXAMPLE.COM'"], CommandType='Text', CommandTimeout='30']"\n""SELECT a.\"Id\", a.\"AccessFailedCount\", a.\"ConcurrencyStamp\", a.\"Email\", a.\"EmailConfirmed\", a.\"LockoutEnabled\", a.\"LockoutEnd\", a.\"NormalizedEmail\", a.\"NormalizedUserName\", a.\"PasswordHash\", a.\"PhoneNumber\", a.\"PhoneNumberConfirmed\", a.\"SecurityStamp\", a.\"TwoFactorEnabled\", a.\"UserName\"\nFROM \"AspNetUsers\" AS a\nWHERE a.\"NormalizedUserName\" = @__normalizedUserName_0\nLIMIT 1"
22:04:33 [INF] Executed DbCommand ("1"ms) [Parameters=["@__normalizedEmail_0='UNCONFIRMEDUSER@EXAMPLE.COM'"], CommandType='Text', CommandTimeout='30']"\n""SELECT a.\"Id\", a.\"AccessFailedCount\", a.\"ConcurrencyStamp\", a.\"Email\", a.\"EmailConfirmed\", a.\"LockoutEnabled\", a.\"LockoutEnd\", a.\"NormalizedEmail\", a.\"NormalizedUserName\", a.\"PasswordHash\", a.\"PhoneNumber\", a.\"PhoneNumberConfirmed\", a.\"SecurityStamp\", a.\"TwoFactorEnabled\", a.\"UserName\"\nFROM \"AspNetUsers\" AS a\nWHERE a.\"NormalizedEmail\" = @__normalizedEmail_0\nLIMIT 2"
22:04:33 [INF] Executed DbCommand ("1"ms) [Parameters=["@p0='f86b70d0-ec70-4b4f-a490-d8f84f7234a4' (Nullable = false), @p1='0', @p2='76a05e2c-f0a9-4830-8918-923c67663c02', @p3='unconfirmeduser@example.com', @p4='False', @p5='True', @p6=NULL (DbType = DateTimeOffset), @p7='UNCONFIRMEDUSER@EXAMPLE.COM', @p8='UNCONFIRMEDUSER@EXAMPLE.COM', @p9='AQAAAAIAAYagAAAAEN9zR3/HLRSKXik3I83aHZMp46lSq6NuCCoRVzLIzmQIyGDQn+b0+R/YSHMb5bkE3w==', @p10=NULL, @p11='False', @p12='ZDRGG735XJEC4WSJKEHYJUEHFNGGZC5M', @p13='False', @p14='unconfirmeduser@example.com'"], CommandType='Text', CommandTimeout='30']"\n""INSERT INTO \"AspNetUsers\" (\"Id\", \"AccessFailedCount\", \"ConcurrencyStamp\", \"Email\", \"EmailConfirmed\", \"LockoutEnabled\", \"LockoutEnd\", \"NormalizedEmail\", \"NormalizedUserName\", \"PasswordHash\", \"PhoneNumber\", \"PhoneNumberConfirmed\", \"SecurityStamp\", \"TwoFactorEnabled\", \"UserName\")\nVALUES (@p0, @p1, @p2, @p3, @p4, @p5, @p6, @p7, @p8, @p9, @p10, @p11, @p12, @p13, @p14);"
22:04:33 [INF] Executed DbCommand ("1"ms) [Parameters=["@__normalizedEmail_0='UNCONFIRMEDUSER@EXAMPLE.COM'"], CommandType='Text', CommandTimeout='30']"\n""SELECT a.\"Id\", a.\"AccessFailedCount\", a.\"ConcurrencyStamp\", a.\"Email\", a.\"EmailConfirmed\", a.\"LockoutEnabled\", a.\"LockoutEnd\", a.\"NormalizedEmail\", a.\"NormalizedUserName\", a.\"PasswordHash\", a.\"PhoneNumber\", a.\"PhoneNumberConfirmed\", a.\"SecurityStamp\", a.\"TwoFactorEnabled\", a.\"UserName\"\nFROM \"AspNetUsers\" AS a\nWHERE a.\"NormalizedEmail\" = @__normalizedEmail_0\nLIMIT 2"
22:04:33 [INF] Request starting "HTTP/1.1" "POST" "http"://"localhost""""/api/v1/resetpassword""" - "application/json; charset=utf-8" 406
22:04:33 [INF] Executing endpoint '"HTTP: POST api/v{apiVersion:apiVersion}/resetPassword =&gt; ResetPasswordHandler"'
22:04:33 [INF] Executed endpoint '"HTTP: POST api/v{apiVersion:apiVersion}/resetPassword =&gt; ResetPasswordHandler"'
22:04:33 [INF] Request finished "HTTP/1.1" "POST" "http"://"localhost""""/api/v1/resetpassword""" - 400 null "application/problem+json; v=1" 3.6584ms
22:04:33 [INF] Executed DbCommand ("1"ms) [Parameters=["@__normalizedUserName_0='TEST@EXAMPLE.COM'"], CommandType='Text', CommandTimeout='30']"\n""SELECT a.\"Id\", a.\"AccessFailedCount\", a.\"ConcurrencyStamp\", a.\"Email\", a.\"EmailConfirmed\", a.\"LockoutEnabled\", a.\"LockoutEnd\", a.\"NormalizedEmail\", a.\"NormalizedUserName\", a.\"PasswordHash\", a.\"PhoneNumber\", a.\"PhoneNumberConfirmed\", a.\"SecurityStamp\", a.\"TwoFactorEnabled\", a.\"UserName\"\nFROM \"AspNetUsers\" AS a\nWHERE a.\"NormalizedUserName\" = @__normalizedUserName_0\nLIMIT 1"
22:04:33 [INF] Executed DbCommand ("1"ms) [Parameters=["@__normalizedEmail_0='TEST@EXAMPLE.COM'"], CommandType='Text', CommandTimeout='30']"\n""SELECT a.\"Id\", a.\"AccessFailedCount\", a.\"ConcurrencyStamp\", a.\"Email\", a.\"EmailConfirmed\", a.\"LockoutEnabled\", a.\"LockoutEnd\", a.\"NormalizedEmail\", a.\"NormalizedUserName\", a.\"PasswordHash\", a.\"PhoneNumber\", a.\"PhoneNumberConfirmed\", a.\"SecurityStamp\", a.\"TwoFactorEnabled\", a.\"UserName\"\nFROM \"AspNetUsers\" AS a\nWHERE a.\"NormalizedEmail\" = @__normalizedEmail_0\nLIMIT 2"
22:04:33 [INF] Executed DbCommand ("1"ms) [Parameters=["@p0='f4e5cebc-c061-4468-9c14-3dd99f6e8d09' (Nullable = false), @p1='0', @p2='2eec5c8a-7e00-42eb-a8c8-8c370f582c8b', @p3='test@example.com', @p4='True', @p5='True', @p6=NULL (DbType = DateTimeOffset), @p7='TEST@EXAMPLE.COM', @p8='TEST@EXAMPLE.COM', @p9='AQAAAAIAAYagAAAAEGgKxDx+gnY0UL6a7UZRnVNiRZ+afpV5I8ptH/fuDFR9dBf6VmClxXAF8s3vfDb7dw==', @p10=NULL, @p11='False', @p12='BXNBXD2TTFN7YPP3LUWMFX2W7JM5ERAD', @p13='False', @p14='test@example.com'"], CommandType='Text', CommandTimeout='30']"\n""INSERT INTO \"AspNetUsers\" (\"Id\", \"AccessFailedCount\", \"ConcurrencyStamp\", \"Email\", \"EmailConfirmed\", \"LockoutEnabled\", \"LockoutEnd\", \"NormalizedEmail\", \"NormalizedUserName\", \"PasswordHash\", \"PhoneNumber\", \"PhoneNumberConfirmed\", \"SecurityStamp\", \"TwoFactorEnabled\", \"UserName\")\nVALUES (@p0, @p1, @p2, @p3, @p4, @p5, @p6, @p7, @p8, @p9, @p10, @p11, @p12, @p13, @p14);"
22:04:33 [INF] Executed DbCommand ("1"ms) [Parameters=["@__normalizedUserName_0='TEST@EXAMPLE.COM'"], CommandType='Text', CommandTimeout='30']"\n""SELECT a.\"Id\", a.\"AccessFailedCount\", a.\"ConcurrencyStamp\", a.\"Email\", a.\"EmailConfirmed\", a.\"LockoutEnabled\", a.\"LockoutEnd\", a.\"NormalizedEmail\", a.\"NormalizedUserName\", a.\"PasswordHash\", a.\"PhoneNumber\", a.\"PhoneNumberConfirmed\", a.\"SecurityStamp\", a.\"TwoFactorEnabled\", a.\"UserName\"\nFROM \"AspNetUsers\" AS a\nWHERE a.\"NormalizedUserName\" = @__normalizedUserName_0\nLIMIT 1"
22:04:33 [INF] Executed DbCommand ("1"ms) [Parameters=["@__normalizedEmail_0='TEST@EXAMPLE.COM'"], CommandType='Text', CommandTimeout='30']"\n""SELECT a.\"Id\", a.\"AccessFailedCount\", a.\"ConcurrencyStamp\", a.\"Email\", a.\"EmailConfirmed\", a.\"LockoutEnabled\", a.\"LockoutEnd\", a.\"NormalizedEmail\", a.\"NormalizedUserName\", a.\"PasswordHash\", a.\"PhoneNumber\", a.\"PhoneNumberConfirmed\", a.\"SecurityStamp\", a.\"TwoFactorEnabled\", a.\"UserName\"\nFROM \"AspNetUsers\" AS a\nWHERE a.\"NormalizedEmail\" = @__normalizedEmail_0\nLIMIT 2"
22:04:33 [INF] Executed DbCommand ("1"ms) [Parameters=["@p14='f4e5cebc-c061-4468-9c14-3dd99f6e8d09' (Nullable = false), @p0='0', @p1='5b7336f4-2237-4972-8e0a-500de22d04b3', @p15='2eec5c8a-7e00-42eb-a8c8-8c370f582c8b', @p2='test@example.com', @p3='True', @p4='True', @p5=NULL (DbType = DateTimeOffset), @p6='TEST@EXAMPLE.COM', @p7='TEST@EXAMPLE.COM', @p8='AQAAAAIAAYagAAAAEGgKxDx+gnY0UL6a7UZRnVNiRZ+afpV5I8ptH/fuDFR9dBf6VmClxXAF8s3vfDb7dw==', @p9=NULL, @p10='False', @p11='BXNBXD2TTFN7YPP3LUWMFX2W7JM5ERAD', @p12='False', @p13='test@example.com'"], CommandType='Text', CommandTimeout='30']"\n""UPDATE \"AspNetUsers\" SET \"AccessFailedCount\" = @p0, \"ConcurrencyStamp\" = @p1, \"Email\" = @p2, \"EmailConfirmed\" = @p3, \"LockoutEnabled\" = @p4, \"LockoutEnd\" = @p5, \"NormalizedEmail\" = @p6, \"NormalizedUserName\" = @p7, \"PasswordHash\" = @p8, \"PhoneNumber\" = @p9, \"PhoneNumberConfirmed\" = @p10, \"SecurityStamp\" = @p11, \"TwoFactorEnabled\" = @p12, \"UserName\" = @p13\nWHERE \"Id\" = @p14 AND \"ConcurrencyStamp\" = @p15;"
22:04:33 [INF] Executed DbCommand ("1"ms) [Parameters=["@__normalizedUserName_0='TEST@EXAMPLE.COM'"], CommandType='Text', CommandTimeout='30']"\n""SELECT a.\"Id\", a.\"AccessFailedCount\", a.\"ConcurrencyStamp\", a.\"Email\", a.\"EmailConfirmed\", a.\"LockoutEnabled\", a.\"LockoutEnd\", a.\"NormalizedEmail\", a.\"NormalizedUserName\", a.\"PasswordHash\", a.\"PhoneNumber\", a.\"PhoneNumberConfirmed\", a.\"SecurityStamp\", a.\"TwoFactorEnabled\", a.\"UserName\"\nFROM \"AspNetUsers\" AS a\nWHERE a.\"NormalizedUserName\" = @__normalizedUserName_0\nLIMIT 1"
22:04:33 [INF] Executed DbCommand ("1"ms) [Parameters=["@__normalizedUserName_0='TEST@EXAMPLE.COM'"], CommandType='Text', CommandTimeout='30']"\n""SELECT a.\"Id\", a.\"AccessFailedCount\", a.\"ConcurrencyStamp\", a.\"Email\", a.\"EmailConfirmed\", a.\"LockoutEnabled\", a.\"LockoutEnd\", a.\"NormalizedEmail\", a.\"NormalizedUserName\", a.\"PasswordHash\", a.\"PhoneNumber\", a.\"PhoneNumberConfirmed\", a.\"SecurityStamp\", a.\"TwoFactorEnabled\", a.\"UserName\"\nFROM \"AspNetUsers\" AS a\nWHERE a.\"NormalizedUserName\" = @__normalizedUserName_0\nLIMIT 1"
22:04:33 [INF] Executed DbCommand ("1"ms) [Parameters=["@__normalizedEmail_0='TEST@EXAMPLE.COM'"], CommandType='Text', CommandTimeout='30']"\n""SELECT a.\"Id\", a.\"AccessFailedCount\", a.\"ConcurrencyStamp\", a.\"Email\", a.\"EmailConfirmed\", a.\"LockoutEnabled\", a.\"LockoutEnd\", a.\"NormalizedEmail\", a.\"NormalizedUserName\", a.\"PasswordHash\", a.\"PhoneNumber\", a.\"PhoneNumberConfirmed\", a.\"SecurityStamp\", a.\"TwoFactorEnabled\", a.\"UserName\"\nFROM \"AspNetUsers\" AS a\nWHERE a.\"NormalizedEmail\" = @__normalizedEmail_0\nLIMIT 2"
22:04:33 [INF] Executed DbCommand ("1"ms) [Parameters=["@__normalizedEmail_0='TEST@EXAMPLE.COM'"], CommandType='Text', CommandTimeout='30']"\n""SELECT a.\"Id\", a.\"AccessFailedCount\", a.\"ConcurrencyStamp\", a.\"Email\", a.\"EmailConfirmed\", a.\"LockoutEnabled\", a.\"LockoutEnd\", a.\"NormalizedEmail\", a.\"NormalizedUserName\", a.\"PasswordHash\", a.\"PhoneNumber\", a.\"PhoneNumberConfirmed\", a.\"SecurityStamp\", a.\"TwoFactorEnabled\", a.\"UserName\"\nFROM \"AspNetUsers\" AS a\nWHERE a.\"NormalizedEmail\" = @__normalizedEmail_0\nLIMIT 2"
22:04:33 [INF] Executed DbCommand ("1"ms) [Parameters=["@p14='f4e5cebc-c061-4468-9c14-3dd99f6e8d09' (Nullable = false), @p0='0', @p1='47f3c097-8f7f-4941-91ca-49693ce19a9d', @p15='5b7336f4-2237-4972-8e0a-500de22d04b3', @p2='test@example.com', @p3='True', @p4='True', @p5='2024-11-23T22:04:33.0672110+00:00' (Nullable = true), @p6='TEST@EXAMPLE.COM', @p7='TEST@EXAMPLE.COM', @p8='AQAAAAIAAYagAAAAEGgKxDx+gnY0UL6a7UZRnVNiRZ+afpV5I8ptH/fuDFR9dBf6VmClxXAF8s3vfDb7dw==', @p9=NULL, @p10='False', @p11='BXNBXD2TTFN7YPP3LUWMFX2W7JM5ERAD', @p12='False', @p13='test@example.com'"], CommandType='Text', CommandTimeout='30']"\n""UPDATE \"AspNetUsers\" SET \"AccessFailedCount\" = @p0, \"ConcurrencyStamp\" = @p1, \"Email\" = @p2, \"EmailConfirmed\" = @p3, \"LockoutEnabled\" = @p4, \"LockoutEnd\" = @p5, \"NormalizedEmail\" = @p6, \"NormalizedUserName\" = @p7, \"PasswordHash\" = @p8, \"PhoneNumber\" = @p9, \"PhoneNumberConfirmed\" = @p10, \"SecurityStamp\" = @p11, \"TwoFactorEnabled\" = @p12, \"UserName\" = @p13\nWHERE \"Id\" = @p14 AND \"ConcurrencyStamp\" = @p15;"
22:04:33 [INF] Executed DbCommand ("1"ms) [Parameters=["@p0='3740374b-e782-44d7-bade-9bdba4cb8225' (Nullable = false), @p1='0', @p2='1cba4e17-7750-41a3-91e4-db89bd13dcef', @p3='test@example.com', @p4='True', @p5='True', @p6=NULL (DbType = DateTimeOffset), @p7='TEST@EXAMPLE.COM', @p8='TEST@EXAMPLE.COM', @p9='AQAAAAIAAYagAAAAEG8eDqJQwjyTQKKrwOgbFnZAmmqxZ22sbOVp7e5ctucRCsoiZrKL0t9t8O8GkybjqQ==', @p10=NULL, @p11='False', @p12='UGWE23JG7H33MYEUILRTQS2OXJQ5YVMP', @p13='False', @p14='test@example.com'"], CommandType='Text', CommandTimeout='30']"\n""INSERT INTO \"AspNetUsers\" (\"Id\", \"AccessFailedCount\", \"ConcurrencyStamp\", \"Email\", \"EmailConfirmed\", \"LockoutEnabled\", \"LockoutEnd\", \"NormalizedEmail\", \"NormalizedUserName\", \"PasswordHash\", \"PhoneNumber\", \"PhoneNumberConfirmed\", \"SecurityStamp\", \"TwoFactorEnabled\", \"UserName\")\nVALUES (@p0, @p1, @p2, @p3, @p4, @p5, @p6, @p7, @p8, @p9, @p10, @p11, @p12, @p13, @p14);"
22:04:33 [INF] Request starting "HTTP/1.1" "POST" "http"://"localhost""""/api/v1/register""" - "application/json; charset=utf-8" 59
22:04:33 [INF] Request starting "HTTP/1.1" "POST" "http"://"localhost""""/api/v1/login""" - "application/json; charset=utf-8" 104
22:04:33 [INF] Executing endpoint '"HTTP: POST api/v{apiVersion:apiVersion}/register =&gt; RegisterHandler"'
22:04:33 [INF] Executing endpoint '"HTTP: POST api/v{apiVersion:apiVersion}/login =&gt; HandleLoginAsync"'
22:04:33 [INF] Request starting "HTTP/1.1" "GET" "http"://"localhost""""/api/v1/confirmEmail""?userId=bc0bc572-b36e-4ef8-a7e5-03d1216e9309&amp;code=Q2ZESjhKcEdwWHBQTVF4SHJFRS81eWs0ODdnbnZJVkJXRytpTFBBOHVLRkl5Y01Ddm91N2I4U2JPNFgrcDRVUUVIN0Y5Y3ZYeDlVRDlGWU9pWkJLTEJCT1pCbjZycjFNVGI3RHZsK2NDazhDRGkxQXVrWTF6VlNiVm1rS2l3VG1DRVdrcnBoMlppQmlNU2xGMzdyeE1xUmJkc1VwQlprS2R3Q0VPTHd5bFVSUmlud3QwRWJFL0gvcjJKUWUvNUE3MHpINGZNTzdtc2I4K1A0WDJ5aTBEL1VicTl2a2R1WVErdVg2OFZJMll5c3NRMFZOVzBBUlRCbnBDcUtRaXdrdWw0Mkp5QT09" - null null
22:04:33 [INF] Executing endpoint '"HTTP: GET api/v{apiVersion:apiVersion}/confirmEmail =&gt; HandleConfirmEmailRequest"'
22:04:33 [INF] Executed endpoint '"HTTP: GET api/v{apiVersion:apiVersion}/confirmEmail =&gt; HandleConfirmEmailRequest"'
22:04:33 [INF] Request finished "HTTP/1.1" "GET" "http"://"localhost""""/api/v1/confirmEmail""?userId=bc0bc572-b36e-4ef8-a7e5-03d1216e9309&amp;code=Q2ZESjhKcEdwWHBQTVF4SHJFRS81eWs0ODdnbnZJVkJXRytpTFBBOHVLRkl5Y01Ddm91N2I4U2JPNFgrcDRVUUVIN0Y5Y3ZYeDlVRDlGWU9pWkJLTEJCT1pCbjZycjFNVGI3RHZsK2NDazhDRGkxQXVrWTF6VlNiVm1rS2l3VG1DRVdrcnBoMlppQmlNU2xGMzdyeE1xUmJkc1VwQlprS2R3Q0VPTHd5bFVSUmlud3QwRWJFL0gvcjJKUWUvNUE3MHpINGZNTzdtc2I4K1A0WDJ5aTBEL1VicTl2a2R1WVErdVg2OFZJMll5c3NRMFZOVzBBUlRCbnBDcUtRaXdrdWw0Mkp5QT09" - 200 36 "text/plain; charset=utf-8; v=1" 5.5467ms
22:04:33 [INF] Request starting "HTTP/1.1" "POST" "http"://"localhost""""/api/v1/resetpassword""" - "application/json; charset=utf-8" 404
[testcontainers.org 00:00:05.03] Stop Docker container 9120481c18af
22:04:33 [INF] Executing endpoint '"HTTP: POST api/v{apiVersion:apiVersion}/resetPassword =&gt; ResetPasswordHandler"'
22:04:33 [INF] Executed endpoint '"HTTP: POST api/v{apiVersion:apiVersion}/register =&gt; RegisterHandler"'
22:04:33 [INF] Request finished "HTTP/1.1" "POST" "http"://"localhost""""/api/v1/register""" - 400 null "application/problem+json; v=1" 50.0957ms
22:04:33 [INF] Request starting "HTTP/1.1" "POST" "http"://"localhost""""/api/v1/register""" - "application/json; charset=utf-8" 53
22:04:33 [INF] Executed endpoint '"HTTP: POST api/v{apiVersion:apiVersion}/login =&gt; HandleLoginAsync"'
22:04:33 [INF] Request finished "HTTP/1.1" "POST" "http"://"localhost""""/api/v1/login""" - 200 null "application/json; charset=utf-8; v=1" 51.3085ms
22:04:33 [INF] Executing endpoint '"HTTP: POST api/v{apiVersion:apiVersion}/register =&gt; RegisterHandler"'
22:04:33 [INF] Executed endpoint '"HTTP: POST api/v{apiVersion:apiVersion}/register =&gt; RegisterHandler"'
22:04:33 [INF] Request finished "HTTP/1.1" "POST" "http"://"localhost""""/api/v1/register""" - 400 null "application/problem+json; v=1" 0.7275ms
22:04:33 [INF] Request starting "HTTP/1.1" "POST" "http"://"localhost""""/api/v1/login""" - "application/json; charset=utf-8" 111
22:04:33 [INF] Executing endpoint '"HTTP: POST api/v{apiVersion:apiVersion}/login =&gt; HandleLoginAsync"'
22:04:33 [INF] Request starting "HTTP/1.1" "POST" "http"://"localhost""""/api/v1/register""" - "application/json; charset=utf-8" 51
22:04:33 [INF] Executing endpoint '"HTTP: POST api/v{apiVersion:apiVersion}/register =&gt; RegisterHandler"'
22:04:33 [INF] Executed endpoint '"HTTP: POST api/v{apiVersion:apiVersion}/register =&gt; RegisterHandler"'
22:04:33 [INF] Executed endpoint '"HTTP: POST api/v{apiVersion:apiVersion}/login =&gt; HandleLoginAsync"'
22:04:33 [INF] Request finished "HTTP/1.1" "POST" "http"://"localhost""""/api/v1/register""" - 400 null "application/problem+json; v=1" 1.3072ms
22:04:33 [INF] Request finished "HTTP/1.1" "POST" "http"://"localhost""""/api/v1/login""" - 401 null "application/problem+json; v=1" 2.7108ms
22:04:33 [INF] Request starting "HTTP/1.1" "POST" "http"://"localhost""""/api/v1/register""" - "application/json; charset=utf-8" 56
22:04:33 [INF] Executing endpoint '"HTTP: POST api/v{apiVersion:apiVersion}/register =&gt; RegisterHandler"'
[testcontainers.org 00:00:05.06] Stop Docker container b74c975186b0
22:04:33 [INF] Executed endpoint '"HTTP: POST api/v{apiVersion:apiVersion}/register =&gt; RegisterHandler"'
22:04:33 [INF] Request finished "HTTP/1.1" "POST" "http"://"localhost""""/api/v1/register""" - 400 null "application/problem+json; v=1" 0.9212ms
[testcontainers.org 00:00:05.06] Stop Docker container 926b35cd3ebd
22:04:33 [INF] Executed endpoint '"HTTP: POST api/v{apiVersion:apiVersion}/resetPassword =&gt; ResetPasswordHandler"'
22:04:33 [INF] Request finished "HTTP/1.1" "POST" "http"://"localhost""""/api/v1/resetpassword""" - 200 null null 59.227ms
22:04:33 [INF] Request starting "HTTP/1.1" "POST" "http"://"localhost""""/api/v1/login""" - "application/json; charset=utf-8" 116
22:04:33 [INF] Executing endpoint '"HTTP: POST api/v{apiVersion:apiVersion}/login =&gt; HandleLoginAsync"'
22:04:33 [INF] Executed endpoint '"HTTP: POST api/v{apiVersion:apiVersion}/login =&gt; HandleLoginAsync"'
22:04:33 [INF] Request finished "HTTP/1.1" "POST" "http"://"localhost""""/api/v1/login""" - 200 null "application/json; charset=utf-8; v=1" 43.9579ms
22:04:33 [INF] Request starting "HTTP/1.1" "POST" "http"://"localhost""""/api/v1/resetpassword""" - "application/json; charset=utf-8" 404
22:04:33 [INF] Executing endpoint '"HTTP: POST api/v{apiVersion:apiVersion}/resetPassword =&gt; ResetPasswordHandler"'
22:04:33 [INF] Executed endpoint '"HTTP: POST api/v{apiVersion:apiVersion}/resetPassword =&gt; ResetPasswordHandler"'
22:04:33 [INF] Request finished "HTTP/1.1" "POST" "http"://"localhost""""/api/v1/resetpassword""" - 200 null null 49.1509ms
22:04:33 [INF] Request starting "HTTP/1.1" "POST" "http"://"localhost""""/api/v1/resetpassword""" - "application/json; charset=utf-8" 99
22:04:33 [INF] Executing endpoint '"HTTP: POST api/v{apiVersion:apiVersion}/resetPassword =&gt; ResetPasswordHandler"'
22:04:33 [INF] Executed endpoint '"HTTP: POST api/v{apiVersion:apiVersion}/resetPassword =&gt; ResetPasswordHandler"'
22:04:33 [INF] Request finished "HTTP/1.1" "POST" "http"://"localhost""""/api/v1/resetpassword""" - 400 null "application/problem+json; v=1" 1.4509ms
22:04:33 [INF] Request starting "HTTP/1.1" "POST" "http"://"localhost""""/api/v1/resetpassword""" - "application/json; charset=utf-8" 406
22:04:33 [INF] Executing endpoint '"HTTP: POST api/v{apiVersion:apiVersion}/resetPassword =&gt; ResetPasswordHandler"'
22:04:33 [INF] Executed endpoint '"HTTP: POST api/v{apiVersion:apiVersion}/resetPassword =&gt; ResetPasswordHandler"'
22:04:33 [INF] Request finished "HTTP/1.1" "POST" "http"://"localhost""""/api/v1/resetpassword""" - 400 null "application/problem+json; v=1" 2.0752ms
[testcontainers.org 00:00:05.29] Stop Docker container 48c885af4163
[xUnit.net 00:00:05.55]   Finished:    Identity.IntegrationTests
</StdOut>
    </Output>
  </ResultSummary>
</TestRun>